2024-10-19T15:42:42.369+08:00	[31;1m error [0;22m	context deadline exceeded	caller=zrpc/server.go:88
2024-10-19T15:58:54.910+08:00	[31;1m error [0;22m	context deadline exceeded	caller=zrpc/server.go:88
2024-10-19T16:00:51.382+08:00	[31;1m error [0;22m	context deadline exceeded	caller=zrpc/server.go:88
2024-10-19T16:07:41.302+08:00	[31;1m error [0;22m	find problem fail, err : dial tcp: lookup localhost: i/o timeout	caller=logic/addproblemlogic.go:36
2024-10-19T16:13:11.915+08:00	[31;1m error [0;22m	stmt: insert into `problem` (`author`,`addtime`,`oj`,`title`,`des`,`input`,`output`,`sinput`,`soutput`,`source`,`time`,`memory`,`hint`,`auth`,`level`,`problem_code`) values ('orician', '2024-10-19 16:13:11.9112978 +0800 CST m=+712.753482201', '', 'A+B Problem', 'a test for create a problem', '1 2', '3', '', '', '', 5, 64, '', 1, 1, 'P0003'), error: Error 1062 (23000): Duplicate entry 'P0003' for key 'problem.problem_code'	span=53808eb883e10cbc	caller=sqlx/utils.go:147	trace=1ad2d25e691f7eae920d1f211067ffc3
2024-10-19T16:13:11.915+08:00	[31;1m error [0;22m	runtime error: invalid memory address or nil pointer dereference

goroutine 257 [running]:
runtime/debug.Stack()
	C:/Users/欧懿贤/sdk/go1.22rc2/src/runtime/debug/stack.go:24 +0x5e
github.com/zeromicro/go-zero/zrpc.setupInterceptors.UnaryTimeoutInterceptor.func3.1.1()
	C:/Users/欧懿贤/go/src/pkg/mod/github.com/zeromicro/go-zero@v1.7.0/zrpc/internal/serverinterceptors/timeoutinterceptor.go:47 +0x45
panic({0x1ff0fc0?, 0x36e7850?})
	C:/Users/欧懿贤/sdk/go1.22rc2/src/runtime/panic.go:770 +0x132
oj-micro/problems/cmd/rpc/internal/logic.(*AddProblemLogic).AddProblem(0xc0006ebe18, 0xc0000fa240)
	D:/dev/workspace/云原生/Go项目/PGOJ-backend/problems/cmd/rpc/internal/logic/addproblemlogic.go:60 +0x378
oj-micro/problems/cmd/rpc/internal/server.(*ProblemServiceServer).AddProblem(0x36eaad0?, {0x2617430, 0xc0000298b0}, 0xc0000fa240)
	D:/dev/workspace/云原生/Go项目/PGOJ-backend/problems/cmd/rpc/internal/server/problemserviceserver.go:27 +0xa5
oj-micro/problems/cmd/rpc/pb._ProblemService_AddProblem_Handler.func1({0x2617430?, 0xc0000298b0?}, {0x227f5a0?, 0xc0000fa240?})
	D:/dev/workspace/云原生/Go项目/PGOJ-backend/problems/cmd/rpc/pb/problem_grpc.pb.go:419 +0xcb
main.main.ServerErrorInterceptor.func2({0x2617430?, 0xc0000298b0?}, {0x227f5a0?, 0xc0000fa240?}, 0xc000500008?, 0xc000317300?)
	D:/dev/workspace/云原生/Go项目/PGOJ-backend/common/interceptors/servererrorinterceptor.go:12 +0x2a
google.golang.org/grpc.getChainUnaryHandler.func1({0x2617430, 0xc0000298b0}, {0x227f5a0, 0xc0000fa240})
	C:/Users/欧懿贤/go/src/pkg/mod/google.golang.org/grpc@v1.65.0/server.go:1196 +0xb2
github.com/zeromicro/go-zero/zrpc.setupInterceptors.UnaryTimeoutInterceptor.func3.1()
	C:/Users/欧懿贤/go/src/pkg/mod/github.com/zeromicro/go-zero@v1.7.0/zrpc/internal/serverinterceptors/timeoutinterceptor.go:53 +0x103
created by github.com/zeromicro/go-zero/zrpc.setupInterceptors.UnaryTimeoutInterceptor.func3 in goroutine 237
	C:/Users/欧懿贤/go/src/pkg/mod/github.com/zeromicro/go-zero@v1.7.0/zrpc/internal/serverinterceptors/timeoutinterceptor.go:43 +0x225

goroutine 237 [running]:
runtime/debug.Stack()
	C:/Users/欧懿贤/sdk/go1.22rc2/src/runtime/debug/stack.go:24 +0x5e
github.com/zeromicro/go-zero/zrpc/internal/serverinterceptors.toPanicError({0x1ec57c0, 0xc000606b60})
	C:/Users/欧懿贤/go/src/pkg/mod/github.com/zeromicro/go-zero@v1.7.0/zrpc/internal/serverinterceptors/recoverinterceptor.go:40 +0x25
github.com/zeromicro/go-zero/zrpc/internal/serverinterceptors.UnaryRecoverInterceptor.func1({0x1ec57c0?, 0xc000606b60?})
	C:/Users/欧懿贤/go/src/pkg/mod/github.com/zeromicro/go-zero@v1.7.0/zrpc/internal/serverinterceptors/recoverinterceptor.go:27 +0x26
github.com/zeromicro/go-zero/zrpc/internal/serverinterceptors.handleCrash(0xc0002b35f8)
	C:/Users/欧懿贤/go/src/pkg/mod/github.com/zeromicro/go-zero@v1.7.0/zrpc/internal/serverinterceptors/recoverinterceptor.go:35 +0x34
panic({0x1ec57c0?, 0xc000606b60?})
	C:/Users/欧懿贤/sdk/go1.22rc2/src/runtime/panic.go:770 +0x132
github.com/zeromicro/go-zero/zrpc.setupInterceptors.UnaryTimeoutInterceptor.func3({0x26173f8, 0xc000163b60}, {0x227f5a0, 0xc0000fa240}, 0xc0002fc0c0?, 0xc000317740)
	C:/Users/欧懿贤/go/src/pkg/mod/github.com/zeromicro/go-zero@v1.7.0/zrpc/internal/serverinterceptors/timeoutinterceptor.go:59 +0x47e
google.golang.org/grpc.getChainUnaryHandler.func1({0x26173f8, 0xc000163b60}, {0x227f5a0, 0xc0000fa240})
	C:/Users/欧懿贤/go/src/pkg/mod/google.golang.org/grpc@v1.65.0/server.go:1196 +0xb2
github.com/zeromicro/go-zero/zrpc.setupInterceptors.UnarySheddingInterceptor.func2({0x26173f8, 0xc000163b60}, {0x227f5a0, 0xc0000fa240}, 0xc0002fc0c0?, 0xc000317700)
	C:/Users/欧懿贤/go/src/pkg/mod/github.com/zeromicro/go-zero@v1.7.0/zrpc/internal/serverinterceptors/sheddinginterceptor.go:47 +0x173
google.golang.org/grpc.getChainUnaryHandler.func1({0x26173f8, 0xc000163b60}, {0x227f5a0, 0xc0000fa240})
	C:/Users/欧懿贤/go/src/pkg/mod/google.golang.org/grpc@v1.65.0/server.go:1196 +0xb2
github.com/zeromicro/go-zero/zrpc/internal/serverinterceptors.UnaryBreakerInterceptor.func1()
	C:/Users/欧懿贤/go/src/pkg/mod/github.com/zeromicro/go-zero@v1.7.0/zrpc/internal/serverinterceptors/breakerinterceptor.go:32 +0x34
github.com/zeromicro/go-zero/core/breaker.(*googleBreaker).doReq(0xc0000968e0, 0xc000317680, 0x0, 0xc0003176c0)
	C:/Users/欧懿贤/go/src/pkg/mod/github.com/zeromicro/go-zero@v1.7.0/core/breaker/googlebreaker.go:113 +0x111
github.com/zeromicro/go-zero/core/breaker.loggedThrottle.doReq({{0x2349fbb, 0x23}, {0x25ff8a8, 0xc0000968e0}, 0xc0000da9a0}, 0xc000317680, 0x0, 0x2429e50)
	C:/Users/欧懿贤/go/src/pkg/mod/github.com/zeromicro/go-zero@v1.7.0/core/breaker/breaker.go:236 +0xd8
github.com/zeromicro/go-zero/core/breaker.(*circuitBreaker).DoWithAcceptable(...)
	C:/Users/欧懿贤/go/src/pkg/mod/github.com/zeromicro/go-zero@v1.7.0/core/breaker/breaker.go:156
github.com/zeromicro/go-zero/core/breaker.(*circuitBreaker).DoWithAcceptableCtx(0xc0000968a0, {0x26173f8, 0xc000163b60}, 0xc000317680, 0x2429e50)
	C:/Users/欧懿贤/go/src/pkg/mod/github.com/zeromicro/go-zero@v1.7.0/core/breaker/breaker.go:165 +0x73
github.com/zeromicro/go-zero/zrpc/internal/serverinterceptors.UnaryBreakerInterceptor.DoWithAcceptableCtx.func2({0x2622610?, 0xc0000968a0?})
	C:/Users/欧懿贤/go/src/pkg/mod/github.com/zeromicro/go-zero@v1.7.0/core/breaker/breakers.go:38 +0x34
github.com/zeromicro/go-zero/core/breaker.do({0x2349fbb?, 0xc000317640?}, 0xc0002b32b0)
	C:/Users/欧懿贤/go/src/pkg/mod/github.com/zeromicro/go-zero@v1.7.0/core/breaker/breakers.go:100 +0x27
github.com/zeromicro/go-zero/core/breaker.DoWithAcceptableCtx(...)
	C:/Users/欧懿贤/go/src/pkg/mod/github.com/zeromicro/go-zero@v1.7.0/core/breaker/breakers.go:37
github.com/zeromicro/go-zero/zrpc/internal/serverinterceptors.UnaryBreakerInterceptor({0x26173f8, 0xc000163b60}, {0x227f5a0, 0xc0000fa240}, 0xc0002fc0c0, 0xc000317640)
	C:/Users/欧懿贤/go/src/pkg/mod/github.com/zeromicro/go-zero@v1.7.0/zrpc/internal/serverinterceptors/breakerinterceptor.go:30 +0x13d
google.golang.org/grpc.getChainUnaryHandler.func1({0x26173f8, 0xc000163b60}, {0x227f5a0, 0xc0000fa240})
	C:/Users/欧懿贤/go/src/pkg/mod/google.golang.org/grpc@v1.65.0/server.go:1196 +0xb2
github.com/zeromicro/go-zero/zrpc/internal/serverinterceptors.UnaryPrometheusInterceptor({0x26173f8, 0xc000163b60}, {0x227f5a0, 0xc0000fa240}, 0xc0002fc0c0, 0xc000317580)
	C:/Users/欧懿贤/go/src/pkg/mod/github.com/zeromicro/go-zero@v1.7.0/zrpc/internal/serverinterceptors/prometheusinterceptor.go:38 +0x98
google.golang.org/grpc.getChainUnaryHandler.func1({0x26173f8, 0xc000163b60}, {0x227f5a0, 0xc0000fa240})
	C:/Users/欧懿贤/go/src/pkg/mod/google.golang.org/grpc@v1.65.0/server.go:1196 +0xb2
github.com/zeromicro/go-zero/zrpc/internal/serverinterceptors.UnaryStatInterceptor.func1({0x26173f8, 0xc000163b60}, {0x227f5a0, 0xc0000fa240}, 0xc0002fc0c0, 0xc000317540)
	C:/Users/欧懿贤/go/src/pkg/mod/github.com/zeromicro/go-zero@v1.7.0/zrpc/internal/serverinterceptors/statinterceptor.go:61 +0x1c4
google.golang.org/grpc.getChainUnaryHandler.func1({0x26173f8, 0xc000163b60}, {0x227f5a0, 0xc0000fa240})
	C:/Users/欧懿贤/go/src/pkg/mod/google.golang.org/grpc@v1.65.0/server.go:1196 +0xb2
github.com/zeromicro/go-zero/zrpc/internal/serverinterceptors.UnaryRecoverInterceptor({0x26173f8?, 0xc000163b60?}, {0x227f5a0?, 0xc0000fa240?}, 0xc0002fc0c0?, 0xc00011d2a8?)
	C:/Users/欧懿贤/go/src/pkg/mod/github.com/zeromicro/go-zero@v1.7.0/zrpc/internal/serverinterceptors/recoverinterceptor.go:30 +0x99
google.golang.org/grpc.getChainUnaryHandler.func1({0x26173f8, 0xc000163b60}, {0x227f5a0, 0xc0000fa240})
	C:/Users/欧懿贤/go/src/pkg/mod/google.golang.org/grpc@v1.65.0/server.go:1196 +0xb2
github.com/zeromicro/go-zero/zrpc/internal/serverinterceptors.UnaryTracingInterceptor({0x26173f8?, 0xc000163890?}, {0x227f5a0, 0xc0000fa240}, 0xc0002fc0c0?, 0xc000317400)
	C:/Users/欧懿贤/go/src/pkg/mod/github.com/zeromicro/go-zero@v1.7.0/zrpc/internal/serverinterceptors/tracinginterceptor.go:24 +0x18c
google.golang.org/grpc.NewServer.chainUnaryServerInterceptors.chainUnaryInterceptors.func1({0x26173f8, 0xc000163890}, {0x227f5a0, 0xc0000fa240}, 0xc0002fc0c0, 0x80?)
	C:/Users/欧懿贤/go/src/pkg/mod/google.golang.org/grpc@v1.65.0/server.go:1187 +0x85
oj-micro/problems/cmd/rpc/pb._ProblemService_AddProblem_Handler({0x22731e0, 0xc000514270}, {0x26173f8, 0xc000163890}, 0xc0004ea700, 0xc0001224c0)
	D:/dev/workspace/云原生/Go项目/PGOJ-backend/problems/cmd/rpc/pb/problem_grpc.pb.go:421 +0x143
google.golang.org/grpc.(*Server).processUnaryRPC(0xc000675800, {0x26173f8, 0xc0001636e0}, {0x261ffe0, 0xc000676180}, 0xc0003aea20, 0xc000163770, 0x37178e0, 0x0)
	C:/Users/欧懿贤/go/src/pkg/mod/google.golang.org/grpc@v1.65.0/server.go:1379 +0xdf8
google.golang.org/grpc.(*Server).handleStream(0xc000675800, {0x261ffe0, 0xc000676180}, 0xc0003aea20)
	C:/Users/欧懿贤/go/src/pkg/mod/google.golang.org/grpc@v1.65.0/server.go:1790 +0xe8b
google.golang.org/grpc.(*Server).serveStreams.func2.1()
	C:/Users/欧懿贤/go/src/pkg/mod/google.golang.org/grpc@v1.65.0/server.go:1029 +0x8b
created by google.golang.org/grpc.(*Server).serveStreams.func2 in goroutine 256
	C:/Users/欧懿贤/go/src/pkg/mod/google.golang.org/grpc@v1.65.0/server.go:1040 +0x125
	caller=serverinterceptors/recoverinterceptor.go:40
2024-10-19T16:17:33.756+08:00	[31;1m error [0;22m	find problem fail, err : dial tcp: lookup localhost: i/o timeout	caller=logic/addproblemlogic.go:36
2024-10-19T16:27:05.669+08:00	[31;1m error [0;22m	etcd publisher revoke: etcdserver: requested lease not found	caller=discov/publisher.go:178
2024-10-19T16:33:46.036+08:00	[31;1m error [0;22m	find problem fail, err : dial tcp: lookup localhost: i/o timeout	caller=logic/addproblemlogic.go:36
2024-10-19T16:33:46.822+08:00	[31;1m error [0;22m	stmt: insert into `problem` (`author`,`addtime`,`oj`,`title`,`des`,`input`,`output`,`sinput`,`soutput`,`source`,`time`,`memory`,`hint`,`auth`,`level`,`problem_code`) values ('orician', '2024-10-19 16:33:46.817086 +0800 CST m=+16.249988501', '', 'A+B Problem', 'a test for create a problem', '1 2', '3', '', '', '', 5, 64, '', 1, 1, 'P0003'), error: Error 1062 (23000): Duplicate entry 'P0003' for key 'problem.problem_code'	caller=sqlx/utils.go:147	trace=e1fd8fe92a00c2648ebb719bc52eae2d	span=8245556b9f67acba
2024-10-19T16:33:46.822+08:00	[31;1m error [0;22m	insert problem fail, err : Error 1062 (23000): Duplicate entry 'P0003' for key 'problem.problem_code', result : <nil>	caller=logic/addproblemlogic.go:60
2024-10-19T16:40:08.099+08:00	[31;1m error [0;22m	find problem fail, err : dial tcp: lookup localhost: i/o timeout	caller=logic/addproblemlogic.go:36
2024-10-19T16:40:13.661+08:00	[31;1m error [0;22m	find problem fail, err : <nil>	caller=logic/addproblemlogic.go:42
2024-10-19T16:42:15.691+08:00	[31;1m error [0;22m	find problem fail, err : <nil>	caller=logic/addproblemlogic.go:42
2024-10-20T11:39:03.581+08:00	[31;1m error [0;22m	find testcases fail, err : dial tcp: lookup localhost: i/o timeout, result : <nil>	caller=logic/gettestcasesbyidlogic.go:35
2024-10-20T11:54:12.123+08:00	[31;1m error [0;22m	find problem fail, err : <nil>	caller=logic/addproblemlogic.go:40
2024-10-20T11:54:19.677+08:00	[31;1m error [0;22m	stmt: insert into `problem` (`author`,`addtime`,`oj`,`title`,`des`,`input`,`output`,`sinput`,`soutput`,`source`,`time`,`memory`,`hint`,`auth`,`level`,`problem_code`) values ('orician', '0001-01-01 00:00:00 +0000 UTC', '', 'A+B+C', 'a test for create a problem', '1 2', '3', '', '', '', 5, 64, '', 1, 1, 'P0008'), error: Error 1292 (22007): Incorrect datetime value: '0000-00-00' for column 'addtime' at row 1	caller=sqlx/utils.go:147	trace=9611a4752f741d72d51104552253e801	span=54298549e9366fb6
2024-10-20T11:54:19.677+08:00	[31;1m error [0;22m	insert problem fail, err : Error 1292 (22007): Incorrect datetime value: '0000-00-00' for column 'addtime' at row 1, result : <nil>	caller=logic/addproblemlogic.go:64
2024-10-20T12:06:05.475+08:00	[31;1m error [0;22m	find problem fail, err : dial tcp: lookup localhost: i/o timeout	caller=logic/addproblemlogic.go:34
