2024-10-18T07:15:38.549Z	 stat 	p2c - conn: 172.24.0.4:8080, load: 10321, reqs: 1	caller=p2c/p2c.go:195
2024-10-18T07:16:00.926Z	 stat 	CPU: 0m, MEMORY: Alloc=4.2Mi, TotalAlloc=8.7Mi, Sys=17.8Mi, NumGC=4	caller=stat/usage.go:61
2024-10-18T07:16:01.078Z	 stat 	(api) shedding_stat [1m], cpu: 0, total: 1, pass: 1, drop: 0	caller=load/sheddingstat.go:61
2024-10-18T07:16:38.548Z	 stat 	(users-api) - qps: 0.0/s, drops: 0, avg time: 106.0ms, med: 106.9ms, 90th: 106.9ms, 99th: 106.9ms, 99.9th: 106.9ms	caller=stat/metrics.go:210
2024-10-18T07:17:00.923Z	 stat 	CPU: 0m, MEMORY: Alloc=4.4Mi, TotalAlloc=11.7Mi, Sys=17.8Mi, NumGC=5	caller=stat/usage.go:61
2024-10-18T07:17:01.077Z	 stat 	(api) shedding_stat [1m], cpu: 0, total: 0, pass: 0, drop: 0	caller=load/sheddingstat.go:61
2024-10-18T07:17:38.546Z	 stat 	(users-api) - qps: 0.0/s, drops: 0, avg time: 0.0ms, med: 0.0ms, 90th: 0.0ms, 99th: 0.0ms, 99.9th: 0.0ms	caller=stat/metrics.go:210
2024-10-18T07:18:00.922Z	 stat 	CPU: 0m, MEMORY: Alloc=4.3Mi, TotalAlloc=14.6Mi, Sys=18.1Mi, NumGC=6	caller=stat/usage.go:61
2024-10-18T07:18:01.075Z	 stat 	(api) shedding_stat [1m], cpu: 0, total: 0, pass: 0, drop: 0	caller=load/sheddingstat.go:61
2024-10-18T07:18:38.544Z	 stat 	(users-api) - qps: 0.0/s, drops: 0, avg time: 0.0ms, med: 0.0ms, 90th: 0.0ms, 99th: 0.0ms, 99.9th: 0.0ms	caller=stat/metrics.go:210
2024-10-18T07:19:00.919Z	 stat 	CPU: 0m, MEMORY: Alloc=4.1Mi, TotalAlloc=17.4Mi, Sys=18.3Mi, NumGC=7	caller=stat/usage.go:61
2024-10-18T07:19:01.073Z	 stat 	(api) shedding_stat [1m], cpu: 0, total: 0, pass: 0, drop: 0	caller=load/sheddingstat.go:61
2024-10-18T07:19:38.542Z	 stat 	(users-api) - qps: 0.0/s, drops: 0, avg time: 0.0ms, med: 0.0ms, 90th: 0.0ms, 99th: 0.0ms, 99.9th: 0.0ms	caller=stat/metrics.go:210
2024-10-18T07:20:00.917Z	 stat 	CPU: 0m, MEMORY: Alloc=3.9Mi, TotalAlloc=20.3Mi, Sys=18.3Mi, NumGC=8	caller=stat/usage.go:61
2024-10-18T07:20:01.070Z	 stat 	(api) shedding_stat [1m], cpu: 0, total: 0, pass: 0, drop: 0	caller=load/sheddingstat.go:61
2024-10-18T07:20:38.539Z	 stat 	(users-api) - qps: 0.0/s, drops: 0, avg time: 0.0ms, med: 0.0ms, 90th: 0.0ms, 99th: 0.0ms, 99.9th: 0.0ms	caller=stat/metrics.go:210
2024-10-18T07:21:00.915Z	 stat 	CPU: 0m, MEMORY: Alloc=3.9Mi, TotalAlloc=23.3Mi, Sys=18.3Mi, NumGC=9	caller=stat/usage.go:61
2024-10-18T07:21:01.068Z	 stat 	(api) shedding_stat [1m], cpu: 0, total: 0, pass: 0, drop: 0	caller=load/sheddingstat.go:61
2024-10-18T07:21:38.539Z	 stat 	(users-api) - qps: 0.0/s, drops: 0, avg time: 0.0ms, med: 0.0ms, 90th: 0.0ms, 99th: 0.0ms, 99.9th: 0.0ms	caller=stat/metrics.go:210
2024-10-18T07:22:00.914Z	 stat 	CPU: 0m, MEMORY: Alloc=3.5Mi, TotalAlloc=26.2Mi, Sys=18.6Mi, NumGC=10	caller=stat/usage.go:61
2024-10-18T07:22:01.067Z	 stat 	(api) shedding_stat [1m], cpu: 0, total: 0, pass: 0, drop: 0	caller=load/sheddingstat.go:61
2024-10-18T07:22:38.535Z	 stat 	(users-api) - qps: 0.0/s, drops: 0, avg time: 0.0ms, med: 0.0ms, 90th: 0.0ms, 99th: 0.0ms, 99.9th: 0.0ms	caller=stat/metrics.go:210
2024-10-18T07:23:00.911Z	 stat 	CPU: 0m, MEMORY: Alloc=6.4Mi, TotalAlloc=29.1Mi, Sys=18.6Mi, NumGC=10	caller=stat/usage.go:61
2024-10-18T07:23:01.065Z	 stat 	(api) shedding_stat [1m], cpu: 0, total: 0, pass: 0, drop: 0	caller=load/sheddingstat.go:61
2024-10-18T07:23:38.534Z	 stat 	(users-api) - qps: 0.0/s, drops: 0, avg time: 0.0ms, med: 0.0ms, 90th: 0.0ms, 99th: 0.0ms, 99.9th: 0.0ms	caller=stat/metrics.go:210
2024-10-18T07:24:00.909Z	 stat 	CPU: 0m, MEMORY: Alloc=5.9Mi, TotalAlloc=31.9Mi, Sys=18.6Mi, NumGC=11	caller=stat/usage.go:61
2024-10-18T07:24:01.063Z	 stat 	(api) shedding_stat [1m], cpu: 0, total: 0, pass: 0, drop: 0	caller=load/sheddingstat.go:61
2024-10-18T07:24:38.532Z	 stat 	(users-api) - qps: 0.0/s, drops: 0, avg time: 0.0ms, med: 0.0ms, 90th: 0.0ms, 99th: 0.0ms, 99.9th: 0.0ms	caller=stat/metrics.go:210
2024-10-18T07:25:00.907Z	 stat 	CPU: 0m, MEMORY: Alloc=5.4Mi, TotalAlloc=34.8Mi, Sys=18.6Mi, NumGC=12	caller=stat/usage.go:61
2024-10-18T07:25:01.061Z	 stat 	(api) shedding_stat [1m], cpu: 0, total: 0, pass: 0, drop: 0	caller=load/sheddingstat.go:61
2024-10-18T07:25:38.530Z	 stat 	(users-api) - qps: 0.0/s, drops: 0, avg time: 0.0ms, med: 0.0ms, 90th: 0.0ms, 99th: 0.0ms, 99.9th: 0.0ms	caller=stat/metrics.go:210
2024-10-18T07:26:00.916Z	 stat 	CPU: 0m, MEMORY: Alloc=5.2Mi, TotalAlloc=37.8Mi, Sys=18.6Mi, NumGC=13	caller=stat/usage.go:61
2024-10-18T07:26:01.059Z	 stat 	(api) shedding_stat [1m], cpu: 0, total: 0, pass: 0, drop: 0	caller=load/sheddingstat.go:61
2024-10-18T07:26:38.528Z	 stat 	(users-api) - qps: 0.0/s, drops: 0, avg time: 0.0ms, med: 0.0ms, 90th: 0.0ms, 99th: 0.0ms, 99.9th: 0.0ms	caller=stat/metrics.go:210
2024-10-18T07:27:00.903Z	 stat 	CPU: 0m, MEMORY: Alloc=4.7Mi, TotalAlloc=40.7Mi, Sys=18.6Mi, NumGC=14	caller=stat/usage.go:61
2024-10-18T07:27:01.057Z	 stat 	(api) shedding_stat [1m], cpu: 0, total: 0, pass: 0, drop: 0	caller=load/sheddingstat.go:61
2024-10-18T07:27:38.525Z	 stat 	(users-api) - qps: 0.0/s, drops: 0, avg time: 0.0ms, med: 0.0ms, 90th: 0.0ms, 99th: 0.0ms, 99.9th: 0.0ms	caller=stat/metrics.go:210
2024-10-18T07:28:00.901Z	 stat 	CPU: 0m, MEMORY: Alloc=4.5Mi, TotalAlloc=43.6Mi, Sys=18.6Mi, NumGC=15	caller=stat/usage.go:61
2024-10-18T07:28:01.055Z	 stat 	(api) shedding_stat [1m], cpu: 0, total: 0, pass: 0, drop: 0	caller=load/sheddingstat.go:61
2024-10-18T07:28:38.523Z	 stat 	(users-api) - qps: 0.0/s, drops: 0, avg time: 0.0ms, med: 0.0ms, 90th: 0.0ms, 99th: 0.0ms, 99.9th: 0.0ms	caller=stat/metrics.go:210
2024-10-18T07:29:00.899Z	 stat 	CPU: 0m, MEMORY: Alloc=4.1Mi, TotalAlloc=46.4Mi, Sys=18.6Mi, NumGC=16	caller=stat/usage.go:61
2024-10-18T07:29:01.053Z	 stat 	(api) shedding_stat [1m], cpu: 0, total: 0, pass: 0, drop: 0	caller=load/sheddingstat.go:61
2024-10-18T07:29:38.521Z	 stat 	(users-api) - qps: 0.0/s, drops: 0, avg time: 0.0ms, med: 0.0ms, 90th: 0.0ms, 99th: 0.0ms, 99.9th: 0.0ms	caller=stat/metrics.go:210
2024-10-18T07:30:00.898Z	 stat 	CPU: 0m, MEMORY: Alloc=3.8Mi, TotalAlloc=49.3Mi, Sys=18.6Mi, NumGC=17	caller=stat/usage.go:61
2024-10-18T07:30:01.051Z	 stat 	(api) shedding_stat [1m], cpu: 0, total: 0, pass: 0, drop: 0	caller=load/sheddingstat.go:61
2024-10-18T07:30:38.519Z	 stat 	(users-api) - qps: 0.0/s, drops: 0, avg time: 0.0ms, med: 0.0ms, 90th: 0.0ms, 99th: 0.0ms, 99.9th: 0.0ms	caller=stat/metrics.go:210
2024-10-18T07:31:00.895Z	 stat 	CPU: 0m, MEMORY: Alloc=3.7Mi, TotalAlloc=52.3Mi, Sys=18.6Mi, NumGC=18	caller=stat/usage.go:61
2024-10-18T07:31:01.049Z	 stat 	(api) shedding_stat [1m], cpu: 0, total: 0, pass: 0, drop: 0	caller=load/sheddingstat.go:61
2024-10-18T07:31:38.518Z	 stat 	(users-api) - qps: 0.0/s, drops: 0, avg time: 0.0ms, med: 0.0ms, 90th: 0.0ms, 99th: 0.0ms, 99.9th: 0.0ms	caller=stat/metrics.go:210
2024-10-18T07:32:00.905Z	 stat 	CPU: 0m, MEMORY: Alloc=3.5Mi, TotalAlloc=55.2Mi, Sys=18.6Mi, NumGC=19	caller=stat/usage.go:61
2024-10-18T07:32:01.047Z	 stat 	(api) shedding_stat [1m], cpu: 0, total: 0, pass: 0, drop: 0	caller=load/sheddingstat.go:61
2024-10-18T07:32:38.515Z	 stat 	(users-api) - qps: 0.0/s, drops: 0, avg time: 0.0ms, med: 0.0ms, 90th: 0.0ms, 99th: 0.0ms, 99.9th: 0.0ms	caller=stat/metrics.go:210
2024-10-18T07:33:00.901Z	 stat 	CPU: 0m, MEMORY: Alloc=6.4Mi, TotalAlloc=58.1Mi, Sys=18.6Mi, NumGC=19	caller=stat/usage.go:61
2024-10-18T07:33:01.045Z	 stat 	(api) shedding_stat [1m], cpu: 0, total: 0, pass: 0, drop: 0	caller=load/sheddingstat.go:61
2024-10-18T07:33:38.514Z	 stat 	(users-api) - qps: 0.0/s, drops: 0, avg time: 0.0ms, med: 0.0ms, 90th: 0.0ms, 99th: 0.0ms, 99.9th: 0.0ms	caller=stat/metrics.go:210
2024-10-18T07:34:00.900Z	 stat 	CPU: 0m, MEMORY: Alloc=5.9Mi, TotalAlloc=61.0Mi, Sys=18.6Mi, NumGC=20	caller=stat/usage.go:61
2024-10-18T07:34:01.043Z	 stat 	(api) shedding_stat [1m], cpu: 0, total: 0, pass: 0, drop: 0	caller=load/sheddingstat.go:61
2024-10-18T07:34:38.511Z	 stat 	(users-api) - qps: 0.0/s, drops: 0, avg time: 0.0ms, med: 0.0ms, 90th: 0.0ms, 99th: 0.0ms, 99.9th: 0.0ms	caller=stat/metrics.go:210
2024-10-18T07:35:00.887Z	 stat 	CPU: 0m, MEMORY: Alloc=5.5Mi, TotalAlloc=63.8Mi, Sys=18.6Mi, NumGC=21	caller=stat/usage.go:61
2024-10-18T07:35:01.041Z	 stat 	(api) shedding_stat [1m], cpu: 0, total: 0, pass: 0, drop: 0	caller=load/sheddingstat.go:61
2024-10-18T07:35:38.509Z	 stat 	(users-api) - qps: 0.0/s, drops: 0, avg time: 0.0ms, med: 0.0ms, 90th: 0.0ms, 99th: 0.0ms, 99.9th: 0.0ms	caller=stat/metrics.go:210
2024-10-18T07:36:00.895Z	 stat 	CPU: 0m, MEMORY: Alloc=5.1Mi, TotalAlloc=66.8Mi, Sys=18.6Mi, NumGC=22	caller=stat/usage.go:61
2024-10-18T07:36:01.038Z	 stat 	(api) shedding_stat [1m], cpu: 0, total: 0, pass: 0, drop: 0	caller=load/sheddingstat.go:61
2024-10-18T07:36:38.508Z	 stat 	(users-api) - qps: 0.0/s, drops: 0, avg time: 0.0ms, med: 0.0ms, 90th: 0.0ms, 99th: 0.0ms, 99.9th: 0.0ms	caller=stat/metrics.go:210
2024-10-18T07:37:00.883Z	 stat 	CPU: 0m, MEMORY: Alloc=4.6Mi, TotalAlloc=69.7Mi, Sys=18.6Mi, NumGC=23	caller=stat/usage.go:61
2024-10-18T07:37:01.036Z	 stat 	(api) shedding_stat [1m], cpu: 0, total: 0, pass: 0, drop: 0	caller=load/sheddingstat.go:61
2024-10-18T07:37:38.506Z	 stat 	(users-api) - qps: 0.0/s, drops: 0, avg time: 0.0ms, med: 0.0ms, 90th: 0.0ms, 99th: 0.0ms, 99.9th: 0.0ms	caller=stat/metrics.go:210
2024-10-18T07:38:00.877Z	 stat 	CPU: 0m, MEMORY: Alloc=4.2Mi, TotalAlloc=72.6Mi, Sys=18.6Mi, NumGC=24	caller=stat/usage.go:61
2024-10-18T07:38:01.030Z	 stat 	(api) shedding_stat [1m], cpu: 0, total: 0, pass: 0, drop: 0	caller=load/sheddingstat.go:61
2024-10-18T07:38:38.498Z	 stat 	(users-api) - qps: 0.0/s, drops: 0, avg time: 0.0ms, med: 0.0ms, 90th: 0.0ms, 99th: 0.0ms, 99.9th: 0.0ms	caller=stat/metrics.go:210
2024-10-18T07:39:00.875Z	 stat 	CPU: 0m, MEMORY: Alloc=4.2Mi, TotalAlloc=75.5Mi, Sys=18.6Mi, NumGC=25	caller=stat/usage.go:61
2024-10-18T07:39:01.029Z	 stat 	(api) shedding_stat [1m], cpu: 0, total: 0, pass: 0, drop: 0	caller=load/sheddingstat.go:61
2024-10-18T07:39:38.498Z	 stat 	(users-api) - qps: 0.0/s, drops: 0, avg time: 0.0ms, med: 0.0ms, 90th: 0.0ms, 99th: 0.0ms, 99.9th: 0.0ms	caller=stat/metrics.go:210
2024-10-18T07:40:00.874Z	 stat 	CPU: 0m, MEMORY: Alloc=4.2Mi, TotalAlloc=78.3Mi, Sys=18.6Mi, NumGC=26	caller=stat/usage.go:61
2024-10-18T07:40:01.028Z	 stat 	(api) shedding_stat [1m], cpu: 0, total: 0, pass: 0, drop: 0	caller=load/sheddingstat.go:61
2024-10-18T07:40:38.497Z	 stat 	(users-api) - qps: 0.0/s, drops: 0, avg time: 0.0ms, med: 0.0ms, 90th: 0.0ms, 99th: 0.0ms, 99.9th: 0.0ms	caller=stat/metrics.go:210
2024-10-18T07:41:00.872Z	 stat 	CPU: 0m, MEMORY: Alloc=4.2Mi, TotalAlloc=81.3Mi, Sys=18.6Mi, NumGC=27	caller=stat/usage.go:61
2024-10-18T07:41:01.025Z	 stat 	(api) shedding_stat [1m], cpu: 0, total: 0, pass: 0, drop: 0	caller=load/sheddingstat.go:61
2024-10-18T07:41:38.495Z	 stat 	(users-api) - qps: 0.0/s, drops: 0, avg time: 0.0ms, med: 0.0ms, 90th: 0.0ms, 99th: 0.0ms, 99.9th: 0.0ms	caller=stat/metrics.go:210
2024-10-18T07:42:00.870Z	 stat 	CPU: 0m, MEMORY: Alloc=4.1Mi, TotalAlloc=84.2Mi, Sys=18.6Mi, NumGC=28	caller=stat/usage.go:61
2024-10-18T07:42:01.024Z	 stat 	(api) shedding_stat [1m], cpu: 0, total: 0, pass: 0, drop: 0	caller=load/sheddingstat.go:61
2024-10-18T07:42:38.493Z	 stat 	(users-api) - qps: 0.0/s, drops: 0, avg time: 0.0ms, med: 0.0ms, 90th: 0.0ms, 99th: 0.0ms, 99.9th: 0.0ms	caller=stat/metrics.go:210
2024-10-18T07:43:00.868Z	 stat 	CPU: 0m, MEMORY: Alloc=4.0Mi, TotalAlloc=87.1Mi, Sys=18.8Mi, NumGC=29	caller=stat/usage.go:61
2024-10-18T07:43:01.021Z	 stat 	(api) shedding_stat [1m], cpu: 0, total: 0, pass: 0, drop: 0	caller=load/sheddingstat.go:61
2024-10-18T07:43:38.491Z	 stat 	(users-api) - qps: 0.0/s, drops: 0, avg time: 0.0ms, med: 0.0ms, 90th: 0.0ms, 99th: 0.0ms, 99.9th: 0.0ms	caller=stat/metrics.go:210
2024-10-18T07:44:00.866Z	 stat 	CPU: 0m, MEMORY: Alloc=4.0Mi, TotalAlloc=90.0Mi, Sys=18.8Mi, NumGC=30	caller=stat/usage.go:61
2024-10-18T07:44:01.020Z	 stat 	(api) shedding_stat [1m], cpu: 0, total: 0, pass: 0, drop: 0	caller=load/sheddingstat.go:61
2024-10-18T07:44:38.489Z	 stat 	(users-api) - qps: 0.0/s, drops: 0, avg time: 0.0ms, med: 0.0ms, 90th: 0.0ms, 99th: 0.0ms, 99.9th: 0.0ms	caller=stat/metrics.go:210
2024-10-18T07:45:00.864Z	 stat 	CPU: 0m, MEMORY: Alloc=3.9Mi, TotalAlloc=92.8Mi, Sys=18.8Mi, NumGC=31	caller=stat/usage.go:61
2024-10-18T07:45:01.017Z	 stat 	(api) shedding_stat [1m], cpu: 0, total: 0, pass: 0, drop: 0	caller=load/sheddingstat.go:61
2024-10-18T07:45:38.489Z	 stat 	(users-api) - qps: 0.0/s, drops: 0, avg time: 0.0ms, med: 0.0ms, 90th: 0.0ms, 99th: 0.0ms, 99.9th: 0.0ms	caller=stat/metrics.go:210
2024-10-18T07:46:00.861Z	 stat 	CPU: 0m, MEMORY: Alloc=4.0Mi, TotalAlloc=95.8Mi, Sys=18.8Mi, NumGC=32	caller=stat/usage.go:61
2024-10-18T07:46:01.015Z	 stat 	(api) shedding_stat [1m], cpu: 0, total: 0, pass: 0, drop: 0	caller=load/sheddingstat.go:61
2024-10-18T07:46:38.483Z	 stat 	(users-api) - qps: 0.0/s, drops: 0, avg time: 0.0ms, med: 0.0ms, 90th: 0.0ms, 99th: 0.0ms, 99.9th: 0.0ms	caller=stat/metrics.go:210
2024-10-18T07:47:00.860Z	 stat 	CPU: 0m, MEMORY: Alloc=3.9Mi, TotalAlloc=98.7Mi, Sys=18.8Mi, NumGC=33	caller=stat/usage.go:61
2024-10-18T07:47:01.013Z	 stat 	(api) shedding_stat [1m], cpu: 0, total: 0, pass: 0, drop: 0	caller=load/sheddingstat.go:61
2024-10-18T07:47:38.483Z	 stat 	(users-api) - qps: 0.0/s, drops: 0, avg time: 0.0ms, med: 0.0ms, 90th: 0.0ms, 99th: 0.0ms, 99.9th: 0.0ms	caller=stat/metrics.go:210
2024-10-18T07:48:00.857Z	 stat 	CPU: 0m, MEMORY: Alloc=3.7Mi, TotalAlloc=101.6Mi, Sys=18.8Mi, NumGC=34	caller=stat/usage.go:61
2024-10-18T07:48:01.010Z	 stat 	(api) shedding_stat [1m], cpu: 0, total: 0, pass: 0, drop: 0	caller=load/sheddingstat.go:61
2024-10-18T07:48:38.481Z	 stat 	(users-api) - qps: 0.0/s, drops: 0, avg time: 0.0ms, med: 0.0ms, 90th: 0.0ms, 99th: 0.0ms, 99.9th: 0.0ms	caller=stat/metrics.go:210
2024-10-18T07:49:00.855Z	 stat 	CPU: 0m, MEMORY: Alloc=3.5Mi, TotalAlloc=104.5Mi, Sys=18.8Mi, NumGC=35	caller=stat/usage.go:61
2024-10-18T07:49:01.009Z	 stat 	(api) shedding_stat [1m], cpu: 0, total: 0, pass: 0, drop: 0	caller=load/sheddingstat.go:61
2024-10-18T07:49:38.479Z	 stat 	(users-api) - qps: 0.0/s, drops: 0, avg time: 0.0ms, med: 0.0ms, 90th: 0.0ms, 99th: 0.0ms, 99.9th: 0.0ms	caller=stat/metrics.go:210
2024-10-18T07:50:00.864Z	 stat 	CPU: 0m, MEMORY: Alloc=6.4Mi, TotalAlloc=107.4Mi, Sys=18.8Mi, NumGC=35	caller=stat/usage.go:61
2024-10-18T07:50:01.007Z	 stat 	(api) shedding_stat [1m], cpu: 0, total: 0, pass: 0, drop: 0	caller=load/sheddingstat.go:61
2024-10-18T07:50:38.488Z	 stat 	(users-api) - qps: 0.0/s, drops: 0, avg time: 0.0ms, med: 0.0ms, 90th: 0.0ms, 99th: 0.0ms, 99.9th: 0.0ms	caller=stat/metrics.go:210
2024-10-18T07:51:00.863Z	 stat 	CPU: 0m, MEMORY: Alloc=6.0Mi, TotalAlloc=110.3Mi, Sys=18.8Mi, NumGC=36	caller=stat/usage.go:61
2024-10-18T07:51:01.004Z	 stat 	(api) shedding_stat [1m], cpu: 0, total: 0, pass: 0, drop: 0	caller=load/sheddingstat.go:61
2024-10-18T07:51:38.474Z	 stat 	(users-api) - qps: 0.0/s, drops: 0, avg time: 0.0ms, med: 0.0ms, 90th: 0.0ms, 99th: 0.0ms, 99.9th: 0.0ms	caller=stat/metrics.go:210
2024-10-18T07:52:00.850Z	 stat 	CPU: 0m, MEMORY: Alloc=5.6Mi, TotalAlloc=113.1Mi, Sys=18.8Mi, NumGC=37	caller=stat/usage.go:61
2024-10-18T07:52:01.003Z	 stat 	(api) shedding_stat [1m], cpu: 0, total: 0, pass: 0, drop: 0	caller=load/sheddingstat.go:61
2024-10-18T07:52:38.473Z	 stat 	(users-api) - qps: 0.0/s, drops: 0, avg time: 0.0ms, med: 0.0ms, 90th: 0.0ms, 99th: 0.0ms, 99.9th: 0.0ms	caller=stat/metrics.go:210
2024-10-18T07:53:00.848Z	 stat 	CPU: 0m, MEMORY: Alloc=5.2Mi, TotalAlloc=116.0Mi, Sys=18.8Mi, NumGC=38	caller=stat/usage.go:61
2024-10-18T07:53:01.001Z	 stat 	(api) shedding_stat [1m], cpu: 0, total: 0, pass: 0, drop: 0	caller=load/sheddingstat.go:61
2024-10-18T07:53:38.471Z	 stat 	(users-api) - qps: 0.0/s, drops: 0, avg time: 0.0ms, med: 0.0ms, 90th: 0.0ms, 99th: 0.0ms, 99.9th: 0.0ms	caller=stat/metrics.go:210
2024-10-18T07:54:00.846Z	 stat 	CPU: 0m, MEMORY: Alloc=4.9Mi, TotalAlloc=118.9Mi, Sys=18.8Mi, NumGC=39	caller=stat/usage.go:61
2024-10-18T07:54:00.999Z	 stat 	(api) shedding_stat [1m], cpu: 0, total: 0, pass: 0, drop: 0	caller=load/sheddingstat.go:61
2024-10-18T07:54:38.457Z	 stat 	(users-api) - qps: 0.0/s, drops: 0, avg time: 0.0ms, med: 0.0ms, 90th: 0.0ms, 99th: 0.0ms, 99.9th: 0.0ms	caller=stat/metrics.go:210
2024-10-18T07:55:00.843Z	 stat 	CPU: 0m, MEMORY: Alloc=4.5Mi, TotalAlloc=121.8Mi, Sys=18.8Mi, NumGC=40	caller=stat/usage.go:61
2024-10-18T07:55:00.996Z	 stat 	(api) shedding_stat [1m], cpu: 0, total: 0, pass: 0, drop: 0	caller=load/sheddingstat.go:61
2024-10-18T07:55:38.466Z	 stat 	(users-api) - qps: 0.0/s, drops: 0, avg time: 0.0ms, med: 0.0ms, 90th: 0.0ms, 99th: 0.0ms, 99.9th: 0.0ms	caller=stat/metrics.go:210
2024-10-18T07:56:00.841Z	 stat 	CPU: 0m, MEMORY: Alloc=4.4Mi, TotalAlloc=124.7Mi, Sys=18.8Mi, NumGC=41	caller=stat/usage.go:61
2024-10-18T07:56:00.995Z	 stat 	(api) shedding_stat [1m], cpu: 0, total: 0, pass: 0, drop: 0	caller=load/sheddingstat.go:61
2024-10-18T07:56:38.464Z	 stat 	(users-api) - qps: 0.0/s, drops: 0, avg time: 0.0ms, med: 0.0ms, 90th: 0.0ms, 99th: 0.0ms, 99.9th: 0.0ms	caller=stat/metrics.go:210
2024-10-18T07:57:00.839Z	 stat 	CPU: 0m, MEMORY: Alloc=4.0Mi, TotalAlloc=127.6Mi, Sys=19.1Mi, NumGC=42	caller=stat/usage.go:61
2024-10-18T07:57:00.993Z	 stat 	(api) shedding_stat [1m], cpu: 0, total: 0, pass: 0, drop: 0	caller=load/sheddingstat.go:61
2024-10-18T07:57:38.462Z	 stat 	(users-api) - qps: 0.0/s, drops: 0, avg time: 0.0ms, med: 0.0ms, 90th: 0.0ms, 99th: 0.0ms, 99.9th: 0.0ms	caller=stat/metrics.go:210
2024-10-18T07:58:00.837Z	 stat 	CPU: 0m, MEMORY: Alloc=3.9Mi, TotalAlloc=130.5Mi, Sys=19.1Mi, NumGC=43	caller=stat/usage.go:61
2024-10-18T07:58:00.990Z	 stat 	(api) shedding_stat [1m], cpu: 0, total: 0, pass: 0, drop: 0	caller=load/sheddingstat.go:61
2024-10-18T07:58:38.460Z	 stat 	(users-api) - qps: 0.0/s, drops: 0, avg time: 0.0ms, med: 0.0ms, 90th: 0.0ms, 99th: 0.0ms, 99.9th: 0.0ms	caller=stat/metrics.go:210
2024-10-18T07:59:00.835Z	 stat 	CPU: 0m, MEMORY: Alloc=3.5Mi, TotalAlloc=133.3Mi, Sys=19.1Mi, NumGC=44	caller=stat/usage.go:61
2024-10-18T07:59:00.989Z	 stat 	(api) shedding_stat [1m], cpu: 0, total: 0, pass: 0, drop: 0	caller=load/sheddingstat.go:61
2024-10-18T07:59:38.458Z	 stat 	(users-api) - qps: 0.0/s, drops: 0, avg time: 0.0ms, med: 0.0ms, 90th: 0.0ms, 99th: 0.0ms, 99.9th: 0.0ms	caller=stat/metrics.go:210
2024-10-18T08:00:00.833Z	 stat 	CPU: 0m, MEMORY: Alloc=3.4Mi, TotalAlloc=136.2Mi, Sys=19.1Mi, NumGC=45	caller=stat/usage.go:61
2024-10-18T08:00:00.987Z	 stat 	(api) shedding_stat [1m], cpu: 0, total: 0, pass: 0, drop: 0	caller=load/sheddingstat.go:61
2024-10-18T08:00:38.456Z	 stat 	(users-api) - qps: 0.0/s, drops: 0, avg time: 0.0ms, med: 0.0ms, 90th: 0.0ms, 99th: 0.0ms, 99.9th: 0.0ms	caller=stat/metrics.go:210
2024-10-18T08:01:00.831Z	 stat 	CPU: 0m, MEMORY: Alloc=6.3Mi, TotalAlloc=139.1Mi, Sys=19.1Mi, NumGC=45	caller=stat/usage.go:61
2024-10-18T08:01:00.985Z	 stat 	(api) shedding_stat [1m], cpu: 0, total: 0, pass: 0, drop: 0	caller=load/sheddingstat.go:61
2024-10-18T08:01:38.454Z	 stat 	(users-api) - qps: 0.0/s, drops: 0, avg time: 0.0ms, med: 0.0ms, 90th: 0.0ms, 99th: 0.0ms, 99.9th: 0.0ms	caller=stat/metrics.go:210
2024-10-18T08:02:00.829Z	 stat 	CPU: 0m, MEMORY: Alloc=6.0Mi, TotalAlloc=142.0Mi, Sys=19.1Mi, NumGC=46	caller=stat/usage.go:61
2024-10-18T08:02:00.983Z	 stat 	(api) shedding_stat [1m], cpu: 0, total: 0, pass: 0, drop: 0	caller=load/sheddingstat.go:61
2024-10-18T08:02:38.451Z	 stat 	(users-api) - qps: 0.0/s, drops: 0, avg time: 0.0ms, med: 0.0ms, 90th: 0.0ms, 99th: 0.0ms, 99.9th: 0.0ms	caller=stat/metrics.go:210
2024-10-18T08:03:00.827Z	 stat 	CPU: 0m, MEMORY: Alloc=5.7Mi, TotalAlloc=144.9Mi, Sys=19.1Mi, NumGC=47	caller=stat/usage.go:61
2024-10-18T08:03:00.981Z	 stat 	(api) shedding_stat [1m], cpu: 0, total: 0, pass: 0, drop: 0	caller=load/sheddingstat.go:61
2024-10-18T08:03:38.450Z	 stat 	(users-api) - qps: 0.0/s, drops: 0, avg time: 0.0ms, med: 0.0ms, 90th: 0.0ms, 99th: 0.0ms, 99.9th: 0.0ms	caller=stat/metrics.go:210
2024-10-18T08:04:00.825Z	 stat 	CPU: 0m, MEMORY: Alloc=5.3Mi, TotalAlloc=147.8Mi, Sys=19.1Mi, NumGC=48	caller=stat/usage.go:61
2024-10-18T08:04:00.979Z	 stat 	(api) shedding_stat [1m], cpu: 0, total: 0, pass: 0, drop: 0	caller=load/sheddingstat.go:61
2024-10-18T08:04:38.447Z	 stat 	(users-api) - qps: 0.0/s, drops: 0, avg time: 0.0ms, med: 0.0ms, 90th: 0.0ms, 99th: 0.0ms, 99.9th: 0.0ms	caller=stat/metrics.go:210
2024-10-18T08:05:00.823Z	 stat 	CPU: 0m, MEMORY: Alloc=4.9Mi, TotalAlloc=150.7Mi, Sys=19.1Mi, NumGC=49	caller=stat/usage.go:61
2024-10-18T08:05:00.977Z	 stat 	(api) shedding_stat [1m], cpu: 0, total: 0, pass: 0, drop: 0	caller=load/sheddingstat.go:61
2024-10-18T08:05:38.445Z	 stat 	(users-api) - qps: 0.0/s, drops: 0, avg time: 0.0ms, med: 0.0ms, 90th: 0.0ms, 99th: 0.0ms, 99.9th: 0.0ms	caller=stat/metrics.go:210
2024-10-18T08:06:00.841Z	 stat 	CPU: 0m, MEMORY: Alloc=4.5Mi, TotalAlloc=153.6Mi, Sys=19.1Mi, NumGC=50	caller=stat/usage.go:61
2024-10-18T08:06:00.975Z	 stat 	(api) shedding_stat [1m], cpu: 0, total: 0, pass: 0, drop: 0	caller=load/sheddingstat.go:61
2024-10-18T08:06:38.444Z	 stat 	(users-api) - qps: 0.0/s, drops: 0, avg time: 0.0ms, med: 0.0ms, 90th: 0.0ms, 99th: 0.0ms, 99.9th: 0.0ms	caller=stat/metrics.go:210
2024-10-18T08:07:00.819Z	 stat 	CPU: 0m, MEMORY: Alloc=4.2Mi, TotalAlloc=156.4Mi, Sys=19.1Mi, NumGC=51	caller=stat/usage.go:61
2024-10-18T08:07:00.973Z	 stat 	(api) shedding_stat [1m], cpu: 0, total: 0, pass: 0, drop: 0	caller=load/sheddingstat.go:61
2024-10-18T08:07:38.442Z	 stat 	(users-api) - qps: 0.0/s, drops: 0, avg time: 0.0ms, med: 0.0ms, 90th: 0.0ms, 99th: 0.0ms, 99.9th: 0.0ms	caller=stat/metrics.go:210
2024-10-18T08:08:00.817Z	 stat 	CPU: 0m, MEMORY: Alloc=3.8Mi, TotalAlloc=159.3Mi, Sys=19.1Mi, NumGC=52	caller=stat/usage.go:61
2024-10-18T08:08:00.981Z	 stat 	(api) shedding_stat [1m], cpu: 0, total: 0, pass: 0, drop: 0	caller=load/sheddingstat.go:61
2024-10-18T08:08:38.440Z	 stat 	(users-api) - qps: 0.0/s, drops: 0, avg time: 0.0ms, med: 0.0ms, 90th: 0.0ms, 99th: 0.0ms, 99.9th: 0.0ms	caller=stat/metrics.go:210
2024-10-18T08:09:00.815Z	 stat 	CPU: 0m, MEMORY: Alloc=3.6Mi, TotalAlloc=162.2Mi, Sys=19.1Mi, NumGC=53	caller=stat/usage.go:61
2024-10-18T08:09:00.968Z	 stat 	(api) shedding_stat [1m], cpu: 0, total: 0, pass: 0, drop: 0	caller=load/sheddingstat.go:61
2024-10-18T08:09:38.438Z	 stat 	(users-api) - qps: 0.0/s, drops: 0, avg time: 0.0ms, med: 0.0ms, 90th: 0.0ms, 99th: 0.0ms, 99.9th: 0.0ms	caller=stat/metrics.go:210
2024-10-18T08:10:00.813Z	 stat 	CPU: 0m, MEMORY: Alloc=3.3Mi, TotalAlloc=165.1Mi, Sys=19.1Mi, NumGC=54	caller=stat/usage.go:61
2024-10-18T08:10:00.966Z	 stat 	(api) shedding_stat [1m], cpu: 0, total: 0, pass: 0, drop: 0	caller=load/sheddingstat.go:61
2024-10-18T08:10:38.436Z	 stat 	(users-api) - qps: 0.0/s, drops: 0, avg time: 0.0ms, med: 0.0ms, 90th: 0.0ms, 99th: 0.0ms, 99.9th: 0.0ms	caller=stat/metrics.go:210
2024-10-18T08:11:00.811Z	 stat 	CPU: 0m, MEMORY: Alloc=6.2Mi, TotalAlloc=168.0Mi, Sys=19.1Mi, NumGC=54	caller=stat/usage.go:61
2024-10-18T08:11:00.964Z	 stat 	(api) shedding_stat [1m], cpu: 0, total: 0, pass: 0, drop: 0	caller=load/sheddingstat.go:61
2024-10-18T08:11:38.433Z	 stat 	(users-api) - qps: 0.0/s, drops: 0, avg time: 0.0ms, med: 0.0ms, 90th: 0.0ms, 99th: 0.0ms, 99.9th: 0.0ms	caller=stat/metrics.go:210
2024-10-18T08:12:00.808Z	 stat 	CPU: 0m, MEMORY: Alloc=5.8Mi, TotalAlloc=170.9Mi, Sys=19.1Mi, NumGC=55	caller=stat/usage.go:61
2024-10-18T08:12:00.962Z	 stat 	(api) shedding_stat [1m], cpu: 0, total: 0, pass: 0, drop: 0	caller=load/sheddingstat.go:61
2024-10-18T08:12:38.432Z	 stat 	(users-api) - qps: 0.0/s, drops: 0, avg time: 0.0ms, med: 0.0ms, 90th: 0.0ms, 99th: 0.0ms, 99.9th: 0.0ms	caller=stat/metrics.go:210
2024-10-18T08:13:00.806Z	 stat 	CPU: 0m, MEMORY: Alloc=5.6Mi, TotalAlloc=173.8Mi, Sys=19.1Mi, NumGC=56	caller=stat/usage.go:61
2024-10-18T08:13:00.960Z	 stat 	(api) shedding_stat [1m], cpu: 0, total: 0, pass: 0, drop: 0	caller=load/sheddingstat.go:61
2024-10-18T08:13:38.429Z	 stat 	(users-api) - qps: 0.0/s, drops: 0, avg time: 0.0ms, med: 0.0ms, 90th: 0.0ms, 99th: 0.0ms, 99.9th: 0.0ms	caller=stat/metrics.go:210
2024-10-18T08:14:00.804Z	 stat 	CPU: 0m, MEMORY: Alloc=5.2Mi, TotalAlloc=176.6Mi, Sys=19.1Mi, NumGC=57	caller=stat/usage.go:61
2024-10-18T08:14:00.958Z	 stat 	(api) shedding_stat [1m], cpu: 0, total: 0, pass: 0, drop: 0	caller=load/sheddingstat.go:61
2024-10-18T08:14:38.427Z	 stat 	(users-api) - qps: 0.0/s, drops: 0, avg time: 0.0ms, med: 0.0ms, 90th: 0.0ms, 99th: 0.0ms, 99.9th: 0.0ms	caller=stat/metrics.go:210
2024-10-18T08:15:00.802Z	 stat 	CPU: 0m, MEMORY: Alloc=5.0Mi, TotalAlloc=179.5Mi, Sys=19.1Mi, NumGC=58	caller=stat/usage.go:61
2024-10-18T08:15:00.962Z	 stat 	(api) shedding_stat [1m], cpu: 0, total: 0, pass: 0, drop: 0	caller=load/sheddingstat.go:61
2024-10-18T08:15:38.425Z	 stat 	(users-api) - qps: 0.0/s, drops: 0, avg time: 0.0ms, med: 0.0ms, 90th: 0.0ms, 99th: 0.0ms, 99.9th: 0.0ms	caller=stat/metrics.go:210
2024-10-18T08:16:00.801Z	 stat 	CPU: 0m, MEMORY: Alloc=4.5Mi, TotalAlloc=182.4Mi, Sys=19.1Mi, NumGC=59	caller=stat/usage.go:61
2024-10-18T08:16:00.954Z	 stat 	(api) shedding_stat [1m], cpu: 0, total: 0, pass: 0, drop: 0	caller=load/sheddingstat.go:61
2024-10-18T08:16:38.423Z	 stat 	(users-api) - qps: 0.0/s, drops: 0, avg time: 0.0ms, med: 0.0ms, 90th: 0.0ms, 99th: 0.0ms, 99.9th: 0.0ms	caller=stat/metrics.go:210
2024-10-18T08:17:00.798Z	 stat 	CPU: 0m, MEMORY: Alloc=4.2Mi, TotalAlloc=185.3Mi, Sys=19.1Mi, NumGC=60	caller=stat/usage.go:61
2024-10-18T08:17:00.952Z	 stat 	(api) shedding_stat [1m], cpu: 0, total: 0, pass: 0, drop: 0	caller=load/sheddingstat.go:61
2024-10-18T08:17:38.421Z	 stat 	(users-api) - qps: 0.0/s, drops: 0, avg time: 0.0ms, med: 0.0ms, 90th: 0.0ms, 99th: 0.0ms, 99.9th: 0.0ms	caller=stat/metrics.go:210
2024-10-18T08:18:00.796Z	 stat 	CPU: 0m, MEMORY: Alloc=3.9Mi, TotalAlloc=188.2Mi, Sys=19.1Mi, NumGC=61	caller=stat/usage.go:61
2024-10-18T08:18:00.949Z	 stat 	(api) shedding_stat [1m], cpu: 0, total: 0, pass: 0, drop: 0	caller=load/sheddingstat.go:61
2024-10-18T08:18:38.419Z	 stat 	(users-api) - qps: 0.0/s, drops: 0, avg time: 0.0ms, med: 0.0ms, 90th: 0.0ms, 99th: 0.0ms, 99.9th: 0.0ms	caller=stat/metrics.go:210
2024-10-18T08:19:00.794Z	 stat 	CPU: 0m, MEMORY: Alloc=3.6Mi, TotalAlloc=191.1Mi, Sys=19.1Mi, NumGC=62	caller=stat/usage.go:61
2024-10-18T08:19:00.947Z	 stat 	(api) shedding_stat [1m], cpu: 0, total: 0, pass: 0, drop: 0	caller=load/sheddingstat.go:61
2024-10-18T08:19:38.431Z	 stat 	(users-api) - qps: 0.0/s, drops: 0, avg time: 0.0ms, med: 0.0ms, 90th: 0.0ms, 99th: 0.0ms, 99.9th: 0.0ms	caller=stat/metrics.go:210
2024-10-18T08:20:00.803Z	 stat 	CPU: 0m, MEMORY: Alloc=3.3Mi, TotalAlloc=193.9Mi, Sys=19.1Mi, NumGC=63	caller=stat/usage.go:61
2024-10-18T08:20:00.945Z	 stat 	(api) shedding_stat [1m], cpu: 0, total: 0, pass: 0, drop: 0	caller=load/sheddingstat.go:61
2024-10-18T08:20:38.415Z	 stat 	(users-api) - qps: 0.0/s, drops: 0, avg time: 0.0ms, med: 0.0ms, 90th: 0.0ms, 99th: 0.0ms, 99.9th: 0.0ms	caller=stat/metrics.go:210
2024-10-18T08:21:00.790Z	 stat 	CPU: 0m, MEMORY: Alloc=6.2Mi, TotalAlloc=196.8Mi, Sys=19.1Mi, NumGC=63	caller=stat/usage.go:61
2024-10-18T08:21:00.942Z	 stat 	(api) shedding_stat [1m], cpu: 0, total: 0, pass: 0, drop: 0	caller=load/sheddingstat.go:61
2024-10-18T08:21:38.412Z	 stat 	(users-api) - qps: 0.0/s, drops: 0, avg time: 0.0ms, med: 0.0ms, 90th: 0.0ms, 99th: 0.0ms, 99.9th: 0.0ms	caller=stat/metrics.go:210
2024-10-18T08:22:00.788Z	 stat 	CPU: 0m, MEMORY: Alloc=5.9Mi, TotalAlloc=199.7Mi, Sys=19.1Mi, NumGC=64	caller=stat/usage.go:61
2024-10-18T08:22:00.941Z	 stat 	(api) shedding_stat [1m], cpu: 0, total: 0, pass: 0, drop: 0	caller=load/sheddingstat.go:61
2024-10-18T08:22:38.410Z	 stat 	(users-api) - qps: 0.0/s, drops: 0, avg time: 0.0ms, med: 0.0ms, 90th: 0.0ms, 99th: 0.0ms, 99.9th: 0.0ms	caller=stat/metrics.go:210
2024-10-18T08:23:00.786Z	 stat 	CPU: 0m, MEMORY: Alloc=5.6Mi, TotalAlloc=202.6Mi, Sys=19.1Mi, NumGC=65	caller=stat/usage.go:61
2024-10-18T08:23:00.939Z	 stat 	(api) shedding_stat [1m], cpu: 0, total: 0, pass: 0, drop: 0	caller=load/sheddingstat.go:61
2024-10-18T08:23:38.408Z	 stat 	(users-api) - qps: 0.0/s, drops: 0, avg time: 0.0ms, med: 0.0ms, 90th: 0.0ms, 99th: 0.0ms, 99.9th: 0.0ms	caller=stat/metrics.go:210
2024-10-18T08:24:00.784Z	 stat 	CPU: 0m, MEMORY: Alloc=5.2Mi, TotalAlloc=205.5Mi, Sys=19.1Mi, NumGC=66	caller=stat/usage.go:61
2024-10-18T08:24:00.937Z	 stat 	(api) shedding_stat [1m], cpu: 0, total: 0, pass: 0, drop: 0	caller=load/sheddingstat.go:61
2024-10-18T08:24:38.406Z	 stat 	(users-api) - qps: 0.0/s, drops: 0, avg time: 0.0ms, med: 0.0ms, 90th: 0.0ms, 99th: 0.0ms, 99.9th: 0.0ms	caller=stat/metrics.go:210
2024-10-18T08:25:00.781Z	 stat 	CPU: 0m, MEMORY: Alloc=4.9Mi, TotalAlloc=208.4Mi, Sys=19.1Mi, NumGC=67	caller=stat/usage.go:61
2024-10-18T08:25:00.935Z	 stat 	(api) shedding_stat [1m], cpu: 0, total: 0, pass: 0, drop: 0	caller=load/sheddingstat.go:61
2024-10-18T08:25:38.404Z	 stat 	(users-api) - qps: 0.0/s, drops: 0, avg time: 0.0ms, med: 0.0ms, 90th: 0.0ms, 99th: 0.0ms, 99.9th: 0.0ms	caller=stat/metrics.go:210
2024-10-18T08:26:00.780Z	 stat 	CPU: 0m, MEMORY: Alloc=4.5Mi, TotalAlloc=211.3Mi, Sys=19.1Mi, NumGC=68	caller=stat/usage.go:61
2024-10-18T08:26:00.933Z	 stat 	(api) shedding_stat [1m], cpu: 0, total: 0, pass: 0, drop: 0	caller=load/sheddingstat.go:61
2024-10-18T08:26:38.410Z	 stat 	(users-api) - qps: 0.0/s, drops: 0, avg time: 0.0ms, med: 0.0ms, 90th: 0.0ms, 99th: 0.0ms, 99.9th: 0.0ms	caller=stat/metrics.go:210
2024-10-18T08:27:00.788Z	 stat 	CPU: 0m, MEMORY: Alloc=4.3Mi, TotalAlloc=214.1Mi, Sys=19.1Mi, NumGC=69	caller=stat/usage.go:61
2024-10-18T08:27:00.931Z	 stat 	(api) shedding_stat [1m], cpu: 0, total: 0, pass: 0, drop: 0	caller=load/sheddingstat.go:61
2024-10-18T08:27:38.400Z	 stat 	(users-api) - qps: 0.0/s, drops: 0, avg time: 0.0ms, med: 0.0ms, 90th: 0.0ms, 99th: 0.0ms, 99.9th: 0.0ms	caller=stat/metrics.go:210
2024-10-18T08:28:00.775Z	 stat 	CPU: 0m, MEMORY: Alloc=3.9Mi, TotalAlloc=217.0Mi, Sys=19.1Mi, NumGC=70	caller=stat/usage.go:61
2024-10-18T08:28:00.928Z	 stat 	(api) shedding_stat [1m], cpu: 0, total: 0, pass: 0, drop: 0	caller=load/sheddingstat.go:61
2024-10-18T08:28:38.407Z	 stat 	(users-api) - qps: 0.0/s, drops: 0, avg time: 0.0ms, med: 0.0ms, 90th: 0.0ms, 99th: 0.0ms, 99.9th: 0.0ms	caller=stat/metrics.go:210
2024-10-18T08:29:00.772Z	 stat 	CPU: 0m, MEMORY: Alloc=3.6Mi, TotalAlloc=219.9Mi, Sys=19.1Mi, NumGC=71	caller=stat/usage.go:61
2024-10-18T08:29:00.926Z	 stat 	(api) shedding_stat [1m], cpu: 0, total: 0, pass: 0, drop: 0	caller=load/sheddingstat.go:61
2024-10-18T08:29:38.395Z	 stat 	(users-api) - qps: 0.0/s, drops: 0, avg time: 0.0ms, med: 0.0ms, 90th: 0.0ms, 99th: 0.0ms, 99.9th: 0.0ms	caller=stat/metrics.go:210
2024-10-18T08:30:00.770Z	 stat 	CPU: 0m, MEMORY: Alloc=3.3Mi, TotalAlloc=222.8Mi, Sys=19.1Mi, NumGC=72	caller=stat/usage.go:61
2024-10-18T08:30:00.923Z	 stat 	(api) shedding_stat [1m], cpu: 0, total: 0, pass: 0, drop: 0	caller=load/sheddingstat.go:61
2024-10-18T08:30:38.392Z	 stat 	(users-api) - qps: 0.0/s, drops: 0, avg time: 0.0ms, med: 0.0ms, 90th: 0.0ms, 99th: 0.0ms, 99.9th: 0.0ms	caller=stat/metrics.go:210
2024-10-18T08:31:00.767Z	 stat 	CPU: 0m, MEMORY: Alloc=6.2Mi, TotalAlloc=225.7Mi, Sys=19.1Mi, NumGC=72	caller=stat/usage.go:61
2024-10-18T08:31:00.921Z	 stat 	(api) shedding_stat [1m], cpu: 0, total: 0, pass: 0, drop: 0	caller=load/sheddingstat.go:61
2024-10-18T08:31:38.390Z	 stat 	(users-api) - qps: 0.0/s, drops: 0, avg time: 0.0ms, med: 0.0ms, 90th: 0.0ms, 99th: 0.0ms, 99.9th: 0.0ms	caller=stat/metrics.go:210
2024-10-18T08:32:00.764Z	 stat 	CPU: 0m, MEMORY: Alloc=5.7Mi, TotalAlloc=228.6Mi, Sys=19.1Mi, NumGC=73	caller=stat/usage.go:61
2024-10-18T08:32:00.918Z	 stat 	(api) shedding_stat [1m], cpu: 0, total: 0, pass: 0, drop: 0	caller=load/sheddingstat.go:61
2024-10-18T08:32:38.381Z	 stat 	(users-api) - qps: 0.0/s, drops: 0, avg time: 0.0ms, med: 0.0ms, 90th: 0.0ms, 99th: 0.0ms, 99.9th: 0.0ms	caller=stat/metrics.go:210
2024-10-18T08:33:00.754Z	 stat 	CPU: 0m, MEMORY: Alloc=5.3Mi, TotalAlloc=231.5Mi, Sys=19.1Mi, NumGC=74	caller=stat/usage.go:61
2024-10-18T08:33:00.907Z	 stat 	(api) shedding_stat [1m], cpu: 0, total: 0, pass: 0, drop: 0	caller=load/sheddingstat.go:61
2024-10-18T08:33:38.376Z	 stat 	(users-api) - qps: 0.0/s, drops: 0, avg time: 0.0ms, med: 0.0ms, 90th: 0.0ms, 99th: 0.0ms, 99.9th: 0.0ms	caller=stat/metrics.go:210
2024-10-18T08:34:00.750Z	 stat 	CPU: 0m, MEMORY: Alloc=5.0Mi, TotalAlloc=234.3Mi, Sys=19.1Mi, NumGC=75	caller=stat/usage.go:61
2024-10-18T08:34:00.904Z	 stat 	(api) shedding_stat [1m], cpu: 0, total: 0, pass: 0, drop: 0	caller=load/sheddingstat.go:61
2024-10-18T08:34:38.374Z	 stat 	(users-api) - qps: 0.0/s, drops: 0, avg time: 0.0ms, med: 0.0ms, 90th: 0.0ms, 99th: 0.0ms, 99.9th: 0.0ms	caller=stat/metrics.go:210
2024-10-18T08:35:00.746Z	 stat 	CPU: 0m, MEMORY: Alloc=4.6Mi, TotalAlloc=237.2Mi, Sys=19.1Mi, NumGC=76	caller=stat/usage.go:61
2024-10-18T08:35:00.900Z	 stat 	(api) shedding_stat [1m], cpu: 0, total: 0, pass: 0, drop: 0	caller=load/sheddingstat.go:61
2024-10-18T08:35:38.367Z	 stat 	(users-api) - qps: 0.0/s, drops: 0, avg time: 0.0ms, med: 0.0ms, 90th: 0.0ms, 99th: 0.0ms, 99.9th: 0.0ms	caller=stat/metrics.go:210
2024-10-18T08:36:00.742Z	 stat 	CPU: 0m, MEMORY: Alloc=4.3Mi, TotalAlloc=240.1Mi, Sys=19.1Mi, NumGC=77	caller=stat/usage.go:61
2024-10-18T08:36:00.895Z	 stat 	(api) shedding_stat [1m], cpu: 0, total: 0, pass: 0, drop: 0	caller=load/sheddingstat.go:61
2024-10-18T08:36:38.363Z	 stat 	(users-api) - qps: 0.0/s, drops: 0, avg time: 0.0ms, med: 0.0ms, 90th: 0.0ms, 99th: 0.0ms, 99.9th: 0.0ms	caller=stat/metrics.go:210
2024-10-18T08:37:00.738Z	 stat 	CPU: 0m, MEMORY: Alloc=4.0Mi, TotalAlloc=243.0Mi, Sys=19.1Mi, NumGC=78	caller=stat/usage.go:61
2024-10-18T08:37:00.892Z	 stat 	(api) shedding_stat [1m], cpu: 0, total: 0, pass: 0, drop: 0	caller=load/sheddingstat.go:61
2024-10-18T08:37:38.360Z	 stat 	(users-api) - qps: 0.0/s, drops: 0, avg time: 0.0ms, med: 0.0ms, 90th: 0.0ms, 99th: 0.0ms, 99.9th: 0.0ms	caller=stat/metrics.go:210
2024-10-18T08:38:00.723Z	 stat 	CPU: 0m, MEMORY: Alloc=3.6Mi, TotalAlloc=245.9Mi, Sys=19.1Mi, NumGC=79	caller=stat/usage.go:61
2024-10-18T08:38:00.878Z	 stat 	(api) shedding_stat [1m], cpu: 0, total: 0, pass: 0, drop: 0	caller=load/sheddingstat.go:61
2024-10-18T08:38:38.356Z	 stat 	(users-api) - qps: 0.0/s, drops: 0, avg time: 0.0ms, med: 0.0ms, 90th: 0.0ms, 99th: 0.0ms, 99.9th: 0.0ms	caller=stat/metrics.go:210
2024-10-18T08:39:00.741Z	 stat 	CPU: 0m, MEMORY: Alloc=6.5Mi, TotalAlloc=248.8Mi, Sys=19.1Mi, NumGC=79	caller=stat/usage.go:61
2024-10-18T08:39:00.884Z	 stat 	(api) shedding_stat [1m], cpu: 0, total: 0, pass: 0, drop: 0	caller=load/sheddingstat.go:61
2024-10-18T08:39:38.353Z	 stat 	(users-api) - qps: 0.0/s, drops: 0, avg time: 0.0ms, med: 0.0ms, 90th: 0.0ms, 99th: 0.0ms, 99.9th: 0.0ms	caller=stat/metrics.go:210
2024-10-18T08:40:00.727Z	 stat 	CPU: 0m, MEMORY: Alloc=6.2Mi, TotalAlloc=251.7Mi, Sys=19.1Mi, NumGC=80	caller=stat/usage.go:61
2024-10-18T08:40:00.880Z	 stat 	(api) shedding_stat [1m], cpu: 0, total: 0, pass: 0, drop: 0	caller=load/sheddingstat.go:61
2024-10-18T08:40:38.348Z	 stat 	(users-api) - qps: 0.0/s, drops: 0, avg time: 0.0ms, med: 0.0ms, 90th: 0.0ms, 99th: 0.0ms, 99.9th: 0.0ms	caller=stat/metrics.go:210
2024-10-18T08:41:00.724Z	 stat 	CPU: 0m, MEMORY: Alloc=5.8Mi, TotalAlloc=254.6Mi, Sys=19.1Mi, NumGC=81	caller=stat/usage.go:61
2024-10-18T08:41:00.877Z	 stat 	(api) shedding_stat [1m], cpu: 0, total: 0, pass: 0, drop: 0	caller=load/sheddingstat.go:61
2024-10-18T08:41:38.346Z	 stat 	(users-api) - qps: 0.0/s, drops: 0, avg time: 0.0ms, med: 0.0ms, 90th: 0.0ms, 99th: 0.0ms, 99.9th: 0.0ms	caller=stat/metrics.go:210
2024-10-18T08:42:00.719Z	 stat 	CPU: 0m, MEMORY: Alloc=5.4Mi, TotalAlloc=257.4Mi, Sys=19.1Mi, NumGC=82	caller=stat/usage.go:61
2024-10-18T08:42:00.874Z	 stat 	(api) shedding_stat [1m], cpu: 0, total: 0, pass: 0, drop: 0	caller=load/sheddingstat.go:61
2024-10-18T08:42:38.342Z	 stat 	(users-api) - qps: 0.0/s, drops: 0, avg time: 0.0ms, med: 0.0ms, 90th: 0.0ms, 99th: 0.0ms, 99.9th: 0.0ms	caller=stat/metrics.go:210
2024-10-18T08:43:00.716Z	 stat 	CPU: 0m, MEMORY: Alloc=4.9Mi, TotalAlloc=260.3Mi, Sys=19.1Mi, NumGC=83	caller=stat/usage.go:61
2024-10-18T08:43:00.870Z	 stat 	(api) shedding_stat [1m], cpu: 0, total: 0, pass: 0, drop: 0	caller=load/sheddingstat.go:61
2024-10-18T08:43:38.338Z	 stat 	(users-api) - qps: 0.0/s, drops: 0, avg time: 0.0ms, med: 0.0ms, 90th: 0.0ms, 99th: 0.0ms, 99.9th: 0.0ms	caller=stat/metrics.go:210
2024-10-18T08:44:00.714Z	 stat 	CPU: 0m, MEMORY: Alloc=4.7Mi, TotalAlloc=263.2Mi, Sys=19.1Mi, NumGC=84	caller=stat/usage.go:61
2024-10-18T08:44:00.867Z	 stat 	(api) shedding_stat [1m], cpu: 0, total: 0, pass: 0, drop: 0	caller=load/sheddingstat.go:61
2024-10-18T08:44:38.336Z	 stat 	(users-api) - qps: 0.0/s, drops: 0, avg time: 0.0ms, med: 0.0ms, 90th: 0.0ms, 99th: 0.0ms, 99.9th: 0.0ms	caller=stat/metrics.go:210
2024-10-18T08:45:00.710Z	 stat 	CPU: 0m, MEMORY: Alloc=4.3Mi, TotalAlloc=266.1Mi, Sys=19.1Mi, NumGC=85	caller=stat/usage.go:61
2024-10-18T08:45:00.864Z	 stat 	(api) shedding_stat [1m], cpu: 0, total: 0, pass: 0, drop: 0	caller=load/sheddingstat.go:61
2024-10-18T08:45:38.332Z	 stat 	(users-api) - qps: 0.0/s, drops: 0, avg time: 0.0ms, med: 0.0ms, 90th: 0.0ms, 99th: 0.0ms, 99.9th: 0.0ms	caller=stat/metrics.go:210
2024-10-18T08:46:00.707Z	 stat 	CPU: 0m, MEMORY: Alloc=3.9Mi, TotalAlloc=269.0Mi, Sys=19.1Mi, NumGC=86	caller=stat/usage.go:61
2024-10-18T08:46:00.861Z	 stat 	(api) shedding_stat [1m], cpu: 0, total: 0, pass: 0, drop: 0	caller=load/sheddingstat.go:61
2024-10-18T08:46:38.329Z	 stat 	(users-api) - qps: 0.0/s, drops: 0, avg time: 0.0ms, med: 0.0ms, 90th: 0.0ms, 99th: 0.0ms, 99.9th: 0.0ms	caller=stat/metrics.go:210
2024-10-18T08:47:00.704Z	 stat 	CPU: 0m, MEMORY: Alloc=3.6Mi, TotalAlloc=271.9Mi, Sys=19.1Mi, NumGC=87	caller=stat/usage.go:61
2024-10-18T08:47:00.858Z	 stat 	(api) shedding_stat [1m], cpu: 0, total: 0, pass: 0, drop: 0	caller=load/sheddingstat.go:61
2024-10-18T08:47:38.326Z	 stat 	(users-api) - qps: 0.0/s, drops: 0, avg time: 0.0ms, med: 0.0ms, 90th: 0.0ms, 99th: 0.0ms, 99.9th: 0.0ms	caller=stat/metrics.go:210
2024-10-18T08:48:00.700Z	 stat 	CPU: 0m, MEMORY: Alloc=6.5Mi, TotalAlloc=274.7Mi, Sys=19.1Mi, NumGC=87	caller=stat/usage.go:61
2024-10-18T08:48:00.853Z	 stat 	(api) shedding_stat [1m], cpu: 0, total: 0, pass: 0, drop: 0	caller=load/sheddingstat.go:61
2024-10-18T08:48:38.323Z	 stat 	(users-api) - qps: 0.0/s, drops: 0, avg time: 0.0ms, med: 0.0ms, 90th: 0.0ms, 99th: 0.0ms, 99.9th: 0.0ms	caller=stat/metrics.go:210
2024-10-18T08:49:00.698Z	 stat 	CPU: 0m, MEMORY: Alloc=6.2Mi, TotalAlloc=277.6Mi, Sys=19.1Mi, NumGC=88	caller=stat/usage.go:61
2024-10-18T08:49:00.851Z	 stat 	(api) shedding_stat [1m], cpu: 0, total: 0, pass: 0, drop: 0	caller=load/sheddingstat.go:61
2024-10-18T08:49:38.331Z	 stat 	(users-api) - qps: 0.0/s, drops: 0, avg time: 0.0ms, med: 0.0ms, 90th: 0.0ms, 99th: 0.0ms, 99.9th: 0.0ms	caller=stat/metrics.go:210
2024-10-18T08:50:00.695Z	 stat 	CPU: 0m, MEMORY: Alloc=5.8Mi, TotalAlloc=280.5Mi, Sys=19.1Mi, NumGC=89	caller=stat/usage.go:61
2024-10-18T08:50:00.848Z	 stat 	(api) shedding_stat [1m], cpu: 0, total: 0, pass: 0, drop: 0	caller=load/sheddingstat.go:61
2024-10-18T08:50:38.317Z	 stat 	(users-api) - qps: 0.0/s, drops: 0, avg time: 0.0ms, med: 0.0ms, 90th: 0.0ms, 99th: 0.0ms, 99.9th: 0.0ms	caller=stat/metrics.go:210
2024-10-18T08:51:00.693Z	 stat 	CPU: 0m, MEMORY: Alloc=5.6Mi, TotalAlloc=283.4Mi, Sys=19.1Mi, NumGC=90	caller=stat/usage.go:61
2024-10-18T08:51:00.846Z	 stat 	(api) shedding_stat [1m], cpu: 0, total: 0, pass: 0, drop: 0	caller=load/sheddingstat.go:61
2024-10-18T08:51:38.315Z	 stat 	(users-api) - qps: 0.0/s, drops: 0, avg time: 0.0ms, med: 0.0ms, 90th: 0.0ms, 99th: 0.0ms, 99.9th: 0.0ms	caller=stat/metrics.go:210
2024-10-18T08:52:00.690Z	 stat 	CPU: 0m, MEMORY: Alloc=5.2Mi, TotalAlloc=286.3Mi, Sys=19.1Mi, NumGC=91	caller=stat/usage.go:61
2024-10-18T08:52:00.844Z	 stat 	(api) shedding_stat [1m], cpu: 0, total: 0, pass: 0, drop: 0	caller=load/sheddingstat.go:61
2024-10-18T08:52:38.312Z	 stat 	(users-api) - qps: 0.0/s, drops: 0, avg time: 0.0ms, med: 0.0ms, 90th: 0.0ms, 99th: 0.0ms, 99.9th: 0.0ms	caller=stat/metrics.go:210
2024-10-18T08:53:00.699Z	 stat 	CPU: 0m, MEMORY: Alloc=5.0Mi, TotalAlloc=289.2Mi, Sys=19.1Mi, NumGC=92	caller=stat/usage.go:61
2024-10-18T08:53:00.841Z	 stat 	(api) shedding_stat [1m], cpu: 0, total: 0, pass: 0, drop: 0	caller=load/sheddingstat.go:61
2024-10-18T08:53:38.310Z	 stat 	(users-api) - qps: 0.0/s, drops: 0, avg time: 0.0ms, med: 0.0ms, 90th: 0.0ms, 99th: 0.0ms, 99.9th: 0.0ms	caller=stat/metrics.go:210
2024-10-18T08:54:00.685Z	 stat 	CPU: 0m, MEMORY: Alloc=4.6Mi, TotalAlloc=292.1Mi, Sys=19.1Mi, NumGC=93	caller=stat/usage.go:61
2024-10-18T08:54:00.838Z	 stat 	(api) shedding_stat [1m], cpu: 0, total: 0, pass: 0, drop: 0	caller=load/sheddingstat.go:61
2024-10-18T08:54:38.307Z	 stat 	(users-api) - qps: 0.0/s, drops: 0, avg time: 0.0ms, med: 0.0ms, 90th: 0.0ms, 99th: 0.0ms, 99.9th: 0.0ms	caller=stat/metrics.go:210
2024-10-18T08:55:00.682Z	 stat 	CPU: 0m, MEMORY: Alloc=4.3Mi, TotalAlloc=294.9Mi, Sys=19.1Mi, NumGC=94	caller=stat/usage.go:61
2024-10-18T08:55:00.836Z	 stat 	(api) shedding_stat [1m], cpu: 0, total: 0, pass: 0, drop: 0	caller=load/sheddingstat.go:61
2024-10-18T08:55:38.305Z	 stat 	(users-api) - qps: 0.0/s, drops: 0, avg time: 0.0ms, med: 0.0ms, 90th: 0.0ms, 99th: 0.0ms, 99.9th: 0.0ms	caller=stat/metrics.go:210
2024-10-18T08:56:00.679Z	 stat 	CPU: 0m, MEMORY: Alloc=4.0Mi, TotalAlloc=297.8Mi, Sys=19.1Mi, NumGC=95	caller=stat/usage.go:61
2024-10-18T08:56:00.833Z	 stat 	(api) shedding_stat [1m], cpu: 0, total: 0, pass: 0, drop: 0	caller=load/sheddingstat.go:61
2024-10-18T08:56:38.302Z	 stat 	(users-api) - qps: 0.0/s, drops: 0, avg time: 0.0ms, med: 0.0ms, 90th: 0.0ms, 99th: 0.0ms, 99.9th: 0.0ms	caller=stat/metrics.go:210
2024-10-18T08:57:00.677Z	 stat 	CPU: 0m, MEMORY: Alloc=3.8Mi, TotalAlloc=300.7Mi, Sys=19.1Mi, NumGC=96	caller=stat/usage.go:61
2024-10-18T08:57:00.831Z	 stat 	(api) shedding_stat [1m], cpu: 0, total: 0, pass: 0, drop: 0	caller=load/sheddingstat.go:61
2024-10-18T08:57:38.300Z	 stat 	(users-api) - qps: 0.0/s, drops: 0, avg time: 0.0ms, med: 0.0ms, 90th: 0.0ms, 99th: 0.0ms, 99.9th: 0.0ms	caller=stat/metrics.go:210
2024-10-18T08:58:00.675Z	 stat 	CPU: 0m, MEMORY: Alloc=3.5Mi, TotalAlloc=303.6Mi, Sys=19.1Mi, NumGC=97	caller=stat/usage.go:61
2024-10-18T08:58:00.840Z	 stat 	(api) shedding_stat [1m], cpu: 0, total: 0, pass: 0, drop: 0	caller=load/sheddingstat.go:61
2024-10-18T08:58:38.297Z	 stat 	(users-api) - qps: 0.0/s, drops: 0, avg time: 0.0ms, med: 0.0ms, 90th: 0.0ms, 99th: 0.0ms, 99.9th: 0.0ms	caller=stat/metrics.go:210
2024-10-18T08:59:00.672Z	 stat 	CPU: 0m, MEMORY: Alloc=3.3Mi, TotalAlloc=306.5Mi, Sys=19.1Mi, NumGC=98	caller=stat/usage.go:61
2024-10-18T08:59:00.826Z	 stat 	(api) shedding_stat [1m], cpu: 0, total: 0, pass: 0, drop: 0	caller=load/sheddingstat.go:61
2024-10-18T08:59:38.295Z	 stat 	(users-api) - qps: 0.0/s, drops: 0, avg time: 0.0ms, med: 0.0ms, 90th: 0.0ms, 99th: 0.0ms, 99.9th: 0.0ms	caller=stat/metrics.go:210
2024-10-18T09:00:00.670Z	 stat 	CPU: 0m, MEMORY: Alloc=6.2Mi, TotalAlloc=309.4Mi, Sys=19.1Mi, NumGC=98	caller=stat/usage.go:61
2024-10-18T09:00:00.823Z	 stat 	(api) shedding_stat [1m], cpu: 0, total: 0, pass: 0, drop: 0	caller=load/sheddingstat.go:61
2024-10-18T09:00:38.293Z	 stat 	(users-api) - qps: 0.0/s, drops: 0, avg time: 0.0ms, med: 0.0ms, 90th: 0.0ms, 99th: 0.0ms, 99.9th: 0.0ms	caller=stat/metrics.go:210
2024-10-18T09:01:00.667Z	 stat 	CPU: 0m, MEMORY: Alloc=5.8Mi, TotalAlloc=312.3Mi, Sys=19.1Mi, NumGC=99	caller=stat/usage.go:61
2024-10-18T09:01:00.821Z	 stat 	(api) shedding_stat [1m], cpu: 0, total: 0, pass: 0, drop: 0	caller=load/sheddingstat.go:61
2024-10-18T09:01:38.290Z	 stat 	(users-api) - qps: 0.0/s, drops: 0, avg time: 0.0ms, med: 0.0ms, 90th: 0.0ms, 99th: 0.0ms, 99.9th: 0.0ms	caller=stat/metrics.go:210
2024-10-18T09:02:00.666Z	 stat 	CPU: 0m, MEMORY: Alloc=5.5Mi, TotalAlloc=315.1Mi, Sys=19.1Mi, NumGC=100	caller=stat/usage.go:61
2024-10-18T09:02:00.819Z	 stat 	(api) shedding_stat [1m], cpu: 0, total: 0, pass: 0, drop: 0	caller=load/sheddingstat.go:61
2024-10-18T09:02:38.288Z	 stat 	(users-api) - qps: 0.0/s, drops: 0, avg time: 0.0ms, med: 0.0ms, 90th: 0.0ms, 99th: 0.0ms, 99.9th: 0.0ms	caller=stat/metrics.go:210
2024-10-18T09:03:00.663Z	 stat 	CPU: 0m, MEMORY: Alloc=5.2Mi, TotalAlloc=318.0Mi, Sys=19.1Mi, NumGC=101	caller=stat/usage.go:61
2024-10-18T09:03:00.817Z	 stat 	(api) shedding_stat [1m], cpu: 0, total: 0, pass: 0, drop: 0	caller=load/sheddingstat.go:61
2024-10-18T09:03:38.286Z	 stat 	(users-api) - qps: 0.0/s, drops: 0, avg time: 0.0ms, med: 0.0ms, 90th: 0.0ms, 99th: 0.0ms, 99.9th: 0.0ms	caller=stat/metrics.go:210
2024-10-18T09:04:00.659Z	 stat 	CPU: 0m, MEMORY: Alloc=5.0Mi, TotalAlloc=320.9Mi, Sys=19.1Mi, NumGC=102	caller=stat/usage.go:61
2024-10-18T09:04:00.813Z	 stat 	(api) shedding_stat [1m], cpu: 0, total: 0, pass: 0, drop: 0	caller=load/sheddingstat.go:61
2024-10-18T09:04:38.284Z	 stat 	(users-api) - qps: 0.0/s, drops: 0, avg time: 0.0ms, med: 0.0ms, 90th: 0.0ms, 99th: 0.0ms, 99.9th: 0.0ms	caller=stat/metrics.go:210
2024-10-18T09:05:00.659Z	 stat 	CPU: 0m, MEMORY: Alloc=4.6Mi, TotalAlloc=323.8Mi, Sys=19.1Mi, NumGC=103	caller=stat/usage.go:61
2024-10-18T09:05:00.812Z	 stat 	(api) shedding_stat [1m], cpu: 0, total: 0, pass: 0, drop: 0	caller=load/sheddingstat.go:61
2024-10-18T09:05:38.281Z	 stat 	(users-api) - qps: 0.0/s, drops: 0, avg time: 0.0ms, med: 0.0ms, 90th: 0.0ms, 99th: 0.0ms, 99.9th: 0.0ms	caller=stat/metrics.go:210
2024-10-18T09:06:00.656Z	 stat 	CPU: 0m, MEMORY: Alloc=4.4Mi, TotalAlloc=326.7Mi, Sys=19.1Mi, NumGC=104	caller=stat/usage.go:61
2024-10-18T09:06:00.809Z	 stat 	(api) shedding_stat [1m], cpu: 0, total: 0, pass: 0, drop: 0	caller=load/sheddingstat.go:61
2024-10-18T09:06:38.278Z	 stat 	(users-api) - qps: 0.0/s, drops: 0, avg time: 0.0ms, med: 0.0ms, 90th: 0.0ms, 99th: 0.0ms, 99.9th: 0.0ms	caller=stat/metrics.go:210
2024-10-18T09:07:00.653Z	 stat 	CPU: 0m, MEMORY: Alloc=4.1Mi, TotalAlloc=329.6Mi, Sys=19.1Mi, NumGC=105	caller=stat/usage.go:61
2024-10-18T09:07:00.807Z	 stat 	(api) shedding_stat [1m], cpu: 0, total: 0, pass: 0, drop: 0	caller=load/sheddingstat.go:61
2024-10-18T09:07:38.275Z	 stat 	(users-api) - qps: 0.0/s, drops: 0, avg time: 0.0ms, med: 0.0ms, 90th: 0.0ms, 99th: 0.0ms, 99.9th: 0.0ms	caller=stat/metrics.go:210
2024-10-18T09:08:00.651Z	 stat 	CPU: 0m, MEMORY: Alloc=3.9Mi, TotalAlloc=332.5Mi, Sys=19.1Mi, NumGC=106	caller=stat/usage.go:61
2024-10-18T09:08:00.805Z	 stat 	(api) shedding_stat [1m], cpu: 0, total: 0, pass: 0, drop: 0	caller=load/sheddingstat.go:61
2024-10-18T09:08:38.274Z	 stat 	(users-api) - qps: 0.0/s, drops: 0, avg time: 0.0ms, med: 0.0ms, 90th: 0.0ms, 99th: 0.0ms, 99.9th: 0.0ms	caller=stat/metrics.go:210
2024-10-18T09:09:00.649Z	 stat 	CPU: 0m, MEMORY: Alloc=3.6Mi, TotalAlloc=335.3Mi, Sys=19.1Mi, NumGC=107	caller=stat/usage.go:61
2024-10-18T09:09:00.802Z	 stat 	(api) shedding_stat [1m], cpu: 0, total: 0, pass: 0, drop: 0	caller=load/sheddingstat.go:61
2024-10-18T09:09:38.271Z	 stat 	(users-api) - qps: 0.0/s, drops: 0, avg time: 0.0ms, med: 0.0ms, 90th: 0.0ms, 99th: 0.0ms, 99.9th: 0.0ms	caller=stat/metrics.go:210
2024-10-18T09:10:00.646Z	 stat 	CPU: 0m, MEMORY: Alloc=3.4Mi, TotalAlloc=338.2Mi, Sys=19.1Mi, NumGC=108	caller=stat/usage.go:61
2024-10-18T09:10:00.799Z	 stat 	(api) shedding_stat [1m], cpu: 0, total: 0, pass: 0, drop: 0	caller=load/sheddingstat.go:61
2024-10-18T09:10:38.269Z	 stat 	(users-api) - qps: 0.0/s, drops: 0, avg time: 0.0ms, med: 0.0ms, 90th: 0.0ms, 99th: 0.0ms, 99.9th: 0.0ms	caller=stat/metrics.go:210
2024-10-18T09:11:00.769Z	 stat 	CPU: 0m, MEMORY: Alloc=6.3Mi, TotalAlloc=341.1Mi, Sys=19.1Mi, NumGC=108	caller=stat/usage.go:61
2024-10-18T09:11:00.797Z	 stat 	(api) shedding_stat [1m], cpu: 0, total: 0, pass: 0, drop: 0	caller=load/sheddingstat.go:61
2024-10-18T09:11:38.267Z	 stat 	(users-api) - qps: 0.0/s, drops: 0, avg time: 0.0ms, med: 0.0ms, 90th: 0.0ms, 99th: 0.0ms, 99.9th: 0.0ms	caller=stat/metrics.go:210
2024-10-18T09:12:00.651Z	 stat 	CPU: 0m, MEMORY: Alloc=5.9Mi, TotalAlloc=344.0Mi, Sys=19.1Mi, NumGC=109	caller=stat/usage.go:61
2024-10-18T09:12:00.795Z	 stat 	(api) shedding_stat [1m], cpu: 0, total: 0, pass: 0, drop: 0	caller=load/sheddingstat.go:61
2024-10-18T09:12:38.264Z	 stat 	(users-api) - qps: 0.0/s, drops: 0, avg time: 0.0ms, med: 0.0ms, 90th: 0.0ms, 99th: 0.0ms, 99.9th: 0.0ms	caller=stat/metrics.go:210
2024-10-18T09:13:00.638Z	 stat 	CPU: 0m, MEMORY: Alloc=5.5Mi, TotalAlloc=346.9Mi, Sys=19.1Mi, NumGC=110	caller=stat/usage.go:61
2024-10-18T09:13:00.792Z	 stat 	(api) shedding_stat [1m], cpu: 0, total: 0, pass: 0, drop: 0	caller=load/sheddingstat.go:61
2024-10-18T09:13:38.261Z	 stat 	(users-api) - qps: 0.0/s, drops: 0, avg time: 0.0ms, med: 0.0ms, 90th: 0.0ms, 99th: 0.0ms, 99.9th: 0.0ms	caller=stat/metrics.go:210
2024-10-18T09:14:00.636Z	 stat 	CPU: 0m, MEMORY: Alloc=5.2Mi, TotalAlloc=349.8Mi, Sys=19.1Mi, NumGC=111	caller=stat/usage.go:61
2024-10-18T09:14:00.790Z	 stat 	(api) shedding_stat [1m], cpu: 0, total: 0, pass: 0, drop: 0	caller=load/sheddingstat.go:61
2024-10-18T09:14:38.259Z	 stat 	(users-api) - qps: 0.0/s, drops: 0, avg time: 0.0ms, med: 0.0ms, 90th: 0.0ms, 99th: 0.0ms, 99.9th: 0.0ms	caller=stat/metrics.go:210
2024-10-18T09:15:00.634Z	 stat 	CPU: 0m, MEMORY: Alloc=4.8Mi, TotalAlloc=352.7Mi, Sys=19.1Mi, NumGC=112	caller=stat/usage.go:61
2024-10-18T09:15:00.787Z	 stat 	(api) shedding_stat [1m], cpu: 0, total: 0, pass: 0, drop: 0	caller=load/sheddingstat.go:61
2024-10-18T09:15:38.257Z	 stat 	(users-api) - qps: 0.0/s, drops: 0, avg time: 0.0ms, med: 0.0ms, 90th: 0.0ms, 99th: 0.0ms, 99.9th: 0.0ms	caller=stat/metrics.go:210
2024-10-18T09:16:00.631Z	 stat 	CPU: 0m, MEMORY: Alloc=4.6Mi, TotalAlloc=355.6Mi, Sys=19.1Mi, NumGC=113	caller=stat/usage.go:61
2024-10-18T09:16:00.784Z	 stat 	(api) shedding_stat [1m], cpu: 0, total: 0, pass: 0, drop: 0	caller=load/sheddingstat.go:61
2024-10-18T09:16:38.253Z	 stat 	(users-api) - qps: 0.0/s, drops: 0, avg time: 0.0ms, med: 0.0ms, 90th: 0.0ms, 99th: 0.0ms, 99.9th: 0.0ms	caller=stat/metrics.go:210
2024-10-18T09:17:00.628Z	 stat 	CPU: 0m, MEMORY: Alloc=4.2Mi, TotalAlloc=358.4Mi, Sys=19.1Mi, NumGC=114	caller=stat/usage.go:61
2024-10-18T09:17:00.782Z	 stat 	(api) shedding_stat [1m], cpu: 0, total: 0, pass: 0, drop: 0	caller=load/sheddingstat.go:61
2024-10-18T09:17:38.261Z	 stat 	(users-api) - qps: 0.0/s, drops: 0, avg time: 0.0ms, med: 0.0ms, 90th: 0.0ms, 99th: 0.0ms, 99.9th: 0.0ms	caller=stat/metrics.go:210
2024-10-18T09:18:00.625Z	 stat 	CPU: 0m, MEMORY: Alloc=4.0Mi, TotalAlloc=361.3Mi, Sys=19.1Mi, NumGC=115	caller=stat/usage.go:61
2024-10-18T09:18:00.779Z	 stat 	(api) shedding_stat [1m], cpu: 0, total: 0, pass: 0, drop: 0	caller=load/sheddingstat.go:61
2024-10-18T09:18:38.249Z	 stat 	(users-api) - qps: 0.0/s, drops: 0, avg time: 0.0ms, med: 0.0ms, 90th: 0.0ms, 99th: 0.0ms, 99.9th: 0.0ms	caller=stat/metrics.go:210
2024-10-18T09:19:00.623Z	 stat 	CPU: 0m, MEMORY: Alloc=3.6Mi, TotalAlloc=364.2Mi, Sys=19.1Mi, NumGC=116	caller=stat/usage.go:61
2024-10-18T09:19:00.776Z	 stat 	(api) shedding_stat [1m], cpu: 0, total: 0, pass: 0, drop: 0	caller=load/sheddingstat.go:61
2024-10-18T09:19:38.246Z	 stat 	(users-api) - qps: 0.0/s, drops: 0, avg time: 0.0ms, med: 0.0ms, 90th: 0.0ms, 99th: 0.0ms, 99.9th: 0.0ms	caller=stat/metrics.go:210
2024-10-18T09:20:00.620Z	 stat 	CPU: 0m, MEMORY: Alloc=3.5Mi, TotalAlloc=367.1Mi, Sys=19.1Mi, NumGC=117	caller=stat/usage.go:61
2024-10-18T09:20:00.774Z	 stat 	(api) shedding_stat [1m], cpu: 0, total: 0, pass: 0, drop: 0	caller=load/sheddingstat.go:61
2024-10-18T09:20:38.244Z	 stat 	(users-api) - qps: 0.0/s, drops: 0, avg time: 0.0ms, med: 0.0ms, 90th: 0.0ms, 99th: 0.0ms, 99.9th: 0.0ms	caller=stat/metrics.go:210
2024-10-18T09:21:00.618Z	 stat 	CPU: 0m, MEMORY: Alloc=6.3Mi, TotalAlloc=370.0Mi, Sys=19.1Mi, NumGC=117	caller=stat/usage.go:61
2024-10-18T09:21:00.771Z	 stat 	(api) shedding_stat [1m], cpu: 0, total: 0, pass: 0, drop: 0	caller=load/sheddingstat.go:61
2024-10-18T09:21:38.241Z	 stat 	(users-api) - qps: 0.0/s, drops: 0, avg time: 0.0ms, med: 0.0ms, 90th: 0.0ms, 99th: 0.0ms, 99.9th: 0.0ms	caller=stat/metrics.go:210
2024-10-18T09:22:00.625Z	 stat 	CPU: 0m, MEMORY: Alloc=5.9Mi, TotalAlloc=372.9Mi, Sys=19.1Mi, NumGC=118	caller=stat/usage.go:61
2024-10-18T09:22:00.769Z	 stat 	(api) shedding_stat [1m], cpu: 0, total: 0, pass: 0, drop: 0	caller=load/sheddingstat.go:61
2024-10-18T09:22:38.238Z	 stat 	(users-api) - qps: 0.0/s, drops: 0, avg time: 0.0ms, med: 0.0ms, 90th: 0.0ms, 99th: 0.0ms, 99.9th: 0.0ms	caller=stat/metrics.go:210
2024-10-18T09:23:00.612Z	 stat 	CPU: 0m, MEMORY: Alloc=5.5Mi, TotalAlloc=375.8Mi, Sys=19.1Mi, NumGC=119	caller=stat/usage.go:61
2024-10-18T09:23:00.767Z	 stat 	(api) shedding_stat [1m], cpu: 0, total: 0, pass: 0, drop: 0	caller=load/sheddingstat.go:61
2024-10-18T09:23:38.236Z	 stat 	(users-api) - qps: 0.0/s, drops: 0, avg time: 0.0ms, med: 0.0ms, 90th: 0.0ms, 99th: 0.0ms, 99.9th: 0.0ms	caller=stat/metrics.go:210
2024-10-18T09:24:00.610Z	 stat 	CPU: 0m, MEMORY: Alloc=5.1Mi, TotalAlloc=378.6Mi, Sys=19.1Mi, NumGC=120	caller=stat/usage.go:61
2024-10-18T09:24:00.764Z	 stat 	(api) shedding_stat [1m], cpu: 0, total: 0, pass: 0, drop: 0	caller=load/sheddingstat.go:61
2024-10-18T09:24:38.233Z	 stat 	(users-api) - qps: 0.0/s, drops: 0, avg time: 0.0ms, med: 0.0ms, 90th: 0.0ms, 99th: 0.0ms, 99.9th: 0.0ms	caller=stat/metrics.go:210
2024-10-18T09:25:00.608Z	 stat 	CPU: 0m, MEMORY: Alloc=4.6Mi, TotalAlloc=381.5Mi, Sys=19.1Mi, NumGC=121	caller=stat/usage.go:61
2024-10-18T09:25:00.762Z	 stat 	(api) shedding_stat [1m], cpu: 0, total: 0, pass: 0, drop: 0	caller=load/sheddingstat.go:61
2024-10-18T09:25:38.231Z	 stat 	(users-api) - qps: 0.0/s, drops: 0, avg time: 0.0ms, med: 0.0ms, 90th: 0.0ms, 99th: 0.0ms, 99.9th: 0.0ms	caller=stat/metrics.go:210
2024-10-18T09:26:00.606Z	 stat 	CPU: 0m, MEMORY: Alloc=4.4Mi, TotalAlloc=384.4Mi, Sys=19.1Mi, NumGC=122	caller=stat/usage.go:61
2024-10-18T09:26:00.760Z	 stat 	(api) shedding_stat [1m], cpu: 0, total: 0, pass: 0, drop: 0	caller=load/sheddingstat.go:61
2024-10-18T09:26:38.228Z	 stat 	(users-api) - qps: 0.0/s, drops: 0, avg time: 0.0ms, med: 0.0ms, 90th: 0.0ms, 99th: 0.0ms, 99.9th: 0.0ms	caller=stat/metrics.go:210
2024-10-18T09:27:00.604Z	 stat 	CPU: 0m, MEMORY: Alloc=4.0Mi, TotalAlloc=387.3Mi, Sys=19.1Mi, NumGC=123	caller=stat/usage.go:61
2024-10-18T09:27:00.758Z	 stat 	(api) shedding_stat [1m], cpu: 0, total: 0, pass: 0, drop: 0	caller=load/sheddingstat.go:61
2024-10-18T09:27:38.226Z	 stat 	(users-api) - qps: 0.0/s, drops: 0, avg time: 0.0ms, med: 0.0ms, 90th: 0.0ms, 99th: 0.0ms, 99.9th: 0.0ms	caller=stat/metrics.go:210
2024-10-18T09:28:00.602Z	 stat 	CPU: 0m, MEMORY: Alloc=3.8Mi, TotalAlloc=390.2Mi, Sys=19.1Mi, NumGC=124	caller=stat/usage.go:61
2024-10-18T09:28:00.755Z	 stat 	(api) shedding_stat [1m], cpu: 0, total: 0, pass: 0, drop: 0	caller=load/sheddingstat.go:61
2024-10-18T09:28:38.225Z	 stat 	(users-api) - qps: 0.0/s, drops: 0, avg time: 0.0ms, med: 0.0ms, 90th: 0.0ms, 99th: 0.0ms, 99.9th: 0.0ms	caller=stat/metrics.go:210
2024-10-18T09:29:00.599Z	 stat 	CPU: 0m, MEMORY: Alloc=3.4Mi, TotalAlloc=393.1Mi, Sys=19.1Mi, NumGC=125	caller=stat/usage.go:61
2024-10-18T09:29:00.753Z	 stat 	(api) shedding_stat [1m], cpu: 0, total: 0, pass: 0, drop: 0	caller=load/sheddingstat.go:61
2024-10-18T09:29:38.222Z	 stat 	(users-api) - qps: 0.0/s, drops: 0, avg time: 0.0ms, med: 0.0ms, 90th: 0.0ms, 99th: 0.0ms, 99.9th: 0.0ms	caller=stat/metrics.go:210
2024-10-18T09:30:00.607Z	 stat 	CPU: 0m, MEMORY: Alloc=6.3Mi, TotalAlloc=396.0Mi, Sys=19.1Mi, NumGC=125	caller=stat/usage.go:61
2024-10-18T09:30:00.750Z	 stat 	(api) shedding_stat [1m], cpu: 0, total: 0, pass: 0, drop: 0	caller=load/sheddingstat.go:61
2024-10-18T09:30:38.219Z	 stat 	(users-api) - qps: 0.0/s, drops: 0, avg time: 0.0ms, med: 0.0ms, 90th: 0.0ms, 99th: 0.0ms, 99.9th: 0.0ms	caller=stat/metrics.go:210
2024-10-18T09:31:00.594Z	 stat 	CPU: 0m, MEMORY: Alloc=5.9Mi, TotalAlloc=398.8Mi, Sys=19.1Mi, NumGC=126	caller=stat/usage.go:61
2024-10-18T09:31:00.748Z	 stat 	(api) shedding_stat [1m], cpu: 0, total: 0, pass: 0, drop: 0	caller=load/sheddingstat.go:61
2024-10-18T09:31:38.218Z	 stat 	(users-api) - qps: 0.0/s, drops: 0, avg time: 0.0ms, med: 0.0ms, 90th: 0.0ms, 99th: 0.0ms, 99.9th: 0.0ms	caller=stat/metrics.go:210
2024-10-18T09:32:00.602Z	 stat 	CPU: 0m, MEMORY: Alloc=5.5Mi, TotalAlloc=401.7Mi, Sys=19.1Mi, NumGC=127	caller=stat/usage.go:61
2024-10-18T09:32:00.745Z	 stat 	(api) shedding_stat [1m], cpu: 0, total: 0, pass: 0, drop: 0	caller=load/sheddingstat.go:61
2024-10-18T09:32:38.215Z	 stat 	(users-api) - qps: 0.0/s, drops: 0, avg time: 0.0ms, med: 0.0ms, 90th: 0.0ms, 99th: 0.0ms, 99.9th: 0.0ms	caller=stat/metrics.go:210
2024-10-18T09:33:00.591Z	 stat 	CPU: 0m, MEMORY: Alloc=5.1Mi, TotalAlloc=404.6Mi, Sys=19.1Mi, NumGC=128	caller=stat/usage.go:61
2024-10-18T09:33:00.744Z	 stat 	(api) shedding_stat [1m], cpu: 0, total: 0, pass: 0, drop: 0	caller=load/sheddingstat.go:61
2024-10-18T09:33:38.212Z	 stat 	(users-api) - qps: 0.0/s, drops: 0, avg time: 0.0ms, med: 0.0ms, 90th: 0.0ms, 99th: 0.0ms, 99.9th: 0.0ms	caller=stat/metrics.go:210
2024-10-18T09:34:00.588Z	 stat 	CPU: 0m, MEMORY: Alloc=4.7Mi, TotalAlloc=407.5Mi, Sys=19.1Mi, NumGC=129	caller=stat/usage.go:61
2024-10-18T09:34:00.742Z	 stat 	(api) shedding_stat [1m], cpu: 0, total: 0, pass: 0, drop: 0	caller=load/sheddingstat.go:61
2024-10-18T09:34:38.210Z	 stat 	(users-api) - qps: 0.0/s, drops: 0, avg time: 0.0ms, med: 0.0ms, 90th: 0.0ms, 99th: 0.0ms, 99.9th: 0.0ms	caller=stat/metrics.go:210
2024-10-18T09:35:00.585Z	 stat 	CPU: 0m, MEMORY: Alloc=4.4Mi, TotalAlloc=410.4Mi, Sys=19.1Mi, NumGC=130	caller=stat/usage.go:61
2024-10-18T09:35:00.739Z	 stat 	(api) shedding_stat [1m], cpu: 0, total: 0, pass: 0, drop: 0	caller=load/sheddingstat.go:61
2024-10-18T09:35:38.208Z	 stat 	(users-api) - qps: 0.0/s, drops: 0, avg time: 0.0ms, med: 0.0ms, 90th: 0.0ms, 99th: 0.0ms, 99.9th: 0.0ms	caller=stat/metrics.go:210
2024-10-18T09:36:00.583Z	 stat 	CPU: 0m, MEMORY: Alloc=4.1Mi, TotalAlloc=413.3Mi, Sys=19.1Mi, NumGC=131	caller=stat/usage.go:61
2024-10-18T09:36:00.737Z	 stat 	(api) shedding_stat [1m], cpu: 0, total: 0, pass: 0, drop: 0	caller=load/sheddingstat.go:61
2024-10-18T09:36:38.206Z	 stat 	(users-api) - qps: 0.0/s, drops: 0, avg time: 0.0ms, med: 0.0ms, 90th: 0.0ms, 99th: 0.0ms, 99.9th: 0.0ms	caller=stat/metrics.go:210
2024-10-18T09:37:00.581Z	 stat 	CPU: 0m, MEMORY: Alloc=3.8Mi, TotalAlloc=416.2Mi, Sys=19.1Mi, NumGC=132	caller=stat/usage.go:61
2024-10-18T09:37:00.735Z	 stat 	(api) shedding_stat [1m], cpu: 0, total: 0, pass: 0, drop: 0	caller=load/sheddingstat.go:61
2024-10-18T09:37:38.204Z	 stat 	(users-api) - qps: 0.0/s, drops: 0, avg time: 0.0ms, med: 0.0ms, 90th: 0.0ms, 99th: 0.0ms, 99.9th: 0.0ms	caller=stat/metrics.go:210
2024-10-18T09:38:00.579Z	 stat 	CPU: 0m, MEMORY: Alloc=3.5Mi, TotalAlloc=419.1Mi, Sys=19.1Mi, NumGC=133	caller=stat/usage.go:61
2024-10-18T09:38:00.732Z	 stat 	(api) shedding_stat [1m], cpu: 0, total: 0, pass: 0, drop: 0	caller=load/sheddingstat.go:61
2024-10-18T09:38:38.201Z	 stat 	(users-api) - qps: 0.0/s, drops: 0, avg time: 0.0ms, med: 0.0ms, 90th: 0.0ms, 99th: 0.0ms, 99.9th: 0.0ms	caller=stat/metrics.go:210
2024-10-18T09:39:00.576Z	 stat 	CPU: 0m, MEMORY: Alloc=6.4Mi, TotalAlloc=421.9Mi, Sys=19.1Mi, NumGC=133	caller=stat/usage.go:61
2024-10-18T09:39:00.729Z	 stat 	(api) shedding_stat [1m], cpu: 0, total: 0, pass: 0, drop: 0	caller=load/sheddingstat.go:61
2024-10-18T09:39:38.199Z	 stat 	(users-api) - qps: 0.0/s, drops: 0, avg time: 0.0ms, med: 0.0ms, 90th: 0.0ms, 99th: 0.0ms, 99.9th: 0.0ms	caller=stat/metrics.go:210
2024-10-18T09:40:00.575Z	 stat 	CPU: 0m, MEMORY: Alloc=6.1Mi, TotalAlloc=424.8Mi, Sys=19.1Mi, NumGC=134	caller=stat/usage.go:61
2024-10-18T09:40:00.728Z	 stat 	(api) shedding_stat [1m], cpu: 0, total: 0, pass: 0, drop: 0	caller=load/sheddingstat.go:61
2024-10-18T09:40:38.197Z	 stat 	(users-api) - qps: 0.0/s, drops: 0, avg time: 0.0ms, med: 0.0ms, 90th: 0.0ms, 99th: 0.0ms, 99.9th: 0.0ms	caller=stat/metrics.go:210
2024-10-18T09:41:00.571Z	 stat 	CPU: 0m, MEMORY: Alloc=5.7Mi, TotalAlloc=427.7Mi, Sys=19.1Mi, NumGC=135	caller=stat/usage.go:61
2024-10-18T09:41:00.725Z	 stat 	(api) shedding_stat [1m], cpu: 0, total: 0, pass: 0, drop: 0	caller=load/sheddingstat.go:61
2024-10-18T09:41:38.194Z	 stat 	(users-api) - qps: 0.0/s, drops: 0, avg time: 0.0ms, med: 0.0ms, 90th: 0.0ms, 99th: 0.0ms, 99.9th: 0.0ms	caller=stat/metrics.go:210
2024-10-18T09:42:00.570Z	 stat 	CPU: 0m, MEMORY: Alloc=5.4Mi, TotalAlloc=430.6Mi, Sys=19.1Mi, NumGC=136	caller=stat/usage.go:61
2024-10-18T09:42:00.723Z	 stat 	(api) shedding_stat [1m], cpu: 0, total: 0, pass: 0, drop: 0	caller=load/sheddingstat.go:61
2024-10-18T09:42:38.192Z	 stat 	(users-api) - qps: 0.0/s, drops: 0, avg time: 0.0ms, med: 0.0ms, 90th: 0.0ms, 99th: 0.0ms, 99.9th: 0.0ms	caller=stat/metrics.go:210
2024-10-18T09:43:00.567Z	 stat 	CPU: 0m, MEMORY: Alloc=5.1Mi, TotalAlloc=433.5Mi, Sys=19.1Mi, NumGC=137	caller=stat/usage.go:61
2024-10-18T09:43:00.721Z	 stat 	(api) shedding_stat [1m], cpu: 0, total: 0, pass: 0, drop: 0	caller=load/sheddingstat.go:61
2024-10-18T09:43:38.197Z	 stat 	(users-api) - qps: 0.0/s, drops: 0, avg time: 0.0ms, med: 0.0ms, 90th: 0.0ms, 99th: 0.0ms, 99.9th: 0.0ms	caller=stat/metrics.go:210
2024-10-18T09:44:00.565Z	 stat 	CPU: 0m, MEMORY: Alloc=4.7Mi, TotalAlloc=436.4Mi, Sys=19.1Mi, NumGC=138	caller=stat/usage.go:61
2024-10-18T09:44:00.719Z	 stat 	(api) shedding_stat [1m], cpu: 0, total: 0, pass: 0, drop: 0	caller=load/sheddingstat.go:61
2024-10-18T09:44:38.188Z	 stat 	(users-api) - qps: 0.0/s, drops: 0, avg time: 986.0ms, med: 986.8ms, 90th: 986.8ms, 99th: 986.8ms, 99.9th: 986.8ms	caller=stat/metrics.go:210
2024-10-18T09:44:53.365Z	 stat 	(users-api) - qps: 0.0/s, drops: 0, avg time: 0.0ms, med: 0.0ms, 90th: 0.0ms, 99th: 0.0ms, 99.9th: 0.0ms	caller=stat/metrics.go:210
