2024-10-18T07:23:24.441Z	 stat 	p2c - conn: 172.24.0.6:8081, load: 4603, reqs: 1	caller=p2c/p2c.go:195
2024-10-18T07:23:26.579Z	 stat 	CPU: 0m, MEMORY: Alloc=4.2Mi, TotalAlloc=9.0Mi, Sys=18.1Mi, NumGC=4	caller=stat/usage.go:61
2024-10-18T07:23:26.706Z	 stat 	(api) shedding_stat [1m], cpu: 0, total: 2, pass: 2, drop: 0	caller=load/sheddingstat.go:61
2024-10-18T07:24:18.935Z	 stat 	(problems-api) - qps: 0.0/s, drops: 0, avg time: 11.0ms, med: 21.8ms, 90th: 21.8ms, 99th: 21.8ms, 99.9th: 21.8ms	caller=stat/metrics.go:210
2024-10-18T07:24:26.576Z	 stat 	CPU: 0m, MEMORY: Alloc=4.5Mi, TotalAlloc=12.0Mi, Sys=18.6Mi, NumGC=5	caller=stat/usage.go:61
2024-10-18T07:24:26.703Z	 stat 	(api) shedding_stat [1m], cpu: 0, total: 0, pass: 0, drop: 0	caller=load/sheddingstat.go:61
2024-10-18T07:25:18.934Z	 stat 	(problems-api) - qps: 0.0/s, drops: 0, avg time: 0.0ms, med: 0.0ms, 90th: 0.0ms, 99th: 0.0ms, 99.9th: 0.0ms	caller=stat/metrics.go:210
2024-10-18T07:25:26.575Z	 stat 	CPU: 0m, MEMORY: Alloc=4.1Mi, TotalAlloc=14.9Mi, Sys=18.6Mi, NumGC=6	caller=stat/usage.go:61
2024-10-18T07:25:26.701Z	 stat 	(api) shedding_stat [1m], cpu: 0, total: 0, pass: 0, drop: 0	caller=load/sheddingstat.go:61
2024-10-18T07:26:18.931Z	 stat 	(problems-api) - qps: 0.0/s, drops: 0, avg time: 0.0ms, med: 0.0ms, 90th: 0.0ms, 99th: 0.0ms, 99.9th: 0.0ms	caller=stat/metrics.go:210
2024-10-18T07:26:26.572Z	 stat 	CPU: 0m, MEMORY: Alloc=3.7Mi, TotalAlloc=17.7Mi, Sys=18.6Mi, NumGC=7	caller=stat/usage.go:61
2024-10-18T07:26:26.699Z	 stat 	(api) shedding_stat [1m], cpu: 0, total: 0, pass: 0, drop: 0	caller=load/sheddingstat.go:61
2024-10-18T07:27:18.930Z	 stat 	(problems-api) - qps: 0.0/s, drops: 0, avg time: 0.0ms, med: 0.0ms, 90th: 0.0ms, 99th: 0.0ms, 99.9th: 0.0ms	caller=stat/metrics.go:210
2024-10-18T07:27:26.571Z	 stat 	CPU: 0m, MEMORY: Alloc=6.6Mi, TotalAlloc=20.6Mi, Sys=18.8Mi, NumGC=7	caller=stat/usage.go:61
2024-10-18T07:27:26.697Z	 stat 	(api) shedding_stat [1m], cpu: 0, total: 0, pass: 0, drop: 0	caller=load/sheddingstat.go:61
2024-10-18T07:28:18.928Z	 stat 	(problems-api) - qps: 0.0/s, drops: 0, avg time: 0.0ms, med: 0.0ms, 90th: 0.0ms, 99th: 0.0ms, 99.9th: 0.0ms	caller=stat/metrics.go:210
2024-10-18T07:28:26.569Z	 stat 	CPU: 0m, MEMORY: Alloc=6.4Mi, TotalAlloc=23.7Mi, Sys=18.8Mi, NumGC=8	caller=stat/usage.go:61
2024-10-18T07:28:26.695Z	 stat 	(api) shedding_stat [1m], cpu: 0, total: 0, pass: 0, drop: 0	caller=load/sheddingstat.go:61
2024-10-18T07:29:18.926Z	 stat 	(problems-api) - qps: 0.0/s, drops: 0, avg time: 0.0ms, med: 0.0ms, 90th: 0.0ms, 99th: 0.0ms, 99.9th: 0.0ms	caller=stat/metrics.go:210
2024-10-18T07:29:26.566Z	 stat 	CPU: 0m, MEMORY: Alloc=5.9Mi, TotalAlloc=26.6Mi, Sys=18.8Mi, NumGC=9	caller=stat/usage.go:61
2024-10-18T07:29:26.693Z	 stat 	(api) shedding_stat [1m], cpu: 0, total: 0, pass: 0, drop: 0	caller=load/sheddingstat.go:61
2024-10-18T07:30:18.924Z	 stat 	(problems-api) - qps: 0.0/s, drops: 0, avg time: 0.0ms, med: 0.0ms, 90th: 0.0ms, 99th: 0.0ms, 99.9th: 0.0ms	caller=stat/metrics.go:210
2024-10-18T07:30:26.565Z	 stat 	CPU: 0m, MEMORY: Alloc=5.5Mi, TotalAlloc=29.5Mi, Sys=18.8Mi, NumGC=10	caller=stat/usage.go:61
2024-10-18T07:30:26.691Z	 stat 	(api) shedding_stat [1m], cpu: 0, total: 0, pass: 0, drop: 0	caller=load/sheddingstat.go:61
2024-10-18T07:31:18.923Z	 stat 	(problems-api) - qps: 0.0/s, drops: 0, avg time: 0.0ms, med: 0.0ms, 90th: 0.0ms, 99th: 0.0ms, 99.9th: 0.0ms	caller=stat/metrics.go:210
2024-10-18T07:31:26.562Z	 stat 	CPU: 0m, MEMORY: Alloc=5.0Mi, TotalAlloc=32.3Mi, Sys=18.8Mi, NumGC=11	caller=stat/usage.go:61
2024-10-18T07:31:26.689Z	 stat 	(api) shedding_stat [1m], cpu: 0, total: 0, pass: 0, drop: 0	caller=load/sheddingstat.go:61
2024-10-18T07:32:18.919Z	 stat 	(problems-api) - qps: 0.0/s, drops: 0, avg time: 0.0ms, med: 0.0ms, 90th: 0.0ms, 99th: 0.0ms, 99.9th: 0.0ms	caller=stat/metrics.go:210
2024-10-18T07:32:26.560Z	 stat 	CPU: 0m, MEMORY: Alloc=4.5Mi, TotalAlloc=35.2Mi, Sys=18.8Mi, NumGC=12	caller=stat/usage.go:61
2024-10-18T07:32:26.687Z	 stat 	(api) shedding_stat [1m], cpu: 0, total: 0, pass: 0, drop: 0	caller=load/sheddingstat.go:61
2024-10-18T07:33:18.918Z	 stat 	(problems-api) - qps: 0.0/s, drops: 0, avg time: 0.0ms, med: 0.0ms, 90th: 0.0ms, 99th: 0.0ms, 99.9th: 0.0ms	caller=stat/metrics.go:210
2024-10-18T07:33:26.559Z	 stat 	CPU: 0m, MEMORY: Alloc=4.5Mi, TotalAlloc=38.3Mi, Sys=18.8Mi, NumGC=13	caller=stat/usage.go:61
2024-10-18T07:33:26.685Z	 stat 	(api) shedding_stat [1m], cpu: 0, total: 0, pass: 0, drop: 0	caller=load/sheddingstat.go:61
2024-10-18T07:34:18.916Z	 stat 	(problems-api) - qps: 0.0/s, drops: 0, avg time: 0.0ms, med: 0.0ms, 90th: 0.0ms, 99th: 0.0ms, 99.9th: 0.0ms	caller=stat/metrics.go:210
2024-10-18T07:34:26.557Z	 stat 	CPU: 0m, MEMORY: Alloc=4.0Mi, TotalAlloc=41.1Mi, Sys=18.8Mi, NumGC=14	caller=stat/usage.go:61
2024-10-18T07:34:26.683Z	 stat 	(api) shedding_stat [1m], cpu: 0, total: 0, pass: 0, drop: 0	caller=load/sheddingstat.go:61
2024-10-18T07:35:18.914Z	 stat 	(problems-api) - qps: 0.0/s, drops: 0, avg time: 0.0ms, med: 0.0ms, 90th: 0.0ms, 99th: 0.0ms, 99.9th: 0.0ms	caller=stat/metrics.go:210
2024-10-18T07:35:26.556Z	 stat 	CPU: 0m, MEMORY: Alloc=3.6Mi, TotalAlloc=44.0Mi, Sys=18.8Mi, NumGC=15	caller=stat/usage.go:61
2024-10-18T07:35:26.681Z	 stat 	(api) shedding_stat [1m], cpu: 0, total: 0, pass: 0, drop: 0	caller=load/sheddingstat.go:61
2024-10-18T07:36:18.912Z	 stat 	(problems-api) - qps: 0.0/s, drops: 0, avg time: 0.0ms, med: 0.0ms, 90th: 0.0ms, 99th: 0.0ms, 99.9th: 0.0ms	caller=stat/metrics.go:210
2024-10-18T07:36:26.552Z	 stat 	CPU: 0m, MEMORY: Alloc=6.5Mi, TotalAlloc=46.9Mi, Sys=18.8Mi, NumGC=15	caller=stat/usage.go:61
2024-10-18T07:36:26.679Z	 stat 	(api) shedding_stat [1m], cpu: 0, total: 0, pass: 0, drop: 0	caller=load/sheddingstat.go:61
2024-10-18T07:37:18.910Z	 stat 	(problems-api) - qps: 0.0/s, drops: 0, avg time: 0.0ms, med: 0.0ms, 90th: 0.0ms, 99th: 0.0ms, 99.9th: 0.0ms	caller=stat/metrics.go:210
2024-10-18T07:37:26.551Z	 stat 	CPU: 0m, MEMORY: Alloc=5.9Mi, TotalAlloc=49.8Mi, Sys=18.8Mi, NumGC=16	caller=stat/usage.go:61
2024-10-18T07:37:26.677Z	 stat 	(api) shedding_stat [1m], cpu: 0, total: 0, pass: 0, drop: 0	caller=load/sheddingstat.go:61
2024-10-18T07:38:18.916Z	 stat 	(problems-api) - qps: 0.0/s, drops: 0, avg time: 0.0ms, med: 0.0ms, 90th: 0.0ms, 99th: 0.0ms, 99.9th: 0.0ms	caller=stat/metrics.go:210
2024-10-18T07:38:26.543Z	 stat 	CPU: 0m, MEMORY: Alloc=5.6Mi, TotalAlloc=52.8Mi, Sys=18.8Mi, NumGC=17	caller=stat/usage.go:61
2024-10-18T07:38:26.670Z	 stat 	(api) shedding_stat [1m], cpu: 0, total: 0, pass: 0, drop: 0	caller=load/sheddingstat.go:61
2024-10-18T07:39:18.902Z	 stat 	(problems-api) - qps: 0.0/s, drops: 0, avg time: 0.0ms, med: 0.0ms, 90th: 0.0ms, 99th: 0.0ms, 99.9th: 0.0ms	caller=stat/metrics.go:210
2024-10-18T07:39:26.553Z	 stat 	CPU: 0m, MEMORY: Alloc=5.2Mi, TotalAlloc=55.7Mi, Sys=22.8Mi, NumGC=18	caller=stat/usage.go:61
2024-10-18T07:39:26.670Z	 stat 	(api) shedding_stat [1m], cpu: 0, total: 0, pass: 0, drop: 0	caller=load/sheddingstat.go:61
2024-10-18T07:40:18.901Z	 stat 	(problems-api) - qps: 0.0/s, drops: 0, avg time: 0.0ms, med: 0.0ms, 90th: 0.0ms, 99th: 0.0ms, 99.9th: 0.0ms	caller=stat/metrics.go:210
2024-10-18T07:40:26.541Z	 stat 	CPU: 0m, MEMORY: Alloc=4.7Mi, TotalAlloc=58.6Mi, Sys=22.8Mi, NumGC=19	caller=stat/usage.go:61
2024-10-18T07:40:26.668Z	 stat 	(api) shedding_stat [1m], cpu: 0, total: 0, pass: 0, drop: 0	caller=load/sheddingstat.go:61
2024-10-18T07:41:18.899Z	 stat 	(problems-api) - qps: 0.0/s, drops: 0, avg time: 0.0ms, med: 0.0ms, 90th: 0.0ms, 99th: 0.0ms, 99.9th: 0.0ms	caller=stat/metrics.go:210
2024-10-18T07:41:26.540Z	 stat 	CPU: 0m, MEMORY: Alloc=4.1Mi, TotalAlloc=61.5Mi, Sys=22.8Mi, NumGC=20	caller=stat/usage.go:61
2024-10-18T07:41:26.666Z	 stat 	(api) shedding_stat [1m], cpu: 0, total: 0, pass: 0, drop: 0	caller=load/sheddingstat.go:61
2024-10-18T07:42:18.897Z	 stat 	(problems-api) - qps: 0.0/s, drops: 0, avg time: 0.0ms, med: 0.0ms, 90th: 0.0ms, 99th: 0.0ms, 99.9th: 0.0ms	caller=stat/metrics.go:210
2024-10-18T07:42:26.537Z	 stat 	CPU: 0m, MEMORY: Alloc=7.0Mi, TotalAlloc=64.4Mi, Sys=22.8Mi, NumGC=20	caller=stat/usage.go:61
2024-10-18T07:42:26.664Z	 stat 	(api) shedding_stat [1m], cpu: 0, total: 0, pass: 0, drop: 0	caller=load/sheddingstat.go:61
2024-10-18T07:43:18.895Z	 stat 	(problems-api) - qps: 0.0/s, drops: 0, avg time: 0.0ms, med: 0.0ms, 90th: 0.0ms, 99th: 0.0ms, 99.9th: 0.0ms	caller=stat/metrics.go:210
2024-10-18T07:43:26.536Z	 stat 	CPU: 0m, MEMORY: Alloc=6.5Mi, TotalAlloc=67.4Mi, Sys=22.8Mi, NumGC=21	caller=stat/usage.go:61
2024-10-18T07:43:26.662Z	 stat 	(api) shedding_stat [1m], cpu: 0, total: 0, pass: 0, drop: 0	caller=load/sheddingstat.go:61
2024-10-18T07:44:18.893Z	 stat 	(problems-api) - qps: 0.0/s, drops: 0, avg time: 0.0ms, med: 0.0ms, 90th: 0.0ms, 99th: 0.0ms, 99.9th: 0.0ms	caller=stat/metrics.go:210
2024-10-18T07:44:26.544Z	 stat 	CPU: 0m, MEMORY: Alloc=5.9Mi, TotalAlloc=70.3Mi, Sys=22.8Mi, NumGC=22	caller=stat/usage.go:61
2024-10-18T07:44:26.660Z	 stat 	(api) shedding_stat [1m], cpu: 0, total: 0, pass: 0, drop: 0	caller=load/sheddingstat.go:61
2024-10-18T07:45:18.891Z	 stat 	(problems-api) - qps: 0.0/s, drops: 0, avg time: 0.0ms, med: 0.0ms, 90th: 0.0ms, 99th: 0.0ms, 99.9th: 0.0ms	caller=stat/metrics.go:210
2024-10-18T07:45:26.543Z	 stat 	CPU: 0m, MEMORY: Alloc=5.3Mi, TotalAlloc=73.2Mi, Sys=22.8Mi, NumGC=23	caller=stat/usage.go:61
2024-10-18T07:45:26.658Z	 stat 	(api) shedding_stat [1m], cpu: 0, total: 0, pass: 0, drop: 0	caller=load/sheddingstat.go:61
2024-10-18T07:46:18.887Z	 stat 	(problems-api) - qps: 0.0/s, drops: 0, avg time: 0.0ms, med: 0.0ms, 90th: 0.0ms, 99th: 0.0ms, 99.9th: 0.0ms	caller=stat/metrics.go:210
2024-10-18T07:46:26.528Z	 stat 	CPU: 0m, MEMORY: Alloc=4.7Mi, TotalAlloc=76.1Mi, Sys=22.8Mi, NumGC=24	caller=stat/usage.go:61
2024-10-18T07:46:26.654Z	 stat 	(api) shedding_stat [1m], cpu: 0, total: 0, pass: 0, drop: 0	caller=load/sheddingstat.go:61
2024-10-18T07:47:18.886Z	 stat 	(problems-api) - qps: 0.0/s, drops: 0, avg time: 0.0ms, med: 0.0ms, 90th: 0.0ms, 99th: 0.0ms, 99.9th: 0.0ms	caller=stat/metrics.go:210
2024-10-18T07:47:26.527Z	 stat 	CPU: 0m, MEMORY: Alloc=4.2Mi, TotalAlloc=79.0Mi, Sys=22.8Mi, NumGC=25	caller=stat/usage.go:61
2024-10-18T07:47:26.654Z	 stat 	(api) shedding_stat [1m], cpu: 0, total: 0, pass: 0, drop: 0	caller=load/sheddingstat.go:61
2024-10-18T07:48:18.884Z	 stat 	(problems-api) - qps: 0.0/s, drops: 0, avg time: 0.0ms, med: 0.0ms, 90th: 0.0ms, 99th: 0.0ms, 99.9th: 0.0ms	caller=stat/metrics.go:210
2024-10-18T07:48:26.525Z	 stat 	CPU: 0m, MEMORY: Alloc=4.0Mi, TotalAlloc=82.0Mi, Sys=22.8Mi, NumGC=26	caller=stat/usage.go:61
2024-10-18T07:48:26.651Z	 stat 	(api) shedding_stat [1m], cpu: 0, total: 0, pass: 0, drop: 0	caller=load/sheddingstat.go:61
2024-10-18T07:49:18.883Z	 stat 	(problems-api) - qps: 0.0/s, drops: 0, avg time: 0.0ms, med: 0.0ms, 90th: 0.0ms, 99th: 0.0ms, 99.9th: 0.0ms	caller=stat/metrics.go:210
2024-10-18T07:49:26.523Z	 stat 	CPU: 0m, MEMORY: Alloc=6.9Mi, TotalAlloc=84.9Mi, Sys=22.8Mi, NumGC=26	caller=stat/usage.go:61
2024-10-18T07:49:26.649Z	 stat 	(api) shedding_stat [1m], cpu: 0, total: 0, pass: 0, drop: 0	caller=load/sheddingstat.go:61
2024-10-18T07:50:18.880Z	 stat 	(problems-api) - qps: 0.0/s, drops: 0, avg time: 0.0ms, med: 0.0ms, 90th: 0.0ms, 99th: 0.0ms, 99.9th: 0.0ms	caller=stat/metrics.go:210
2024-10-18T07:50:26.521Z	 stat 	CPU: 0m, MEMORY: Alloc=6.2Mi, TotalAlloc=87.8Mi, Sys=22.8Mi, NumGC=27	caller=stat/usage.go:61
2024-10-18T07:50:26.647Z	 stat 	(api) shedding_stat [1m], cpu: 0, total: 0, pass: 0, drop: 0	caller=load/sheddingstat.go:61
2024-10-18T07:51:18.894Z	 stat 	(problems-api) - qps: 0.0/s, drops: 0, avg time: 0.0ms, med: 0.0ms, 90th: 0.0ms, 99th: 0.0ms, 99.9th: 0.0ms	caller=stat/metrics.go:210
2024-10-18T07:51:26.531Z	 stat 	CPU: 0m, MEMORY: Alloc=5.8Mi, TotalAlloc=90.7Mi, Sys=22.8Mi, NumGC=28	caller=stat/usage.go:61
2024-10-18T07:51:26.646Z	 stat 	(api) shedding_stat [1m], cpu: 0, total: 0, pass: 0, drop: 0	caller=load/sheddingstat.go:61
2024-10-18T07:52:18.877Z	 stat 	(problems-api) - qps: 0.0/s, drops: 0, avg time: 0.0ms, med: 0.0ms, 90th: 0.0ms, 99th: 0.0ms, 99.9th: 0.0ms	caller=stat/metrics.go:210
2024-10-18T07:52:26.517Z	 stat 	CPU: 0m, MEMORY: Alloc=5.2Mi, TotalAlloc=93.6Mi, Sys=22.8Mi, NumGC=29	caller=stat/usage.go:61
2024-10-18T07:52:26.643Z	 stat 	(api) shedding_stat [1m], cpu: 0, total: 0, pass: 0, drop: 0	caller=load/sheddingstat.go:61
2024-10-18T07:53:18.874Z	 stat 	(problems-api) - qps: 0.0/s, drops: 0, avg time: 0.0ms, med: 0.0ms, 90th: 0.0ms, 99th: 0.0ms, 99.9th: 0.0ms	caller=stat/metrics.go:210
2024-10-18T07:53:26.515Z	 stat 	CPU: 0m, MEMORY: Alloc=4.8Mi, TotalAlloc=96.5Mi, Sys=22.8Mi, NumGC=30	caller=stat/usage.go:61
2024-10-18T07:53:26.641Z	 stat 	(api) shedding_stat [1m], cpu: 0, total: 0, pass: 0, drop: 0	caller=load/sheddingstat.go:61
2024-10-18T07:54:18.862Z	 stat 	(problems-api) - qps: 0.0/s, drops: 0, avg time: 0.0ms, med: 0.0ms, 90th: 0.0ms, 99th: 0.0ms, 99.9th: 0.0ms	caller=stat/metrics.go:210
2024-10-18T07:54:26.502Z	 stat 	CPU: 0m, MEMORY: Alloc=4.2Mi, TotalAlloc=99.4Mi, Sys=22.8Mi, NumGC=31	caller=stat/usage.go:61
2024-10-18T07:54:26.629Z	 stat 	(api) shedding_stat [1m], cpu: 0, total: 0, pass: 0, drop: 0	caller=load/sheddingstat.go:61
2024-10-18T07:55:18.870Z	 stat 	(problems-api) - qps: 0.0/s, drops: 0, avg time: 0.0ms, med: 0.0ms, 90th: 0.0ms, 99th: 0.0ms, 99.9th: 0.0ms	caller=stat/metrics.go:210
2024-10-18T07:55:26.511Z	 stat 	CPU: 0m, MEMORY: Alloc=3.9Mi, TotalAlloc=102.3Mi, Sys=22.8Mi, NumGC=32	caller=stat/usage.go:61
2024-10-18T07:55:26.637Z	 stat 	(api) shedding_stat [1m], cpu: 0, total: 0, pass: 0, drop: 0	caller=load/sheddingstat.go:61
2024-10-18T07:56:18.868Z	 stat 	(problems-api) - qps: 0.0/s, drops: 0, avg time: 0.0ms, med: 0.0ms, 90th: 0.0ms, 99th: 0.0ms, 99.9th: 0.0ms	caller=stat/metrics.go:210
2024-10-18T07:56:26.508Z	 stat 	CPU: 0m, MEMORY: Alloc=3.5Mi, TotalAlloc=105.2Mi, Sys=22.8Mi, NumGC=33	caller=stat/usage.go:61
2024-10-18T07:56:26.635Z	 stat 	(api) shedding_stat [1m], cpu: 0, total: 0, pass: 0, drop: 0	caller=load/sheddingstat.go:61
2024-10-18T07:57:18.866Z	 stat 	(problems-api) - qps: 0.0/s, drops: 0, avg time: 0.0ms, med: 0.0ms, 90th: 0.0ms, 99th: 0.0ms, 99.9th: 0.0ms	caller=stat/metrics.go:210
2024-10-18T07:57:26.507Z	 stat 	CPU: 0m, MEMORY: Alloc=6.4Mi, TotalAlloc=108.1Mi, Sys=22.8Mi, NumGC=33	caller=stat/usage.go:61
2024-10-18T07:57:26.634Z	 stat 	(api) shedding_stat [1m], cpu: 0, total: 0, pass: 0, drop: 0	caller=load/sheddingstat.go:61
2024-10-18T07:58:18.865Z	 stat 	(problems-api) - qps: 0.0/s, drops: 0, avg time: 0.0ms, med: 0.0ms, 90th: 0.0ms, 99th: 0.0ms, 99.9th: 0.0ms	caller=stat/metrics.go:210
2024-10-18T07:58:26.505Z	 stat 	CPU: 0m, MEMORY: Alloc=5.9Mi, TotalAlloc=111.0Mi, Sys=23.1Mi, NumGC=34	caller=stat/usage.go:61
2024-10-18T07:58:26.631Z	 stat 	(api) shedding_stat [1m], cpu: 0, total: 0, pass: 0, drop: 0	caller=load/sheddingstat.go:61
2024-10-18T07:59:18.862Z	 stat 	(problems-api) - qps: 0.0/s, drops: 0, avg time: 0.0ms, med: 0.0ms, 90th: 0.0ms, 99th: 0.0ms, 99.9th: 0.0ms	caller=stat/metrics.go:210
2024-10-18T07:59:26.503Z	 stat 	CPU: 0m, MEMORY: Alloc=5.4Mi, TotalAlloc=113.8Mi, Sys=23.1Mi, NumGC=35	caller=stat/usage.go:61
2024-10-18T07:59:26.629Z	 stat 	(api) shedding_stat [1m], cpu: 0, total: 0, pass: 0, drop: 0	caller=load/sheddingstat.go:61
2024-10-18T08:00:18.860Z	 stat 	(problems-api) - qps: 0.0/s, drops: 0, avg time: 0.0ms, med: 0.0ms, 90th: 0.0ms, 99th: 0.0ms, 99.9th: 0.0ms	caller=stat/metrics.go:210
2024-10-18T08:00:26.500Z	 stat 	CPU: 0m, MEMORY: Alloc=4.9Mi, TotalAlloc=116.7Mi, Sys=23.1Mi, NumGC=36	caller=stat/usage.go:61
2024-10-18T08:00:26.627Z	 stat 	(api) shedding_stat [1m], cpu: 0, total: 0, pass: 0, drop: 0	caller=load/sheddingstat.go:61
2024-10-18T08:01:18.857Z	 stat 	(problems-api) - qps: 0.0/s, drops: 0, avg time: 0.0ms, med: 0.0ms, 90th: 0.0ms, 99th: 0.0ms, 99.9th: 0.0ms	caller=stat/metrics.go:210
2024-10-18T08:01:26.499Z	 stat 	CPU: 0m, MEMORY: Alloc=4.4Mi, TotalAlloc=119.6Mi, Sys=23.1Mi, NumGC=37	caller=stat/usage.go:61
2024-10-18T08:01:26.625Z	 stat 	(api) shedding_stat [1m], cpu: 0, total: 0, pass: 0, drop: 0	caller=load/sheddingstat.go:61
2024-10-18T08:02:18.856Z	 stat 	(problems-api) - qps: 0.0/s, drops: 0, avg time: 0.0ms, med: 0.0ms, 90th: 0.0ms, 99th: 0.0ms, 99.9th: 0.0ms	caller=stat/metrics.go:210
2024-10-18T08:02:26.497Z	 stat 	CPU: 0m, MEMORY: Alloc=3.9Mi, TotalAlloc=122.5Mi, Sys=23.1Mi, NumGC=38	caller=stat/usage.go:61
2024-10-18T08:02:26.623Z	 stat 	(api) shedding_stat [1m], cpu: 0, total: 0, pass: 0, drop: 0	caller=load/sheddingstat.go:61
2024-10-18T08:03:18.854Z	 stat 	(problems-api) - qps: 0.0/s, drops: 0, avg time: 0.0ms, med: 0.0ms, 90th: 0.0ms, 99th: 0.0ms, 99.9th: 0.0ms	caller=stat/metrics.go:210
2024-10-18T08:03:26.495Z	 stat 	CPU: 0m, MEMORY: Alloc=3.6Mi, TotalAlloc=125.4Mi, Sys=23.1Mi, NumGC=39	caller=stat/usage.go:61
2024-10-18T08:03:26.621Z	 stat 	(api) shedding_stat [1m], cpu: 0, total: 0, pass: 0, drop: 0	caller=load/sheddingstat.go:61
2024-10-18T08:04:18.851Z	 stat 	(problems-api) - qps: 0.0/s, drops: 0, avg time: 0.0ms, med: 0.0ms, 90th: 0.0ms, 99th: 0.0ms, 99.9th: 0.0ms	caller=stat/metrics.go:210
2024-10-18T08:04:26.492Z	 stat 	CPU: 0m, MEMORY: Alloc=6.5Mi, TotalAlloc=128.3Mi, Sys=23.1Mi, NumGC=39	caller=stat/usage.go:61
2024-10-18T08:04:26.619Z	 stat 	(api) shedding_stat [1m], cpu: 0, total: 0, pass: 0, drop: 0	caller=load/sheddingstat.go:61
2024-10-18T08:05:18.850Z	 stat 	(problems-api) - qps: 0.0/s, drops: 0, avg time: 0.0ms, med: 0.0ms, 90th: 0.0ms, 99th: 0.0ms, 99.9th: 0.0ms	caller=stat/metrics.go:210
2024-10-18T08:05:26.490Z	 stat 	CPU: 0m, MEMORY: Alloc=6.0Mi, TotalAlloc=131.2Mi, Sys=23.1Mi, NumGC=40	caller=stat/usage.go:61
2024-10-18T08:05:26.617Z	 stat 	(api) shedding_stat [1m], cpu: 0, total: 0, pass: 0, drop: 0	caller=load/sheddingstat.go:61
2024-10-18T08:06:18.848Z	 stat 	(problems-api) - qps: 0.0/s, drops: 0, avg time: 0.0ms, med: 0.0ms, 90th: 0.0ms, 99th: 0.0ms, 99.9th: 0.0ms	caller=stat/metrics.go:210
2024-10-18T08:06:26.489Z	 stat 	CPU: 0m, MEMORY: Alloc=5.6Mi, TotalAlloc=134.0Mi, Sys=23.1Mi, NumGC=41	caller=stat/usage.go:61
2024-10-18T08:06:26.615Z	 stat 	(api) shedding_stat [1m], cpu: 0, total: 0, pass: 0, drop: 0	caller=load/sheddingstat.go:61
2024-10-18T08:07:18.846Z	 stat 	(problems-api) - qps: 0.0/s, drops: 0, avg time: 0.0ms, med: 0.0ms, 90th: 0.0ms, 99th: 0.0ms, 99.9th: 0.0ms	caller=stat/metrics.go:210
2024-10-18T08:07:26.487Z	 stat 	CPU: 0m, MEMORY: Alloc=5.3Mi, TotalAlloc=136.9Mi, Sys=23.1Mi, NumGC=42	caller=stat/usage.go:61
2024-10-18T08:07:26.613Z	 stat 	(api) shedding_stat [1m], cpu: 0, total: 0, pass: 0, drop: 0	caller=load/sheddingstat.go:61
2024-10-18T08:08:18.843Z	 stat 	(problems-api) - qps: 0.0/s, drops: 0, avg time: 0.0ms, med: 0.0ms, 90th: 0.0ms, 99th: 0.0ms, 99.9th: 0.0ms	caller=stat/metrics.go:210
2024-10-18T08:08:26.494Z	 stat 	CPU: 0m, MEMORY: Alloc=4.8Mi, TotalAlloc=139.8Mi, Sys=23.1Mi, NumGC=43	caller=stat/usage.go:61
2024-10-18T08:08:26.611Z	 stat 	(api) shedding_stat [1m], cpu: 0, total: 0, pass: 0, drop: 0	caller=load/sheddingstat.go:61
2024-10-18T08:09:18.852Z	 stat 	(problems-api) - qps: 0.0/s, drops: 0, avg time: 0.0ms, med: 0.0ms, 90th: 0.0ms, 99th: 0.0ms, 99.9th: 0.0ms	caller=stat/metrics.go:210
2024-10-18T08:09:26.482Z	 stat 	CPU: 0m, MEMORY: Alloc=4.5Mi, TotalAlloc=142.7Mi, Sys=23.1Mi, NumGC=44	caller=stat/usage.go:61
2024-10-18T08:09:26.609Z	 stat 	(api) shedding_stat [1m], cpu: 0, total: 0, pass: 0, drop: 0	caller=load/sheddingstat.go:61
2024-10-18T08:10:18.840Z	 stat 	(problems-api) - qps: 0.0/s, drops: 0, avg time: 0.0ms, med: 0.0ms, 90th: 0.0ms, 99th: 0.0ms, 99.9th: 0.0ms	caller=stat/metrics.go:210
2024-10-18T08:10:26.480Z	 stat 	CPU: 0m, MEMORY: Alloc=4.1Mi, TotalAlloc=145.6Mi, Sys=23.1Mi, NumGC=45	caller=stat/usage.go:61
2024-10-18T08:10:26.606Z	 stat 	(api) shedding_stat [1m], cpu: 0, total: 0, pass: 0, drop: 0	caller=load/sheddingstat.go:61
2024-10-18T08:11:18.837Z	 stat 	(problems-api) - qps: 0.0/s, drops: 0, avg time: 0.0ms, med: 0.0ms, 90th: 0.0ms, 99th: 0.0ms, 99.9th: 0.0ms	caller=stat/metrics.go:210
2024-10-18T08:11:26.478Z	 stat 	CPU: 0m, MEMORY: Alloc=3.7Mi, TotalAlloc=148.5Mi, Sys=23.1Mi, NumGC=46	caller=stat/usage.go:61
2024-10-18T08:11:26.605Z	 stat 	(api) shedding_stat [1m], cpu: 0, total: 0, pass: 0, drop: 0	caller=load/sheddingstat.go:61
2024-10-18T08:12:18.836Z	 stat 	(problems-api) - qps: 0.0/s, drops: 0, avg time: 0.0ms, med: 0.0ms, 90th: 0.0ms, 99th: 0.0ms, 99.9th: 0.0ms	caller=stat/metrics.go:210
2024-10-18T08:12:26.476Z	 stat 	CPU: 0m, MEMORY: Alloc=3.4Mi, TotalAlloc=151.4Mi, Sys=23.1Mi, NumGC=47	caller=stat/usage.go:61
2024-10-18T08:12:26.603Z	 stat 	(api) shedding_stat [1m], cpu: 0, total: 0, pass: 0, drop: 0	caller=load/sheddingstat.go:61
2024-10-18T08:13:18.834Z	 stat 	(problems-api) - qps: 0.0/s, drops: 0, avg time: 0.0ms, med: 0.0ms, 90th: 0.0ms, 99th: 0.0ms, 99.9th: 0.0ms	caller=stat/metrics.go:210
2024-10-18T08:13:26.474Z	 stat 	CPU: 0m, MEMORY: Alloc=6.3Mi, TotalAlloc=154.2Mi, Sys=23.1Mi, NumGC=47	caller=stat/usage.go:61
2024-10-18T08:13:26.601Z	 stat 	(api) shedding_stat [1m], cpu: 0, total: 0, pass: 0, drop: 0	caller=load/sheddingstat.go:61
2024-10-18T08:14:18.831Z	 stat 	(problems-api) - qps: 0.0/s, drops: 0, avg time: 0.0ms, med: 0.0ms, 90th: 0.0ms, 99th: 0.0ms, 99.9th: 0.0ms	caller=stat/metrics.go:210
2024-10-18T08:14:26.472Z	 stat 	CPU: 0m, MEMORY: Alloc=5.8Mi, TotalAlloc=157.1Mi, Sys=23.1Mi, NumGC=48	caller=stat/usage.go:61
2024-10-18T08:14:26.599Z	 stat 	(api) shedding_stat [1m], cpu: 0, total: 0, pass: 0, drop: 0	caller=load/sheddingstat.go:61
2024-10-18T08:15:18.829Z	 stat 	(problems-api) - qps: 0.0/s, drops: 0, avg time: 0.0ms, med: 0.0ms, 90th: 0.0ms, 99th: 0.0ms, 99.9th: 0.0ms	caller=stat/metrics.go:210
2024-10-18T08:15:26.470Z	 stat 	CPU: 0m, MEMORY: Alloc=5.3Mi, TotalAlloc=160.0Mi, Sys=23.1Mi, NumGC=49	caller=stat/usage.go:61
2024-10-18T08:15:26.597Z	 stat 	(api) shedding_stat [1m], cpu: 0, total: 0, pass: 0, drop: 0	caller=load/sheddingstat.go:61
2024-10-18T08:16:18.827Z	 stat 	(problems-api) - qps: 0.0/s, drops: 0, avg time: 0.0ms, med: 0.0ms, 90th: 0.0ms, 99th: 0.0ms, 99.9th: 0.0ms	caller=stat/metrics.go:210
2024-10-18T08:16:26.467Z	 stat 	CPU: 0m, MEMORY: Alloc=4.8Mi, TotalAlloc=162.9Mi, Sys=23.1Mi, NumGC=50	caller=stat/usage.go:61
2024-10-18T08:16:26.595Z	 stat 	(api) shedding_stat [1m], cpu: 0, total: 0, pass: 0, drop: 0	caller=load/sheddingstat.go:61
2024-10-18T08:17:18.825Z	 stat 	(problems-api) - qps: 0.0/s, drops: 0, avg time: 0.0ms, med: 0.0ms, 90th: 0.0ms, 99th: 0.0ms, 99.9th: 0.0ms	caller=stat/metrics.go:210
2024-10-18T08:17:26.466Z	 stat 	CPU: 0m, MEMORY: Alloc=4.4Mi, TotalAlloc=165.8Mi, Sys=23.1Mi, NumGC=51	caller=stat/usage.go:61
2024-10-18T08:17:26.592Z	 stat 	(api) shedding_stat [1m], cpu: 0, total: 0, pass: 0, drop: 0	caller=load/sheddingstat.go:61
2024-10-18T08:18:18.823Z	 stat 	(problems-api) - qps: 0.0/s, drops: 0, avg time: 0.0ms, med: 0.0ms, 90th: 0.0ms, 99th: 0.0ms, 99.9th: 0.0ms	caller=stat/metrics.go:210
2024-10-18T08:18:26.464Z	 stat 	CPU: 0m, MEMORY: Alloc=4.1Mi, TotalAlloc=168.7Mi, Sys=23.1Mi, NumGC=52	caller=stat/usage.go:61
2024-10-18T08:18:26.590Z	 stat 	(api) shedding_stat [1m], cpu: 0, total: 0, pass: 0, drop: 0	caller=load/sheddingstat.go:61
2024-10-18T08:19:18.820Z	 stat 	(problems-api) - qps: 0.0/s, drops: 0, avg time: 0.0ms, med: 0.0ms, 90th: 0.0ms, 99th: 0.0ms, 99.9th: 0.0ms	caller=stat/metrics.go:210
2024-10-18T08:19:26.461Z	 stat 	CPU: 0m, MEMORY: Alloc=3.7Mi, TotalAlloc=171.6Mi, Sys=23.1Mi, NumGC=53	caller=stat/usage.go:61
2024-10-18T08:19:26.588Z	 stat 	(api) shedding_stat [1m], cpu: 0, total: 0, pass: 0, drop: 0	caller=load/sheddingstat.go:61
2024-10-18T08:20:18.819Z	 stat 	(problems-api) - qps: 0.0/s, drops: 0, avg time: 0.0ms, med: 0.0ms, 90th: 0.0ms, 99th: 0.0ms, 99.9th: 0.0ms	caller=stat/metrics.go:210
2024-10-18T08:20:26.461Z	 stat 	CPU: 0m, MEMORY: Alloc=6.6Mi, TotalAlloc=174.5Mi, Sys=23.1Mi, NumGC=53	caller=stat/usage.go:61
2024-10-18T08:20:26.586Z	 stat 	(api) shedding_stat [1m], cpu: 0, total: 0, pass: 0, drop: 0	caller=load/sheddingstat.go:61
2024-10-18T08:21:18.817Z	 stat 	(problems-api) - qps: 0.0/s, drops: 0, avg time: 0.0ms, med: 0.0ms, 90th: 0.0ms, 99th: 0.0ms, 99.9th: 0.0ms	caller=stat/metrics.go:210
2024-10-18T08:21:26.457Z	 stat 	CPU: 0m, MEMORY: Alloc=6.3Mi, TotalAlloc=177.3Mi, Sys=23.1Mi, NumGC=54	caller=stat/usage.go:61
2024-10-18T08:21:26.584Z	 stat 	(api) shedding_stat [1m], cpu: 0, total: 0, pass: 0, drop: 0	caller=load/sheddingstat.go:61
2024-10-18T08:22:18.825Z	 stat 	(problems-api) - qps: 0.0/s, drops: 0, avg time: 0.0ms, med: 0.0ms, 90th: 0.0ms, 99th: 0.0ms, 99.9th: 0.0ms	caller=stat/metrics.go:210
2024-10-18T08:22:26.455Z	 stat 	CPU: 0m, MEMORY: Alloc=5.8Mi, TotalAlloc=180.2Mi, Sys=23.1Mi, NumGC=55	caller=stat/usage.go:61
2024-10-18T08:22:26.586Z	 stat 	(api) shedding_stat [1m], cpu: 0, total: 0, pass: 0, drop: 0	caller=load/sheddingstat.go:61
2024-10-18T08:23:18.813Z	 stat 	(problems-api) - qps: 0.0/s, drops: 0, avg time: 0.0ms, med: 0.0ms, 90th: 0.0ms, 99th: 0.0ms, 99.9th: 0.0ms	caller=stat/metrics.go:210
2024-10-18T08:23:26.453Z	 stat 	CPU: 0m, MEMORY: Alloc=5.3Mi, TotalAlloc=183.1Mi, Sys=23.1Mi, NumGC=56	caller=stat/usage.go:61
2024-10-18T08:23:26.580Z	 stat 	(api) shedding_stat [1m], cpu: 0, total: 0, pass: 0, drop: 0	caller=load/sheddingstat.go:61
2024-10-18T08:24:18.810Z	 stat 	(problems-api) - qps: 0.0/s, drops: 0, avg time: 0.0ms, med: 0.0ms, 90th: 0.0ms, 99th: 0.0ms, 99.9th: 0.0ms	caller=stat/metrics.go:210
2024-10-18T08:24:26.451Z	 stat 	CPU: 0m, MEMORY: Alloc=5.0Mi, TotalAlloc=186.0Mi, Sys=23.1Mi, NumGC=57	caller=stat/usage.go:61
2024-10-18T08:24:26.577Z	 stat 	(api) shedding_stat [1m], cpu: 0, total: 0, pass: 0, drop: 0	caller=load/sheddingstat.go:61
2024-10-18T08:25:18.808Z	 stat 	(problems-api) - qps: 0.0/s, drops: 0, avg time: 0.0ms, med: 0.0ms, 90th: 0.0ms, 99th: 0.0ms, 99.9th: 0.0ms	caller=stat/metrics.go:210
2024-10-18T08:25:26.449Z	 stat 	CPU: 0m, MEMORY: Alloc=4.5Mi, TotalAlloc=188.9Mi, Sys=23.1Mi, NumGC=58	caller=stat/usage.go:61
2024-10-18T08:25:26.575Z	 stat 	(api) shedding_stat [1m], cpu: 0, total: 0, pass: 0, drop: 0	caller=load/sheddingstat.go:61
2024-10-18T08:26:18.806Z	 stat 	(problems-api) - qps: 0.0/s, drops: 0, avg time: 0.0ms, med: 0.0ms, 90th: 0.0ms, 99th: 0.0ms, 99.9th: 0.0ms	caller=stat/metrics.go:210
2024-10-18T08:26:26.447Z	 stat 	CPU: 0m, MEMORY: Alloc=4.1Mi, TotalAlloc=191.8Mi, Sys=23.1Mi, NumGC=59	caller=stat/usage.go:61
2024-10-18T08:26:26.573Z	 stat 	(api) shedding_stat [1m], cpu: 0, total: 0, pass: 0, drop: 0	caller=load/sheddingstat.go:61
2024-10-18T08:27:18.815Z	 stat 	(problems-api) - qps: 0.0/s, drops: 0, avg time: 0.0ms, med: 0.0ms, 90th: 0.0ms, 99th: 0.0ms, 99.9th: 0.0ms	caller=stat/metrics.go:210
2024-10-18T08:27:26.446Z	 stat 	CPU: 0m, MEMORY: Alloc=3.7Mi, TotalAlloc=194.7Mi, Sys=23.1Mi, NumGC=60	caller=stat/usage.go:61
2024-10-18T08:27:26.571Z	 stat 	(api) shedding_stat [1m], cpu: 0, total: 0, pass: 0, drop: 0	caller=load/sheddingstat.go:61
2024-10-18T08:28:18.802Z	 stat 	(problems-api) - qps: 0.0/s, drops: 0, avg time: 0.0ms, med: 0.0ms, 90th: 0.0ms, 99th: 0.0ms, 99.9th: 0.0ms	caller=stat/metrics.go:210
2024-10-18T08:28:26.442Z	 stat 	CPU: 0m, MEMORY: Alloc=6.6Mi, TotalAlloc=197.5Mi, Sys=23.1Mi, NumGC=60	caller=stat/usage.go:61
2024-10-18T08:28:26.569Z	 stat 	(api) shedding_stat [1m], cpu: 0, total: 0, pass: 0, drop: 0	caller=load/sheddingstat.go:61
2024-10-18T08:29:18.803Z	 stat 	(problems-api) - qps: 0.0/s, drops: 0, avg time: 0.0ms, med: 0.0ms, 90th: 0.0ms, 99th: 0.0ms, 99.9th: 0.0ms	caller=stat/metrics.go:210
2024-10-18T08:29:26.442Z	 stat 	CPU: 0m, MEMORY: Alloc=5.9Mi, TotalAlloc=200.4Mi, Sys=23.1Mi, NumGC=61	caller=stat/usage.go:61
2024-10-18T08:29:26.566Z	 stat 	(api) shedding_stat [1m], cpu: 0, total: 0, pass: 0, drop: 0	caller=load/sheddingstat.go:61
2024-10-18T08:30:18.796Z	 stat 	(problems-api) - qps: 0.0/s, drops: 0, avg time: 0.0ms, med: 0.0ms, 90th: 0.0ms, 99th: 0.0ms, 99.9th: 0.0ms	caller=stat/metrics.go:210
2024-10-18T08:30:26.436Z	 stat 	CPU: 0m, MEMORY: Alloc=5.7Mi, TotalAlloc=203.3Mi, Sys=23.1Mi, NumGC=62	caller=stat/usage.go:61
2024-10-18T08:30:26.564Z	 stat 	(api) shedding_stat [1m], cpu: 0, total: 0, pass: 0, drop: 0	caller=load/sheddingstat.go:61
2024-10-18T08:31:18.794Z	 stat 	(problems-api) - qps: 0.0/s, drops: 0, avg time: 0.0ms, med: 0.0ms, 90th: 0.0ms, 99th: 0.0ms, 99.9th: 0.0ms	caller=stat/metrics.go:210
2024-10-18T08:31:26.434Z	 stat 	CPU: 0m, MEMORY: Alloc=5.2Mi, TotalAlloc=206.2Mi, Sys=23.1Mi, NumGC=63	caller=stat/usage.go:61
2024-10-18T08:31:26.561Z	 stat 	(api) shedding_stat [1m], cpu: 0, total: 0, pass: 0, drop: 0	caller=load/sheddingstat.go:61
2024-10-18T08:32:18.785Z	 stat 	(problems-api) - qps: 0.0/s, drops: 0, avg time: 0.0ms, med: 0.0ms, 90th: 0.0ms, 99th: 0.0ms, 99.9th: 0.0ms	caller=stat/metrics.go:210
2024-10-18T08:32:26.425Z	 stat 	CPU: 0m, MEMORY: Alloc=4.9Mi, TotalAlloc=209.1Mi, Sys=23.1Mi, NumGC=64	caller=stat/usage.go:61
2024-10-18T08:32:26.552Z	 stat 	(api) shedding_stat [1m], cpu: 0, total: 0, pass: 0, drop: 0	caller=load/sheddingstat.go:61
2024-10-18T08:33:18.780Z	 stat 	(problems-api) - qps: 0.0/s, drops: 0, avg time: 0.0ms, med: 0.0ms, 90th: 0.0ms, 99th: 0.0ms, 99.9th: 0.0ms	caller=stat/metrics.go:210
2024-10-18T08:33:26.421Z	 stat 	CPU: 0m, MEMORY: Alloc=4.4Mi, TotalAlloc=212.0Mi, Sys=23.1Mi, NumGC=65	caller=stat/usage.go:61
2024-10-18T08:33:26.547Z	 stat 	(api) shedding_stat [1m], cpu: 0, total: 0, pass: 0, drop: 0	caller=load/sheddingstat.go:61
2024-10-18T08:34:18.776Z	 stat 	(problems-api) - qps: 0.0/s, drops: 0, avg time: 0.0ms, med: 0.0ms, 90th: 0.0ms, 99th: 0.0ms, 99.9th: 0.0ms	caller=stat/metrics.go:210
2024-10-18T08:34:26.417Z	 stat 	CPU: 0m, MEMORY: Alloc=4.1Mi, TotalAlloc=214.9Mi, Sys=23.1Mi, NumGC=66	caller=stat/usage.go:61
2024-10-18T08:34:26.543Z	 stat 	(api) shedding_stat [1m], cpu: 0, total: 0, pass: 0, drop: 0	caller=load/sheddingstat.go:61
2024-10-18T08:35:18.772Z	 stat 	(problems-api) - qps: 0.0/s, drops: 0, avg time: 0.0ms, med: 0.0ms, 90th: 0.0ms, 99th: 0.0ms, 99.9th: 0.0ms	caller=stat/metrics.go:210
2024-10-18T08:35:26.414Z	 stat 	CPU: 0m, MEMORY: Alloc=3.7Mi, TotalAlloc=217.7Mi, Sys=23.1Mi, NumGC=67	caller=stat/usage.go:61
2024-10-18T08:35:26.539Z	 stat 	(api) shedding_stat [1m], cpu: 0, total: 0, pass: 0, drop: 0	caller=load/sheddingstat.go:61
2024-10-18T08:36:18.768Z	 stat 	(problems-api) - qps: 0.0/s, drops: 0, avg time: 0.0ms, med: 0.0ms, 90th: 0.0ms, 99th: 0.0ms, 99.9th: 0.0ms	caller=stat/metrics.go:210
2024-10-18T08:36:26.409Z	 stat 	CPU: 0m, MEMORY: Alloc=3.4Mi, TotalAlloc=220.6Mi, Sys=23.1Mi, NumGC=68	caller=stat/usage.go:61
2024-10-18T08:36:26.535Z	 stat 	(api) shedding_stat [1m], cpu: 0, total: 0, pass: 0, drop: 0	caller=load/sheddingstat.go:61
2024-10-18T08:37:18.764Z	 stat 	(problems-api) - qps: 0.0/s, drops: 0, avg time: 0.0ms, med: 0.0ms, 90th: 0.0ms, 99th: 0.0ms, 99.9th: 0.0ms	caller=stat/metrics.go:210
2024-10-18T08:37:26.405Z	 stat 	CPU: 0m, MEMORY: Alloc=6.3Mi, TotalAlloc=223.5Mi, Sys=23.1Mi, NumGC=68	caller=stat/usage.go:61
2024-10-18T08:37:26.531Z	 stat 	(api) shedding_stat [1m], cpu: 0, total: 0, pass: 0, drop: 0	caller=load/sheddingstat.go:61
2024-10-18T08:38:18.760Z	 stat 	(problems-api) - qps: 0.0/s, drops: 0, avg time: 0.0ms, med: 0.0ms, 90th: 0.0ms, 99th: 0.0ms, 99.9th: 0.0ms	caller=stat/metrics.go:210
2024-10-18T08:38:26.400Z	 stat 	CPU: 0m, MEMORY: Alloc=5.8Mi, TotalAlloc=226.4Mi, Sys=23.1Mi, NumGC=69	caller=stat/usage.go:61
2024-10-18T08:38:26.528Z	 stat 	(api) shedding_stat [1m], cpu: 0, total: 0, pass: 0, drop: 0	caller=load/sheddingstat.go:61
2024-10-18T08:39:18.757Z	 stat 	(problems-api) - qps: 0.0/s, drops: 0, avg time: 0.0ms, med: 0.0ms, 90th: 0.0ms, 99th: 0.0ms, 99.9th: 0.0ms	caller=stat/metrics.go:210
2024-10-18T08:39:26.397Z	 stat 	CPU: 0m, MEMORY: Alloc=5.3Mi, TotalAlloc=229.3Mi, Sys=23.1Mi, NumGC=70	caller=stat/usage.go:61
2024-10-18T08:39:26.524Z	 stat 	(api) shedding_stat [1m], cpu: 0, total: 0, pass: 0, drop: 0	caller=load/sheddingstat.go:61
2024-10-18T08:40:18.753Z	 stat 	(problems-api) - qps: 0.0/s, drops: 0, avg time: 0.0ms, med: 0.0ms, 90th: 0.0ms, 99th: 0.0ms, 99.9th: 0.0ms	caller=stat/metrics.go:210
2024-10-18T08:40:26.393Z	 stat 	CPU: 0m, MEMORY: Alloc=4.9Mi, TotalAlloc=232.2Mi, Sys=23.1Mi, NumGC=71	caller=stat/usage.go:61
2024-10-18T08:40:26.520Z	 stat 	(api) shedding_stat [1m], cpu: 0, total: 0, pass: 0, drop: 0	caller=load/sheddingstat.go:61
2024-10-18T08:41:18.750Z	 stat 	(problems-api) - qps: 0.0/s, drops: 0, avg time: 0.0ms, med: 0.0ms, 90th: 0.0ms, 99th: 0.0ms, 99.9th: 0.0ms	caller=stat/metrics.go:210
2024-10-18T08:41:26.391Z	 stat 	CPU: 0m, MEMORY: Alloc=4.4Mi, TotalAlloc=235.0Mi, Sys=23.1Mi, NumGC=72	caller=stat/usage.go:61
2024-10-18T08:41:26.517Z	 stat 	(api) shedding_stat [1m], cpu: 0, total: 0, pass: 0, drop: 0	caller=load/sheddingstat.go:61
2024-10-18T08:42:18.757Z	 stat 	(problems-api) - qps: 0.0/s, drops: 0, avg time: 0.0ms, med: 0.0ms, 90th: 0.0ms, 99th: 0.0ms, 99.9th: 0.0ms	caller=stat/metrics.go:210
2024-10-18T08:42:26.387Z	 stat 	CPU: 0m, MEMORY: Alloc=4.0Mi, TotalAlloc=237.9Mi, Sys=23.1Mi, NumGC=73	caller=stat/usage.go:61
2024-10-18T08:42:26.513Z	 stat 	(api) shedding_stat [1m], cpu: 0, total: 0, pass: 0, drop: 0	caller=load/sheddingstat.go:61
2024-10-18T08:43:18.743Z	 stat 	(problems-api) - qps: 0.0/s, drops: 0, avg time: 0.0ms, med: 0.0ms, 90th: 0.0ms, 99th: 0.0ms, 99.9th: 0.0ms	caller=stat/metrics.go:210
2024-10-18T08:43:26.383Z	 stat 	CPU: 0m, MEMORY: Alloc=3.6Mi, TotalAlloc=240.8Mi, Sys=23.1Mi, NumGC=74	caller=stat/usage.go:61
2024-10-18T08:43:26.511Z	 stat 	(api) shedding_stat [1m], cpu: 0, total: 0, pass: 0, drop: 0	caller=load/sheddingstat.go:61
2024-10-18T08:44:18.740Z	 stat 	(problems-api) - qps: 0.0/s, drops: 0, avg time: 0.0ms, med: 0.0ms, 90th: 0.0ms, 99th: 0.0ms, 99.9th: 0.0ms	caller=stat/metrics.go:210
2024-10-18T08:44:26.380Z	 stat 	CPU: 0m, MEMORY: Alloc=6.5Mi, TotalAlloc=243.7Mi, Sys=23.1Mi, NumGC=74	caller=stat/usage.go:61
2024-10-18T08:44:26.507Z	 stat 	(api) shedding_stat [1m], cpu: 0, total: 0, pass: 0, drop: 0	caller=load/sheddingstat.go:61
2024-10-18T08:45:18.736Z	 stat 	(problems-api) - qps: 0.0/s, drops: 0, avg time: 0.0ms, med: 0.0ms, 90th: 0.0ms, 99th: 0.0ms, 99.9th: 0.0ms	caller=stat/metrics.go:210
2024-10-18T08:45:26.377Z	 stat 	CPU: 0m, MEMORY: Alloc=5.9Mi, TotalAlloc=246.6Mi, Sys=23.1Mi, NumGC=75	caller=stat/usage.go:61
2024-10-18T08:45:26.504Z	 stat 	(api) shedding_stat [1m], cpu: 0, total: 0, pass: 0, drop: 0	caller=load/sheddingstat.go:61
2024-10-18T08:46:18.742Z	 stat 	(problems-api) - qps: 0.0/s, drops: 0, avg time: 0.0ms, med: 0.0ms, 90th: 0.0ms, 99th: 0.0ms, 99.9th: 0.0ms	caller=stat/metrics.go:210
2024-10-18T08:46:26.373Z	 stat 	CPU: 0m, MEMORY: Alloc=5.7Mi, TotalAlloc=249.5Mi, Sys=23.1Mi, NumGC=76	caller=stat/usage.go:61
2024-10-18T08:46:26.500Z	 stat 	(api) shedding_stat [1m], cpu: 0, total: 0, pass: 0, drop: 0	caller=load/sheddingstat.go:61
2024-10-18T08:47:18.730Z	 stat 	(problems-api) - qps: 0.0/s, drops: 0, avg time: 0.0ms, med: 0.0ms, 90th: 0.0ms, 99th: 0.0ms, 99.9th: 0.0ms	caller=stat/metrics.go:210
2024-10-18T08:47:26.371Z	 stat 	CPU: 0m, MEMORY: Alloc=5.2Mi, TotalAlloc=252.4Mi, Sys=23.1Mi, NumGC=77	caller=stat/usage.go:61
2024-10-18T08:47:26.498Z	 stat 	(api) shedding_stat [1m], cpu: 0, total: 0, pass: 0, drop: 0	caller=load/sheddingstat.go:61
2024-10-18T08:48:18.727Z	 stat 	(problems-api) - qps: 0.0/s, drops: 0, avg time: 0.0ms, med: 0.0ms, 90th: 0.0ms, 99th: 0.0ms, 99.9th: 0.0ms	caller=stat/metrics.go:210
2024-10-18T08:48:26.368Z	 stat 	CPU: 0m, MEMORY: Alloc=4.7Mi, TotalAlloc=255.2Mi, Sys=23.1Mi, NumGC=78	caller=stat/usage.go:61
2024-10-18T08:48:26.494Z	 stat 	(api) shedding_stat [1m], cpu: 0, total: 0, pass: 0, drop: 0	caller=load/sheddingstat.go:61
2024-10-18T08:49:18.734Z	 stat 	(problems-api) - qps: 0.0/s, drops: 0, avg time: 0.0ms, med: 0.0ms, 90th: 0.0ms, 99th: 0.0ms, 99.9th: 0.0ms	caller=stat/metrics.go:210
2024-10-18T08:49:26.365Z	 stat 	CPU: 0m, MEMORY: Alloc=4.4Mi, TotalAlloc=258.1Mi, Sys=23.1Mi, NumGC=79	caller=stat/usage.go:61
2024-10-18T08:49:26.492Z	 stat 	(api) shedding_stat [1m], cpu: 0, total: 0, pass: 0, drop: 0	caller=load/sheddingstat.go:61
2024-10-18T08:50:18.722Z	 stat 	(problems-api) - qps: 0.0/s, drops: 0, avg time: 0.0ms, med: 0.0ms, 90th: 0.0ms, 99th: 0.0ms, 99.9th: 0.0ms	caller=stat/metrics.go:210
2024-10-18T08:50:26.363Z	 stat 	CPU: 0m, MEMORY: Alloc=3.9Mi, TotalAlloc=261.0Mi, Sys=23.1Mi, NumGC=80	caller=stat/usage.go:61
2024-10-18T08:50:26.489Z	 stat 	(api) shedding_stat [1m], cpu: 0, total: 0, pass: 0, drop: 0	caller=load/sheddingstat.go:61
2024-10-18T08:51:18.718Z	 stat 	(problems-api) - qps: 0.0/s, drops: 0, avg time: 0.0ms, med: 0.0ms, 90th: 0.0ms, 99th: 0.0ms, 99.9th: 0.0ms	caller=stat/metrics.go:210
2024-10-18T08:51:26.360Z	 stat 	CPU: 0m, MEMORY: Alloc=3.5Mi, TotalAlloc=263.9Mi, Sys=23.1Mi, NumGC=81	caller=stat/usage.go:61
2024-10-18T08:51:26.486Z	 stat 	(api) shedding_stat [1m], cpu: 0, total: 0, pass: 0, drop: 0	caller=load/sheddingstat.go:61
2024-10-18T08:52:18.716Z	 stat 	(problems-api) - qps: 0.0/s, drops: 0, avg time: 0.0ms, med: 0.0ms, 90th: 0.0ms, 99th: 0.0ms, 99.9th: 0.0ms	caller=stat/metrics.go:210
2024-10-18T08:52:26.357Z	 stat 	CPU: 0m, MEMORY: Alloc=6.4Mi, TotalAlloc=266.8Mi, Sys=23.1Mi, NumGC=81	caller=stat/usage.go:61
2024-10-18T08:52:26.483Z	 stat 	(api) shedding_stat [1m], cpu: 0, total: 0, pass: 0, drop: 0	caller=load/sheddingstat.go:61
2024-10-18T08:53:18.713Z	 stat 	(problems-api) - qps: 0.0/s, drops: 0, avg time: 0.0ms, med: 0.0ms, 90th: 0.0ms, 99th: 0.0ms, 99.9th: 0.0ms	caller=stat/metrics.go:210
2024-10-18T08:53:26.355Z	 stat 	CPU: 0m, MEMORY: Alloc=5.9Mi, TotalAlloc=269.7Mi, Sys=23.1Mi, NumGC=82	caller=stat/usage.go:61
2024-10-18T08:53:26.481Z	 stat 	(api) shedding_stat [1m], cpu: 0, total: 0, pass: 0, drop: 0	caller=load/sheddingstat.go:61
2024-10-18T08:54:18.722Z	 stat 	(problems-api) - qps: 0.0/s, drops: 0, avg time: 0.0ms, med: 0.0ms, 90th: 0.0ms, 99th: 0.0ms, 99.9th: 0.0ms	caller=stat/metrics.go:210
2024-10-18T08:54:26.352Z	 stat 	CPU: 0m, MEMORY: Alloc=5.4Mi, TotalAlloc=272.6Mi, Sys=23.1Mi, NumGC=83	caller=stat/usage.go:61
2024-10-18T08:54:26.479Z	 stat 	(api) shedding_stat [1m], cpu: 0, total: 0, pass: 0, drop: 0	caller=load/sheddingstat.go:61
2024-10-18T08:55:18.709Z	 stat 	(problems-api) - qps: 0.0/s, drops: 0, avg time: 0.0ms, med: 0.0ms, 90th: 0.0ms, 99th: 0.0ms, 99.9th: 0.0ms	caller=stat/metrics.go:210
2024-10-18T08:55:26.350Z	 stat 	CPU: 0m, MEMORY: Alloc=4.9Mi, TotalAlloc=275.4Mi, Sys=23.1Mi, NumGC=84	caller=stat/usage.go:61
2024-10-18T08:55:26.476Z	 stat 	(api) shedding_stat [1m], cpu: 0, total: 0, pass: 0, drop: 0	caller=load/sheddingstat.go:61
2024-10-18T08:56:18.706Z	 stat 	(problems-api) - qps: 0.0/s, drops: 0, avg time: 0.0ms, med: 0.0ms, 90th: 0.0ms, 99th: 0.0ms, 99.9th: 0.0ms	caller=stat/metrics.go:210
2024-10-18T08:56:26.347Z	 stat 	CPU: 0m, MEMORY: Alloc=4.6Mi, TotalAlloc=278.3Mi, Sys=23.1Mi, NumGC=85	caller=stat/usage.go:61
2024-10-18T08:56:26.474Z	 stat 	(api) shedding_stat [1m], cpu: 0, total: 0, pass: 0, drop: 0	caller=load/sheddingstat.go:61
2024-10-18T08:57:18.704Z	 stat 	(problems-api) - qps: 0.0/s, drops: 0, avg time: 0.0ms, med: 0.0ms, 90th: 0.0ms, 99th: 0.0ms, 99.9th: 0.0ms	caller=stat/metrics.go:210
2024-10-18T08:57:26.345Z	 stat 	CPU: 0m, MEMORY: Alloc=4.2Mi, TotalAlloc=281.2Mi, Sys=23.1Mi, NumGC=86	caller=stat/usage.go:61
2024-10-18T08:57:26.471Z	 stat 	(api) shedding_stat [1m], cpu: 0, total: 0, pass: 0, drop: 0	caller=load/sheddingstat.go:61
2024-10-18T08:58:18.704Z	 stat 	(problems-api) - qps: 0.0/s, drops: 0, avg time: 0.0ms, med: 0.0ms, 90th: 0.0ms, 99th: 0.0ms, 99.9th: 0.0ms	caller=stat/metrics.go:210
2024-10-18T08:58:26.342Z	 stat 	CPU: 0m, MEMORY: Alloc=3.8Mi, TotalAlloc=284.1Mi, Sys=23.1Mi, NumGC=87	caller=stat/usage.go:61
2024-10-18T08:58:26.468Z	 stat 	(api) shedding_stat [1m], cpu: 0, total: 0, pass: 0, drop: 0	caller=load/sheddingstat.go:61
2024-10-18T08:59:18.699Z	 stat 	(problems-api) - qps: 0.0/s, drops: 0, avg time: 0.0ms, med: 0.0ms, 90th: 0.0ms, 99th: 0.0ms, 99.9th: 0.0ms	caller=stat/metrics.go:210
2024-10-18T08:59:26.340Z	 stat 	CPU: 0m, MEMORY: Alloc=6.6Mi, TotalAlloc=287.0Mi, Sys=23.1Mi, NumGC=87	caller=stat/usage.go:61
2024-10-18T08:59:26.466Z	 stat 	(api) shedding_stat [1m], cpu: 0, total: 0, pass: 0, drop: 0	caller=load/sheddingstat.go:61
2024-10-18T09:00:18.696Z	 stat 	(problems-api) - qps: 0.0/s, drops: 0, avg time: 0.0ms, med: 0.0ms, 90th: 0.0ms, 99th: 0.0ms, 99.9th: 0.0ms	caller=stat/metrics.go:210
2024-10-18T09:00:26.337Z	 stat 	CPU: 0m, MEMORY: Alloc=6.2Mi, TotalAlloc=289.9Mi, Sys=23.1Mi, NumGC=88	caller=stat/usage.go:61
2024-10-18T09:00:26.464Z	 stat 	(api) shedding_stat [1m], cpu: 0, total: 0, pass: 0, drop: 0	caller=load/sheddingstat.go:61
2024-10-18T09:01:18.695Z	 stat 	(problems-api) - qps: 0.0/s, drops: 0, avg time: 0.0ms, med: 0.0ms, 90th: 0.0ms, 99th: 0.0ms, 99.9th: 0.0ms	caller=stat/metrics.go:210
2024-10-18T09:01:26.335Z	 stat 	CPU: 0m, MEMORY: Alloc=5.7Mi, TotalAlloc=292.8Mi, Sys=23.1Mi, NumGC=89	caller=stat/usage.go:61
2024-10-18T09:01:26.461Z	 stat 	(api) shedding_stat [1m], cpu: 0, total: 0, pass: 0, drop: 0	caller=load/sheddingstat.go:61
2024-10-18T09:02:18.692Z	 stat 	(problems-api) - qps: 0.0/s, drops: 0, avg time: 0.0ms, med: 0.0ms, 90th: 0.0ms, 99th: 0.0ms, 99.9th: 0.0ms	caller=stat/metrics.go:210
2024-10-18T09:02:26.333Z	 stat 	CPU: 0m, MEMORY: Alloc=5.3Mi, TotalAlloc=295.6Mi, Sys=23.1Mi, NumGC=90	caller=stat/usage.go:61
2024-10-18T09:02:26.459Z	 stat 	(api) shedding_stat [1m], cpu: 0, total: 0, pass: 0, drop: 0	caller=load/sheddingstat.go:61
2024-10-18T09:03:18.690Z	 stat 	(problems-api) - qps: 0.0/s, drops: 0, avg time: 0.0ms, med: 0.0ms, 90th: 0.0ms, 99th: 0.0ms, 99.9th: 0.0ms	caller=stat/metrics.go:210
2024-10-18T09:03:26.331Z	 stat 	CPU: 0m, MEMORY: Alloc=4.8Mi, TotalAlloc=298.5Mi, Sys=23.1Mi, NumGC=91	caller=stat/usage.go:61
2024-10-18T09:03:26.457Z	 stat 	(api) shedding_stat [1m], cpu: 0, total: 0, pass: 0, drop: 0	caller=load/sheddingstat.go:61
2024-10-18T09:04:18.688Z	 stat 	(problems-api) - qps: 0.0/s, drops: 0, avg time: 0.0ms, med: 0.0ms, 90th: 0.0ms, 99th: 0.0ms, 99.9th: 0.0ms	caller=stat/metrics.go:210
2024-10-18T09:04:26.328Z	 stat 	CPU: 0m, MEMORY: Alloc=4.5Mi, TotalAlloc=301.4Mi, Sys=23.1Mi, NumGC=92	caller=stat/usage.go:61
2024-10-18T09:04:26.454Z	 stat 	(api) shedding_stat [1m], cpu: 0, total: 0, pass: 0, drop: 0	caller=load/sheddingstat.go:61
2024-10-18T09:05:18.685Z	 stat 	(problems-api) - qps: 0.0/s, drops: 0, avg time: 0.0ms, med: 0.0ms, 90th: 0.0ms, 99th: 0.0ms, 99.9th: 0.0ms	caller=stat/metrics.go:210
2024-10-18T09:05:26.326Z	 stat 	CPU: 0m, MEMORY: Alloc=4.0Mi, TotalAlloc=304.3Mi, Sys=23.1Mi, NumGC=93	caller=stat/usage.go:61
2024-10-18T09:05:26.452Z	 stat 	(api) shedding_stat [1m], cpu: 0, total: 0, pass: 0, drop: 0	caller=load/sheddingstat.go:61
2024-10-18T09:06:18.682Z	 stat 	(problems-api) - qps: 0.0/s, drops: 0, avg time: 0.0ms, med: 0.0ms, 90th: 0.0ms, 99th: 0.0ms, 99.9th: 0.0ms	caller=stat/metrics.go:210
2024-10-18T09:06:26.323Z	 stat 	CPU: 0m, MEMORY: Alloc=3.6Mi, TotalAlloc=307.2Mi, Sys=23.1Mi, NumGC=94	caller=stat/usage.go:61
2024-10-18T09:06:26.449Z	 stat 	(api) shedding_stat [1m], cpu: 0, total: 0, pass: 0, drop: 0	caller=load/sheddingstat.go:61
2024-10-18T09:07:18.679Z	 stat 	(problems-api) - qps: 0.0/s, drops: 0, avg time: 0.0ms, med: 0.0ms, 90th: 0.0ms, 99th: 0.0ms, 99.9th: 0.0ms	caller=stat/metrics.go:210
2024-10-18T09:07:26.319Z	 stat 	CPU: 0m, MEMORY: Alloc=6.5Mi, TotalAlloc=310.1Mi, Sys=23.1Mi, NumGC=94	caller=stat/usage.go:61
2024-10-18T09:07:26.446Z	 stat 	(api) shedding_stat [1m], cpu: 0, total: 0, pass: 0, drop: 0	caller=load/sheddingstat.go:61
2024-10-18T09:08:18.678Z	 stat 	(problems-api) - qps: 0.0/s, drops: 0, avg time: 0.0ms, med: 0.0ms, 90th: 0.0ms, 99th: 0.0ms, 99.9th: 0.0ms	caller=stat/metrics.go:210
2024-10-18T09:08:26.318Z	 stat 	CPU: 0m, MEMORY: Alloc=6.0Mi, TotalAlloc=312.9Mi, Sys=23.1Mi, NumGC=95	caller=stat/usage.go:61
2024-10-18T09:08:26.445Z	 stat 	(api) shedding_stat [1m], cpu: 0, total: 0, pass: 0, drop: 0	caller=load/sheddingstat.go:61
2024-10-18T09:09:18.675Z	 stat 	(problems-api) - qps: 0.0/s, drops: 0, avg time: 0.0ms, med: 0.0ms, 90th: 0.0ms, 99th: 0.0ms, 99.9th: 0.0ms	caller=stat/metrics.go:210
2024-10-18T09:09:26.316Z	 stat 	CPU: 0m, MEMORY: Alloc=5.6Mi, TotalAlloc=315.8Mi, Sys=23.1Mi, NumGC=96	caller=stat/usage.go:61
2024-10-18T09:09:26.442Z	 stat 	(api) shedding_stat [1m], cpu: 0, total: 0, pass: 0, drop: 0	caller=load/sheddingstat.go:61
2024-10-18T09:10:18.673Z	 stat 	(problems-api) - qps: 0.0/s, drops: 0, avg time: 0.0ms, med: 0.0ms, 90th: 0.0ms, 99th: 0.0ms, 99.9th: 0.0ms	caller=stat/metrics.go:210
2024-10-18T09:10:26.314Z	 stat 	CPU: 0m, MEMORY: Alloc=5.3Mi, TotalAlloc=318.7Mi, Sys=23.1Mi, NumGC=97	caller=stat/usage.go:61
2024-10-18T09:10:26.440Z	 stat 	(api) shedding_stat [1m], cpu: 0, total: 0, pass: 0, drop: 0	caller=load/sheddingstat.go:61
2024-10-18T09:11:18.671Z	 stat 	(problems-api) - qps: 0.0/s, drops: 0, avg time: 0.0ms, med: 0.0ms, 90th: 0.0ms, 99th: 0.0ms, 99.9th: 0.0ms	caller=stat/metrics.go:210
2024-10-18T09:11:26.311Z	 stat 	CPU: 0m, MEMORY: Alloc=4.8Mi, TotalAlloc=321.6Mi, Sys=23.1Mi, NumGC=98	caller=stat/usage.go:61
2024-10-18T09:11:26.438Z	 stat 	(api) shedding_stat [1m], cpu: 0, total: 0, pass: 0, drop: 0	caller=load/sheddingstat.go:61
2024-10-18T09:12:18.675Z	 stat 	(problems-api) - qps: 0.0/s, drops: 0, avg time: 0.0ms, med: 0.0ms, 90th: 0.0ms, 99th: 0.0ms, 99.9th: 0.0ms	caller=stat/metrics.go:210
2024-10-18T09:12:26.319Z	 stat 	CPU: 0m, MEMORY: Alloc=4.5Mi, TotalAlloc=324.5Mi, Sys=23.1Mi, NumGC=99	caller=stat/usage.go:61
2024-10-18T09:12:26.435Z	 stat 	(api) shedding_stat [1m], cpu: 0, total: 0, pass: 0, drop: 0	caller=load/sheddingstat.go:61
2024-10-18T09:13:18.665Z	 stat 	(problems-api) - qps: 0.0/s, drops: 0, avg time: 0.0ms, med: 0.0ms, 90th: 0.0ms, 99th: 0.0ms, 99.9th: 0.0ms	caller=stat/metrics.go:210
2024-10-18T09:13:26.306Z	 stat 	CPU: 0m, MEMORY: Alloc=4.1Mi, TotalAlloc=327.4Mi, Sys=23.1Mi, NumGC=100	caller=stat/usage.go:61
2024-10-18T09:13:26.432Z	 stat 	(api) shedding_stat [1m], cpu: 0, total: 0, pass: 0, drop: 0	caller=load/sheddingstat.go:61
2024-10-18T09:14:18.665Z	 stat 	(problems-api) - qps: 0.0/s, drops: 0, avg time: 0.0ms, med: 0.0ms, 90th: 0.0ms, 99th: 0.0ms, 99.9th: 0.0ms	caller=stat/metrics.go:210
2024-10-18T09:14:26.304Z	 stat 	CPU: 0m, MEMORY: Alloc=3.8Mi, TotalAlloc=330.3Mi, Sys=23.1Mi, NumGC=101	caller=stat/usage.go:61
2024-10-18T09:14:26.430Z	 stat 	(api) shedding_stat [1m], cpu: 0, total: 0, pass: 0, drop: 0	caller=load/sheddingstat.go:61
2024-10-18T09:15:18.660Z	 stat 	(problems-api) - qps: 0.0/s, drops: 0, avg time: 0.0ms, med: 0.0ms, 90th: 0.0ms, 99th: 0.0ms, 99.9th: 0.0ms	caller=stat/metrics.go:210
2024-10-18T09:15:26.301Z	 stat 	CPU: 0m, MEMORY: Alloc=6.6Mi, TotalAlloc=333.2Mi, Sys=23.1Mi, NumGC=101	caller=stat/usage.go:61
2024-10-18T09:15:26.428Z	 stat 	(api) shedding_stat [1m], cpu: 0, total: 0, pass: 0, drop: 0	caller=load/sheddingstat.go:61
2024-10-18T09:16:18.658Z	 stat 	(problems-api) - qps: 0.0/s, drops: 0, avg time: 0.0ms, med: 0.0ms, 90th: 0.0ms, 99th: 0.0ms, 99.9th: 0.0ms	caller=stat/metrics.go:210
2024-10-18T09:16:26.298Z	 stat 	CPU: 0m, MEMORY: Alloc=6.0Mi, TotalAlloc=336.0Mi, Sys=23.1Mi, NumGC=102	caller=stat/usage.go:61
2024-10-18T09:16:26.427Z	 stat 	(api) shedding_stat [1m], cpu: 0, total: 0, pass: 0, drop: 0	caller=load/sheddingstat.go:61
2024-10-18T09:17:18.655Z	 stat 	(problems-api) - qps: 0.0/s, drops: 0, avg time: 0.0ms, med: 0.0ms, 90th: 0.0ms, 99th: 0.0ms, 99.9th: 0.0ms	caller=stat/metrics.go:210
2024-10-18T09:17:26.295Z	 stat 	CPU: 0m, MEMORY: Alloc=5.5Mi, TotalAlloc=338.9Mi, Sys=23.1Mi, NumGC=103	caller=stat/usage.go:61
2024-10-18T09:17:26.422Z	 stat 	(api) shedding_stat [1m], cpu: 0, total: 0, pass: 0, drop: 0	caller=load/sheddingstat.go:61
2024-10-18T09:18:18.653Z	 stat 	(problems-api) - qps: 0.0/s, drops: 0, avg time: 0.0ms, med: 0.0ms, 90th: 0.0ms, 99th: 0.0ms, 99.9th: 0.0ms	caller=stat/metrics.go:210
2024-10-18T09:18:26.293Z	 stat 	CPU: 0m, MEMORY: Alloc=5.2Mi, TotalAlloc=341.8Mi, Sys=23.1Mi, NumGC=104	caller=stat/usage.go:61
2024-10-18T09:18:26.419Z	 stat 	(api) shedding_stat [1m], cpu: 0, total: 0, pass: 0, drop: 0	caller=load/sheddingstat.go:61
2024-10-18T09:19:18.650Z	 stat 	(problems-api) - qps: 0.0/s, drops: 0, avg time: 0.0ms, med: 0.0ms, 90th: 0.0ms, 99th: 0.0ms, 99.9th: 0.0ms	caller=stat/metrics.go:210
2024-10-18T09:19:26.290Z	 stat 	CPU: 0m, MEMORY: Alloc=4.7Mi, TotalAlloc=344.7Mi, Sys=23.1Mi, NumGC=105	caller=stat/usage.go:61
2024-10-18T09:19:26.417Z	 stat 	(api) shedding_stat [1m], cpu: 0, total: 0, pass: 0, drop: 0	caller=load/sheddingstat.go:61
2024-10-18T09:20:18.647Z	 stat 	(problems-api) - qps: 0.0/s, drops: 0, avg time: 0.0ms, med: 0.0ms, 90th: 0.0ms, 99th: 0.0ms, 99.9th: 0.0ms	caller=stat/metrics.go:210
2024-10-18T09:20:26.288Z	 stat 	CPU: 0m, MEMORY: Alloc=4.3Mi, TotalAlloc=347.6Mi, Sys=23.1Mi, NumGC=106	caller=stat/usage.go:61
2024-10-18T09:20:26.415Z	 stat 	(api) shedding_stat [1m], cpu: 0, total: 0, pass: 0, drop: 0	caller=load/sheddingstat.go:61
2024-10-18T09:21:18.645Z	 stat 	(problems-api) - qps: 0.0/s, drops: 0, avg time: 0.0ms, med: 0.0ms, 90th: 0.0ms, 99th: 0.0ms, 99.9th: 0.0ms	caller=stat/metrics.go:210
2024-10-18T09:21:26.286Z	 stat 	CPU: 0m, MEMORY: Alloc=3.8Mi, TotalAlloc=350.5Mi, Sys=23.1Mi, NumGC=107	caller=stat/usage.go:61
2024-10-18T09:21:26.412Z	 stat 	(api) shedding_stat [1m], cpu: 0, total: 0, pass: 0, drop: 0	caller=load/sheddingstat.go:61
2024-10-18T09:22:18.642Z	 stat 	(problems-api) - qps: 0.0/s, drops: 0, avg time: 0.0ms, med: 0.0ms, 90th: 0.0ms, 99th: 0.0ms, 99.9th: 0.0ms	caller=stat/metrics.go:210
2024-10-18T09:22:26.282Z	 stat 	CPU: 0m, MEMORY: Alloc=3.6Mi, TotalAlloc=353.4Mi, Sys=23.1Mi, NumGC=108	caller=stat/usage.go:61
2024-10-18T09:22:26.410Z	 stat 	(api) shedding_stat [1m], cpu: 0, total: 0, pass: 0, drop: 0	caller=load/sheddingstat.go:61
2024-10-18T09:23:18.640Z	 stat 	(problems-api) - qps: 0.0/s, drops: 0, avg time: 0.0ms, med: 0.0ms, 90th: 0.0ms, 99th: 0.0ms, 99.9th: 0.0ms	caller=stat/metrics.go:210
2024-10-18T09:23:26.280Z	 stat 	CPU: 0m, MEMORY: Alloc=6.4Mi, TotalAlloc=356.2Mi, Sys=23.1Mi, NumGC=108	caller=stat/usage.go:61
2024-10-18T09:23:26.407Z	 stat 	(api) shedding_stat [1m], cpu: 0, total: 0, pass: 0, drop: 0	caller=load/sheddingstat.go:61
2024-10-18T09:24:18.637Z	 stat 	(problems-api) - qps: 0.0/s, drops: 0, avg time: 0.0ms, med: 0.0ms, 90th: 0.0ms, 99th: 0.0ms, 99.9th: 0.0ms	caller=stat/metrics.go:210
2024-10-18T09:24:26.280Z	 stat 	CPU: 0m, MEMORY: Alloc=5.9Mi, TotalAlloc=359.1Mi, Sys=23.1Mi, NumGC=109	caller=stat/usage.go:61
2024-10-18T09:24:26.404Z	 stat 	(api) shedding_stat [1m], cpu: 0, total: 0, pass: 0, drop: 0	caller=load/sheddingstat.go:61
2024-10-18T09:25:18.635Z	 stat 	(problems-api) - qps: 0.0/s, drops: 0, avg time: 0.0ms, med: 0.0ms, 90th: 0.0ms, 99th: 0.0ms, 99.9th: 0.0ms	caller=stat/metrics.go:210
2024-10-18T09:25:26.276Z	 stat 	CPU: 0m, MEMORY: Alloc=5.4Mi, TotalAlloc=362.0Mi, Sys=23.1Mi, NumGC=110	caller=stat/usage.go:61
2024-10-18T09:25:26.402Z	 stat 	(api) shedding_stat [1m], cpu: 0, total: 0, pass: 0, drop: 0	caller=load/sheddingstat.go:61
2024-10-18T09:26:18.632Z	 stat 	(problems-api) - qps: 0.0/s, drops: 0, avg time: 0.0ms, med: 0.0ms, 90th: 0.0ms, 99th: 0.0ms, 99.9th: 0.0ms	caller=stat/metrics.go:210
2024-10-18T09:26:26.273Z	 stat 	CPU: 0m, MEMORY: Alloc=5.1Mi, TotalAlloc=364.9Mi, Sys=23.1Mi, NumGC=111	caller=stat/usage.go:61
2024-10-18T09:26:26.400Z	 stat 	(api) shedding_stat [1m], cpu: 0, total: 0, pass: 0, drop: 0	caller=load/sheddingstat.go:61
2024-10-18T09:27:18.632Z	 stat 	(problems-api) - qps: 0.0/s, drops: 0, avg time: 0.0ms, med: 0.0ms, 90th: 0.0ms, 99th: 0.0ms, 99.9th: 0.0ms	caller=stat/metrics.go:210
2024-10-18T09:27:26.271Z	 stat 	CPU: 0m, MEMORY: Alloc=4.6Mi, TotalAlloc=367.8Mi, Sys=23.1Mi, NumGC=112	caller=stat/usage.go:61
2024-10-18T09:27:26.398Z	 stat 	(api) shedding_stat [1m], cpu: 0, total: 0, pass: 0, drop: 0	caller=load/sheddingstat.go:61
2024-10-18T09:28:18.628Z	 stat 	(problems-api) - qps: 0.0/s, drops: 0, avg time: 0.0ms, med: 0.0ms, 90th: 0.0ms, 99th: 0.0ms, 99.9th: 0.0ms	caller=stat/metrics.go:210
2024-10-18T09:28:26.268Z	 stat 	CPU: 0m, MEMORY: Alloc=4.4Mi, TotalAlloc=370.7Mi, Sys=23.1Mi, NumGC=113	caller=stat/usage.go:61
2024-10-18T09:28:26.396Z	 stat 	(api) shedding_stat [1m], cpu: 0, total: 0, pass: 0, drop: 0	caller=load/sheddingstat.go:61
2024-10-18T09:29:18.626Z	 stat 	(problems-api) - qps: 0.0/s, drops: 0, avg time: 0.0ms, med: 0.0ms, 90th: 0.0ms, 99th: 0.0ms, 99.9th: 0.0ms	caller=stat/metrics.go:210
2024-10-18T09:29:26.266Z	 stat 	CPU: 0m, MEMORY: Alloc=3.9Mi, TotalAlloc=373.6Mi, Sys=23.1Mi, NumGC=114	caller=stat/usage.go:61
2024-10-18T09:29:26.393Z	 stat 	(api) shedding_stat [1m], cpu: 0, total: 0, pass: 0, drop: 0	caller=load/sheddingstat.go:61
2024-10-18T09:30:18.624Z	 stat 	(problems-api) - qps: 0.0/s, drops: 0, avg time: 0.0ms, med: 0.0ms, 90th: 0.0ms, 99th: 0.0ms, 99.9th: 0.0ms	caller=stat/metrics.go:210
2024-10-18T09:30:26.264Z	 stat 	CPU: 0m, MEMORY: Alloc=3.6Mi, TotalAlloc=376.4Mi, Sys=23.1Mi, NumGC=115	caller=stat/usage.go:61
2024-10-18T09:30:26.391Z	 stat 	(api) shedding_stat [1m], cpu: 0, total: 0, pass: 0, drop: 0	caller=load/sheddingstat.go:61
2024-10-18T09:31:18.622Z	 stat 	(problems-api) - qps: 0.0/s, drops: 0, avg time: 0.0ms, med: 0.0ms, 90th: 0.0ms, 99th: 0.0ms, 99.9th: 0.0ms	caller=stat/metrics.go:210
2024-10-18T09:31:26.263Z	 stat 	CPU: 0m, MEMORY: Alloc=6.5Mi, TotalAlloc=379.3Mi, Sys=23.1Mi, NumGC=115	caller=stat/usage.go:61
2024-10-18T09:31:26.389Z	 stat 	(api) shedding_stat [1m], cpu: 0, total: 0, pass: 0, drop: 0	caller=load/sheddingstat.go:61
2024-10-18T09:32:18.619Z	 stat 	(problems-api) - qps: 0.0/s, drops: 0, avg time: 0.0ms, med: 0.0ms, 90th: 0.0ms, 99th: 0.0ms, 99.9th: 0.0ms	caller=stat/metrics.go:210
2024-10-18T09:32:26.260Z	 stat 	CPU: 0m, MEMORY: Alloc=6.0Mi, TotalAlloc=382.2Mi, Sys=23.1Mi, NumGC=116	caller=stat/usage.go:61
2024-10-18T09:32:26.386Z	 stat 	(api) shedding_stat [1m], cpu: 0, total: 0, pass: 0, drop: 0	caller=load/sheddingstat.go:61
2024-10-18T09:33:18.617Z	 stat 	(problems-api) - qps: 0.0/s, drops: 0, avg time: 0.0ms, med: 0.0ms, 90th: 0.0ms, 99th: 0.0ms, 99.9th: 0.0ms	caller=stat/metrics.go:210
2024-10-18T09:33:26.258Z	 stat 	CPU: 0m, MEMORY: Alloc=5.5Mi, TotalAlloc=385.1Mi, Sys=23.1Mi, NumGC=117	caller=stat/usage.go:61
2024-10-18T09:33:26.384Z	 stat 	(api) shedding_stat [1m], cpu: 0, total: 0, pass: 0, drop: 0	caller=load/sheddingstat.go:61
2024-10-18T09:34:18.615Z	 stat 	(problems-api) - qps: 0.0/s, drops: 0, avg time: 0.0ms, med: 0.0ms, 90th: 0.0ms, 99th: 0.0ms, 99.9th: 0.0ms	caller=stat/metrics.go:210
2024-10-18T09:34:26.255Z	 stat 	CPU: 0m, MEMORY: Alloc=5.1Mi, TotalAlloc=388.0Mi, Sys=23.1Mi, NumGC=118	caller=stat/usage.go:61
2024-10-18T09:34:26.382Z	 stat 	(api) shedding_stat [1m], cpu: 0, total: 0, pass: 0, drop: 0	caller=load/sheddingstat.go:61
2024-10-18T09:35:18.613Z	 stat 	(problems-api) - qps: 0.0/s, drops: 0, avg time: 0.0ms, med: 0.0ms, 90th: 0.0ms, 99th: 0.0ms, 99.9th: 0.0ms	caller=stat/metrics.go:210
2024-10-18T09:35:26.253Z	 stat 	CPU: 0m, MEMORY: Alloc=4.7Mi, TotalAlloc=390.9Mi, Sys=23.1Mi, NumGC=119	caller=stat/usage.go:61
2024-10-18T09:35:26.379Z	 stat 	(api) shedding_stat [1m], cpu: 0, total: 0, pass: 0, drop: 0	caller=load/sheddingstat.go:61
2024-10-18T09:36:18.613Z	 stat 	(problems-api) - qps: 0.0/s, drops: 0, avg time: 0.0ms, med: 0.0ms, 90th: 0.0ms, 99th: 0.0ms, 99.9th: 0.0ms	caller=stat/metrics.go:210
2024-10-18T09:36:26.257Z	 stat 	CPU: 0m, MEMORY: Alloc=4.4Mi, TotalAlloc=393.8Mi, Sys=23.1Mi, NumGC=120	caller=stat/usage.go:61
2024-10-18T09:36:26.378Z	 stat 	(api) shedding_stat [1m], cpu: 0, total: 0, pass: 0, drop: 0	caller=load/sheddingstat.go:61
2024-10-18T09:37:18.608Z	 stat 	(problems-api) - qps: 0.0/s, drops: 0, avg time: 0.0ms, med: 0.0ms, 90th: 0.0ms, 99th: 0.0ms, 99.9th: 0.0ms	caller=stat/metrics.go:210
2024-10-18T09:37:26.249Z	 stat 	CPU: 0m, MEMORY: Alloc=3.9Mi, TotalAlloc=396.6Mi, Sys=23.1Mi, NumGC=121	caller=stat/usage.go:61
2024-10-18T09:37:26.375Z	 stat 	(api) shedding_stat [1m], cpu: 0, total: 0, pass: 0, drop: 0	caller=load/sheddingstat.go:61
2024-10-18T09:38:18.605Z	 stat 	(problems-api) - qps: 0.0/s, drops: 0, avg time: 0.0ms, med: 0.0ms, 90th: 0.0ms, 99th: 0.0ms, 99.9th: 0.0ms	caller=stat/metrics.go:210
2024-10-18T09:38:26.246Z	 stat 	CPU: 0m, MEMORY: Alloc=3.6Mi, TotalAlloc=399.5Mi, Sys=23.1Mi, NumGC=122	caller=stat/usage.go:61
2024-10-18T09:38:26.373Z	 stat 	(api) shedding_stat [1m], cpu: 0, total: 0, pass: 0, drop: 0	caller=load/sheddingstat.go:61
2024-10-18T09:39:18.603Z	 stat 	(problems-api) - qps: 0.0/s, drops: 0, avg time: 0.0ms, med: 0.0ms, 90th: 0.0ms, 99th: 0.0ms, 99.9th: 0.0ms	caller=stat/metrics.go:210
2024-10-18T09:39:26.243Z	 stat 	CPU: 0m, MEMORY: Alloc=6.5Mi, TotalAlloc=402.4Mi, Sys=23.1Mi, NumGC=122	caller=stat/usage.go:61
2024-10-18T09:39:26.370Z	 stat 	(api) shedding_stat [1m], cpu: 0, total: 0, pass: 0, drop: 0	caller=load/sheddingstat.go:61
2024-10-18T09:40:18.601Z	 stat 	(problems-api) - qps: 0.0/s, drops: 0, avg time: 0.0ms, med: 0.0ms, 90th: 0.0ms, 99th: 0.0ms, 99.9th: 0.0ms	caller=stat/metrics.go:210
2024-10-18T09:40:26.242Z	 stat 	CPU: 0m, MEMORY: Alloc=6.0Mi, TotalAlloc=405.3Mi, Sys=23.1Mi, NumGC=123	caller=stat/usage.go:61
2024-10-18T09:40:26.368Z	 stat 	(api) shedding_stat [1m], cpu: 0, total: 0, pass: 0, drop: 0	caller=load/sheddingstat.go:61
2024-10-18T09:41:18.598Z	 stat 	(problems-api) - qps: 0.0/s, drops: 0, avg time: 0.0ms, med: 0.0ms, 90th: 0.0ms, 99th: 0.0ms, 99.9th: 0.0ms	caller=stat/metrics.go:210
2024-10-18T09:41:26.239Z	 stat 	CPU: 0m, MEMORY: Alloc=5.4Mi, TotalAlloc=408.2Mi, Sys=23.1Mi, NumGC=124	caller=stat/usage.go:61
2024-10-18T09:41:26.366Z	 stat 	(api) shedding_stat [1m], cpu: 0, total: 0, pass: 0, drop: 0	caller=load/sheddingstat.go:61
2024-10-18T09:42:18.596Z	 stat 	(problems-api) - qps: 0.0/s, drops: 0, avg time: 0.0ms, med: 0.0ms, 90th: 0.0ms, 99th: 0.0ms, 99.9th: 0.0ms	caller=stat/metrics.go:210
2024-10-18T09:42:26.248Z	 stat 	CPU: 0m, MEMORY: Alloc=5.1Mi, TotalAlloc=411.1Mi, Sys=23.1Mi, NumGC=125	caller=stat/usage.go:61
2024-10-18T09:42:26.363Z	 stat 	(api) shedding_stat [1m], cpu: 0, total: 0, pass: 0, drop: 0	caller=load/sheddingstat.go:61
2024-10-18T09:43:18.600Z	 stat 	(problems-api) - qps: 0.0/s, drops: 0, avg time: 0.0ms, med: 0.0ms, 90th: 0.0ms, 99th: 0.0ms, 99.9th: 0.0ms	caller=stat/metrics.go:210
2024-10-18T09:43:26.235Z	 stat 	CPU: 0m, MEMORY: Alloc=4.6Mi, TotalAlloc=414.0Mi, Sys=23.1Mi, NumGC=126	caller=stat/usage.go:61
2024-10-18T09:43:26.361Z	 stat 	(api) shedding_stat [1m], cpu: 0, total: 0, pass: 0, drop: 0	caller=load/sheddingstat.go:61
2024-10-18T09:44:18.592Z	 stat 	(problems-api) - qps: 0.0/s, drops: 0, avg time: 0.0ms, med: 0.0ms, 90th: 0.0ms, 99th: 0.0ms, 99.9th: 0.0ms	caller=stat/metrics.go:210
2024-10-18T09:44:26.232Z	 stat 	CPU: 0m, MEMORY: Alloc=4.2Mi, TotalAlloc=416.9Mi, Sys=23.1Mi, NumGC=127	caller=stat/usage.go:61
2024-10-18T09:44:26.359Z	 stat 	(api) shedding_stat [1m], cpu: 0, total: 0, pass: 0, drop: 0	caller=load/sheddingstat.go:61
2024-10-18T09:44:53.958Z	 stat 	(problems-api) - qps: 0.0/s, drops: 0, avg time: 0.0ms, med: 0.0ms, 90th: 0.0ms, 99th: 0.0ms, 99.9th: 0.0ms	caller=stat/metrics.go:210
