2024-10-19T15:51:34.163+08:00	[34;1m info [0;22m	[HTTP] [42;97;1m 200 [0;0;22m - [46;97;1m POST [0;0;22m /api2/problems - [::1]:55727 - PostmanRuntime/7.42.0	duration=0.5ms	caller=handler/loghandler.go:147	trace=43228f69987d2c04cb9710776c0b5866	span=0184b91a461b223a
2024-10-19T15:51:44.686+08:00	[34;1m info [0;22m	[HTTP] [42;97;1m 200 [0;0;22m - [46;97;1m POST [0;0;22m /api2/problems - [::1]:55738 - PostmanRuntime/7.42.0	trace=4de9a1025171655ec4ffe3f361b9b552	span=be1f172416ce41e0	duration=0.3ms	caller=handler/loghandler.go:147
2024-10-19T15:55:38.322+08:00	[34;1m info [0;22m	[HTTP] [42;97;1m 200 [0;0;22m - [46;97;1m POST [0;0;22m /api2/problems - [::1]:63897 - PostmanRuntime/7.42.0	trace=e135e1ed93d52dae6232c700abdd37f5	span=30cb652b9a749c1f	duration=0.5ms	caller=handler/loghandler.go:147
2024-10-19T15:55:45.289+08:00	[34;1m info [0;22m	[HTTP] [42;97;1m 200 [0;0;22m - [46;97;1m POST [0;0;22m /api2/problems - [::1]:63903 - PostmanRuntime/7.42.0	trace=7ed6806edcc61ce3e03209487adf3185	span=3d2a300270aba43b	duration=0.6ms	caller=handler/loghandler.go:147
2024-10-19T15:56:40.645+08:00	[34;1m info [0;22m	[HTTP] [42;97;1m 200 [0;0;22m - [46;97;1m POST [0;0;22m /api2/problems - [::1]:64031 - PostmanRuntime/7.42.0	duration=0.0ms	caller=handler/loghandler.go:147	trace=e4f197e757eed968401b841414ed92d6	span=4eb63f229a47b576
2024-10-19T16:01:26.111+08:00	[34;1m info [0;22m	[HTTP] [42;97;1m 200 [0;0;22m - [46;97;1m POST [0;0;22m /api2/problems - [::1]:60237 - PostmanRuntime/7.42.0	duration=0.5ms	caller=handler/loghandler.go:147	trace=99ed6c507e9fa7e6afcd41a0e08c945d	span=4590b37539cce57c
2024-10-19T16:02:08.000+08:00	[34;1m info [0;22m	[HTTP] [42;97;1m 200 [0;0;22m - [46;97;1m POST [0;0;22m /api2/problems - [::1]:60279 - PostmanRuntime/7.42.0	span=a577b435225e44d6	duration=0.0ms	caller=handler/loghandler.go:147	trace=db7866c57fc77a56809c8d33586b7e6b
2024-10-19T16:02:56.715+08:00	[34;1m info [0;22m	[HTTP] [42;97;1m 200 [0;0;22m - [46;97;1m POST [0;0;22m /api2/problems - [::1]:51772 - PostmanRuntime/7.42.0	duration=106.9ms	caller=handler/loghandler.go:147	trace=788ffe17aee23594db3db11b84c29fd3	span=13224ee0bb7e1c22
2024-10-19T16:02:59.129+08:00	[34;1m info [0;22m	[HTTP] [42;97;1m 200 [0;0;22m - [46;97;1m POST [0;0;22m /api2/problems - [::1]:51772 - PostmanRuntime/7.42.0	caller=handler/loghandler.go:147	trace=3d64a34a74bf511ecbe40b463cc08cfa	span=9f108568b0ddf6a5	duration=90.5ms
2024-10-19T16:07:40.801+08:00	[34;1m info [0;22m	[HTTP] [42;97;1m 200 [0;0;22m - [46;97;1m POST [0;0;22m /api2/problems - [::1]:51152 - PostmanRuntime/7.42.0	trace=992e631bf4d83df3754b233cceda23a4	span=e5d5bb36b6d3d6ae	duration=2350.1ms	caller=handler/loghandler.go:147
2024-10-19T16:07:44.587+08:00	[34;1m info [0;22m	[HTTP] [42;97;1m 200 [0;0;22m - [46;97;1m POST [0;0;22m /api2/problems - [::1]:51152 - PostmanRuntime/7.42.0	duration=64.6ms	caller=handler/loghandler.go:147	trace=768fbe23be1600acb727245316643d1e	span=2794cc0f30cf7bca
2024-10-19T16:13:11.916+08:00	[34;1m info [0;22m	[HTTP] [42;97;1m 200 [0;0;22m - [46;97;1m POST [0;0;22m /api2/problems - [::1]:58278 - PostmanRuntime/7.42.0	duration=29.8ms	caller=handler/loghandler.go:147	trace=1ad2d25e691f7eae920d1f211067ffc3	span=16065db969f20c03
2024-10-19T16:17:33.275+08:00	[34;1m info [0;22m	[HTTP] [42;97;1m 200 [0;0;22m - [46;97;1m POST [0;0;22m /api2/problems - [::1]:57123 - PostmanRuntime/7.42.0	duration=2013.1ms	caller=handler/loghandler.go:147	trace=1355f042bf6d2edb193a39b57a9c0014	span=c6fc89a22b17de29
2024-10-19T16:19:30.161+08:00	[34;1m info [0;22m	[HTTP] [42;97;1m 200 [0;0;22m - [46;97;1m POST [0;0;22m /api2/problems - [::1]:53893 - PostmanRuntime/7.42.0	caller=handler/loghandler.go:147	trace=a80e9d72351324dd4e93d7796a065cf1	span=8ae362c0dfa25f1d	duration=2002.4ms
2024-10-19T16:19:31.660+08:00	[34;1m info [0;22m	[HTTP] [42;97;1m 200 [0;0;22m - [46;97;1m POST [0;0;22m /api2/problems - [::1]:53893 - PostmanRuntime/7.42.0	duration=15.2ms	caller=handler/loghandler.go:147	trace=2a58f6374bcc9ff436d2899b7de581ca	span=7f97d5dc598b516f
2024-10-19T16:20:29.405+08:00	[34;1m info [0;22m	[HTTP] [42;97;1m 200 [0;0;22m - [46;97;1m POST [0;0;22m /api2/problems - [::1]:50582 - PostmanRuntime/7.42.0	duration=13.7ms	caller=handler/loghandler.go:147	trace=2299d2d596e4bc14cca4a8ced79c47db	span=8c6fe1732fd1cd98
2024-10-19T16:20:34.778+08:00	[34;1m info [0;22m	[HTTP] [42;97;1m 200 [0;0;22m - [46;97;1m POST [0;0;22m /api2/problems - [::1]:50590 - PostmanRuntime/7.42.0	span=9504504a77f154ed	duration=1.5ms	caller=handler/loghandler.go:147	trace=fdc1a9cb401e3fd20904f81bc8e13037
2024-10-19T16:21:23.570+08:00	[34;1m info [0;22m	[HTTP] [42;97;1m 200 [0;0;22m - [46;97;1m POST [0;0;22m /api2/problems - [::1]:50619 - PostmanRuntime/7.42.0	trace=22e5a557ed65a7c6c2599e1a152ad404	span=d3631394da34369b	duration=1.9ms	caller=handler/loghandler.go:147
2024-10-19T16:28:41.110+08:00	[34;1m info [0;22m	[HTTP] [42;97;1m 200 [0;0;22m - [46;97;1m POST [0;0;22m /api2/problems - [::1]:57856 - PostmanRuntime/7.42.0	span=c4864d677a4e2543	duration=15.5ms	caller=handler/loghandler.go:147	trace=a6f67d4da4eee43b0fa1deab823c9624
2024-10-19T16:30:37.637+08:00	[34;1m info [0;22m	[HTTP] [42;97;1m 200 [0;0;22m - [46;97;1m POST [0;0;22m /api2/problems - [::1]:57980 - PostmanRuntime/7.42.0	duration=1.7ms	caller=handler/loghandler.go:147	trace=fb3862fa6000fbc78ef536e8400db1ab	span=0afc1538318be1a1
2024-10-19T16:30:48.907+08:00	[34;1m info [0;22m	[HTTP] [42;97;1m 200 [0;0;22m - [46;97;1m POST [0;0;22m /api2/problems - [::1]:58000 - PostmanRuntime/7.42.0	duration=1.7ms	caller=handler/loghandler.go:147	trace=ac2c00ab86cb43095d5c616ac1b827c3	span=5bdab379fc93e7bf
2024-10-19T16:30:56.853+08:00	[34;1m info [0;22m	[HTTP] [42;97;1m 200 [0;0;22m - [46;97;1m POST [0;0;22m /api2/problems - [::1]:58014 - PostmanRuntime/7.42.0	duration=0.5ms	caller=handler/loghandler.go:147	trace=71461a10f659a095b09eeac6ae2b2c9e	span=b43b9915d6f55c9e
2024-10-19T16:33:45.538+08:00	[34;1m info [0;22m	[HTTP] [42;97;1m 200 [0;0;22m - [46;97;1m POST [0;0;22m /api2/problems - [::1]:56186 - PostmanRuntime/7.42.0	trace=531a69a929ef94602622d0b14fcbfa97	span=133943ca5db78b6e	duration=3567.0ms	caller=handler/loghandler.go:147
2024-10-19T16:33:46.822+08:00	[34;1m info [0;22m	[HTTP] [42;97;1m 200 [0;0;22m - [46;97;1m POST [0;0;22m /api2/problems - [::1]:56186 - PostmanRuntime/7.42.0	duration=39.0ms	caller=handler/loghandler.go:147	trace=e1fd8fe92a00c2648ebb719bc52eae2d	span=6befdfaffd84d4f5
2024-10-19T16:40:03.617+08:00	[34;1m info [0;22m	[HTTP] [42;97;1m 200 [0;0;22m - [46;97;1m POST [0;0;22m /api2/problems - [::1]:62414 - PostmanRuntime/7.42.0	duration=2005.1ms	caller=handler/loghandler.go:147	trace=5b10a36ad8676a40681991bad56a6ca3	span=3a65fb05ce4b670c
2024-10-19T16:40:07.600+08:00	[34;1m info [0;22m	[HTTP] [42;97;1m 200 [0;0;22m - [46;97;1m POST [0;0;22m /api2/problems - [::1]:62414 - PostmanRuntime/7.42.0	duration=2022.4ms	caller=handler/loghandler.go:147	trace=c97a8ab8e738d8e5705ae4c8b9c768e8	span=d75e2258fec1da2a
2024-10-19T16:40:13.661+08:00	[34;1m info [0;22m	[HTTP] [42;97;1m 200 [0;0;22m - [46;97;1m POST [0;0;22m /api2/problems - [::1]:62476 - PostmanRuntime/7.42.0	duration=27.4ms	caller=handler/loghandler.go:147	trace=9b346cfdc79715c6ba1d7664fa66719e	span=43a0e4e7c767e3bc
2024-10-19T16:40:19.657+08:00	[34;1m info [0;22m	[HTTP] [42;97;1m 200 [0;0;22m - [46;97;1m POST [0;0;22m /api2/problems - [::1]:62496 - PostmanRuntime/7.42.0	span=3f5a3dae722d806b	duration=55.0ms	caller=handler/loghandler.go:147	trace=607869931f41aeb1d4fd84d1d2ac39c4
2024-10-19T16:42:15.691+08:00	[34;1m info [0;22m	[HTTP] [42;97;1m 200 [0;0;22m - [46;97;1m POST [0;0;22m /api2/problems - [::1]:56801 - PostmanRuntime/7.42.0	span=e9ace426656cf829	duration=8.3ms	caller=handler/loghandler.go:147	trace=c56fa94532c87affeb2d3b156d8673be
2024-10-19T16:42:20.542+08:00	[34;1m info [0;22m	[HTTP] [42;97;1m 200 [0;0;22m - [46;97;1m POST [0;0;22m /api2/problems - [::1]:56823 - PostmanRuntime/7.42.0	span=06299309bfa2015f	duration=35.2ms	caller=handler/loghandler.go:147	trace=49823e468fdd49a238f7977f8e141448
2024-10-19T16:59:52.628+08:00	[34;1m info [0;22m	[HTTP] [42;97;1m 200 [0;0;22m - [46;97;1m POST [0;0;22m /api2/problems - [::1]:50805 - PostmanRuntime/7.42.0	caller=handler/loghandler.go:147	trace=a39c1b7188d99163872dbcaeac04256f	span=4acfd7f43df53452	duration=309.7ms
2024-10-19T17:00:18.206+08:00	[34;1m info [0;22m	[HTTP] [42;97;1m 200 [0;0;22m - [46;97;1m POST [0;0;22m /api2/problems - [::1]:50869 - PostmanRuntime/7.42.0	caller=handler/loghandler.go:147	trace=efcc002ef4cfef9569f403dff8b0877b	span=3481734f4dd32f68	duration=518.4ms
2024-10-20T11:05:27.720+08:00	[34;1m info [0;22m	[HTTP] [42;97;1m 200 [0;0;22m - [44;97;1m GET [0;0;22m /api2/problems - [::1]:49774 - PostmanRuntime/7.42.0	duration=25.2ms	caller=handler/loghandler.go:147	trace=128a455040b76c0c82be0018f2c07b9d	span=5858c1c0c34ec7d3
2024-10-20T11:06:36.971+08:00	[34;1m info [0;22m	[HTTP] [45;97;1m 404 [0;0;22m - [44;97;1m GET [0;0;22m /api2/testcases/1 - [::1]:49806 - PostmanRuntime/7.42.0	trace=02bb0bc9af6c434ac95832fe8e5b8e56	span=6eda6e8fa2d9f769	duration=0.0ms	caller=handler/loghandler.go:147
2024-10-20T11:07:08.067+08:00	[34;1m info [0;22m	[HTTP] [45;97;1m 404 [0;0;22m - [44;97;1m GET [0;0;22m /api2/testcases - [::1]:49815 - PostmanRuntime/7.42.0	duration=0.0ms	caller=handler/loghandler.go:147	trace=929163f51f9a2b74f0fd1bbb1d06607a	span=e97b35823fdf63c5
2024-10-20T11:07:16.395+08:00	[34;1m info [0;22m	[HTTP] [42;97;1m 200 [0;0;22m - [44;97;1m GET [0;0;22m /api2/test_cases - [::1]:49820 - PostmanRuntime/7.42.0	duration=14.7ms	caller=handler/loghandler.go:147	trace=1e0937834daf5a1171a4031e9a2db3e3	span=874207f02633be18
2024-10-20T11:20:42.443+08:00	[34;1m info [0;22m	[HTTP] [42;97;1m 200 [0;0;22m - [44;97;1m GET [0;0;22m /api2/test_cases - [::1]:60985 - PostmanRuntime/7.42.0	duration=5.4ms	caller=handler/loghandler.go:147	trace=efe21bd93cf0c4bb54f377393dbde020	span=09b322a59186d4f9
2024-10-20T11:40:05.947+08:00	[34;1m info [0;22m	[HTTP] [42;97;1m 200 [0;0;22m - [44;97;1m GET [0;0;22m /api2/test_cases - [::1]:62595 - PostmanRuntime/7.42.0	duration=0.0ms	caller=handler/loghandler.go:147	trace=ef29fa81159cdc95e3fbddadbae78377	span=8b2bc19dc2e046ec
2024-10-20T11:40:21.690+08:00	[34;1m info [0;22m	[HTTP] [42;97;1m 200 [0;0;22m - [44;97;1m GET [0;0;22m /api2/test_cases - [::1]:62641 - PostmanRuntime/7.42.0	duration=8.7ms	caller=handler/loghandler.go:147	trace=7d4650ef3c77a996e4a44e0f4acee953	span=3002cabbe6fb58f3
2024-10-20T11:40:50.952+08:00	[34;1m info [0;22m	[HTTP] [42;97;1m 200 [0;0;22m - [44;97;1m GET [0;0;22m /api2/test_cases - [::1]:62697 - PostmanRuntime/7.42.0	duration=1.6ms	caller=handler/loghandler.go:147	trace=6909b6cb799a5d21a8bcff22d1448332	span=0da9afabef1278c7
2024-10-20T11:49:44.255+08:00	[34;1m info [0;22m	[HTTP] [42;97;1m 200 [0;0;22m - [44;97;1m GET [0;0;22m /api2/test_cases - [::1]:52641 - PostmanRuntime/7.42.0	duration=17.7ms	caller=handler/loghandler.go:147	trace=75451ea275ffdee2b770f83582b95771	span=aa71e1ef38059bac
2024-10-20T11:51:20.826+08:00	[34;1m info [0;22m	[HTTP] [42;97;1m 200 [0;0;22m - [44;97;1m GET [0;0;22m /api2/problems - [::1]:65339 - PostmanRuntime/7.42.0	span=2b65391bf8398d03	duration=8.6ms	caller=handler/loghandler.go:147	trace=9bcf8748537c4096f0be9d41aa8719e5
2024-10-20T11:53:48.266+08:00	[34;1m info [0;22m	[HTTP] [42;97;1m 200 [0;0;22m - [46;97;1m POST [0;0;22m /api2/problems - [::1]:65477 - PostmanRuntime/7.42.0	duration=2009.9ms	caller=handler/loghandler.go:147	trace=4aa771b1ddb5512a5115bd725f6e21d7	span=489acb37b1e6efa6
2024-10-20T11:54:12.124+08:00	[34;1m info [0;22m	[HTTP] [42;97;1m 200 [0;0;22m - [46;97;1m POST [0;0;22m /api2/problems - [::1]:49165 - PostmanRuntime/7.42.0	duration=2213.4ms	caller=handler/loghandler.go:147	trace=40c6e8034c44dfa4e2a4b33c46bb946e	span=190a67545ef7e7c1
2024-10-20T11:54:19.678+08:00	[34;1m info [0;22m	[HTTP] [42;97;1m 200 [0;0;22m - [46;97;1m POST [0;0;22m /api2/problems - [::1]:49217 - PostmanRuntime/7.42.0	duration=8.5ms	caller=handler/loghandler.go:147	trace=9611a4752f741d72d51104552253e801	span=2f2ed8fc11b25931
2024-10-20T12:06:04.990+08:00	[34;1m info [0;22m	[HTTP] [42;97;1m 200 [0;0;22m - [46;97;1m POST [0;0;22m /api2/problems - [::1]:56781 - PostmanRuntime/7.42.0	duration=2021.0ms	caller=handler/loghandler.go:147	trace=88687f89172aa2c6946bc73a5f47ecb9	span=192901c1da9eaf4e
2024-10-20T12:06:22.174+08:00	[34;1m info [0;22m	[HTTP] [42;97;1m 200 [0;0;22m - [46;97;1m POST [0;0;22m /api2/problems - [::1]:56866 - PostmanRuntime/7.42.0	trace=29a0ddcb75def93fe86aecb0af11d874	span=b5e7d77efb37d13c	duration=352.1ms	caller=handler/loghandler.go:147
2024-10-20T12:06:34.450+08:00	[34;1m info [0;22m	[HTTP] [42;97;1m 200 [0;0;22m - [44;97;1m GET [0;0;22m /api2/problems - [::1]:56890 - PostmanRuntime/7.42.0	span=c5b593bd79e10eec	duration=1.7ms	caller=handler/loghandler.go:147	trace=a26ce4b853944131b3f69dd5671f4c33
